2025-02-24 17:25:00 [main] INFO  Utils - [TestNG] Running:
  /Users/niko/Library/Caches/JetBrains/IdeaIC2023.3/temp-testng-customsuite.xml

2025-02-24 17:25:02 [main] ERROR Logger - Test failed: "VerifyHomePageJoinButtonIsPresented"
2025-02-24 17:25:02 [main] ERROR Logger - Result of the failed test can be found below!
java.lang.AssertionError: expected [false] but found [true]
	at org.testng.Assert.fail(Assert.java:111) ~[testng-7.10.2.jar:7.10.2]
	at org.testng.Assert.failNotEquals(Assert.java:1578) ~[testng-7.10.2.jar:7.10.2]
	at org.testng.Assert.assertFalse(Assert.java:79) ~[testng-7.10.2.jar:7.10.2]
	at org.testng.Assert.assertFalse(Assert.java:89) ~[testng-7.10.2.jar:7.10.2]
	at Pages.HomePage.HomePageAssertions.assertIfJoinNowButtonIsAvailable(HomePageAssertions.java:23) ~[classes/:?]
	at HomePageTests.VerifyHomePageJoinButtonIsPresented(HomePageTests.java:18) ~[test-classes/:?]
	at jdk.internal.reflect.DirectMethodHandleAccessor.invoke(DirectMethodHandleAccessor.java:103) ~[?:?]
	at java.lang.reflect.Method.invoke(Method.java:580) ~[?:?]
	at org.testng.internal.invokers.MethodInvocationHelper.invokeMethod(MethodInvocationHelper.java:141) ~[testng-7.10.2.jar:7.10.2]
	at org.testng.internal.invokers.TestInvoker.invokeMethod(TestInvoker.java:686) ~[testng-7.10.2.jar:7.10.2]
	at org.testng.internal.invokers.TestInvoker.invokeTestMethod(TestInvoker.java:230) ~[testng-7.10.2.jar:7.10.2]
	at org.testng.internal.invokers.MethodRunner.runInSequence(MethodRunner.java:63) ~[testng-7.10.2.jar:7.10.2]
	at org.testng.internal.invokers.TestInvoker$MethodInvocationAgent.invoke(TestInvoker.java:992) ~[testng-7.10.2.jar:7.10.2]
	at org.testng.internal.invokers.TestInvoker.invokeTestMethods(TestInvoker.java:203) ~[testng-7.10.2.jar:7.10.2]
	at org.testng.internal.invokers.TestMethodWorker.invokeTestMethods(TestMethodWorker.java:154) ~[testng-7.10.2.jar:7.10.2]
	at org.testng.internal.invokers.TestMethodWorker.run(TestMethodWorker.java:134) ~[testng-7.10.2.jar:7.10.2]
	at java.util.ArrayList.forEach(ArrayList.java:1596) [?:?]
	at org.testng.TestRunner.privateRun(TestRunner.java:739) [testng-7.10.2.jar:7.10.2]
	at org.testng.TestRunner.run(TestRunner.java:614) [testng-7.10.2.jar:7.10.2]
	at org.testng.SuiteRunner.runTest(SuiteRunner.java:421) [testng-7.10.2.jar:7.10.2]
	at org.testng.SuiteRunner.runSequentially(SuiteRunner.java:413) [testng-7.10.2.jar:7.10.2]
	at org.testng.SuiteRunner.privateRun(SuiteRunner.java:373) [testng-7.10.2.jar:7.10.2]
	at org.testng.SuiteRunner.run(SuiteRunner.java:312) [testng-7.10.2.jar:7.10.2]
	at org.testng.SuiteRunnerWorker.runSuite(SuiteRunnerWorker.java:52) [testng-7.10.2.jar:7.10.2]
	at org.testng.SuiteRunnerWorker.run(SuiteRunnerWorker.java:95) [testng-7.10.2.jar:7.10.2]
	at org.testng.TestNG.runSuitesSequentially(TestNG.java:1274) [testng-7.10.2.jar:7.10.2]
	at org.testng.TestNG.runSuitesLocally(TestNG.java:1208) [testng-7.10.2.jar:7.10.2]
	at org.testng.TestNG.runSuites(TestNG.java:1112) [testng-7.10.2.jar:7.10.2]
	at org.testng.TestNG.run(TestNG.java:1079) [testng-7.10.2.jar:7.10.2]
	at com.intellij.rt.testng.IDEARemoteTestNG.run(IDEARemoteTestNG.java:65) [testng-rt.jar:?]
	at com.intellij.rt.testng.RemoteTestNGStarter.main(RemoteTestNGStarter.java:105) [testng-rt.jar:?]
2025-02-24 17:25:02 [main] INFO  Logger - Deleted old screenshot: screenshots/VerifyHomePageJoinButtonIsPresented.png
2025-02-24 17:25:02 [main] ERROR Logger - Test Failed: VerifyHomePageJoinButtonIsPresented - Screenshot saved at screenshots/VerifyHomePageJoinButtonIsPresented.png
2025-02-24 17:25:02 [main] ERROR Logger - Logs saved at logs/VerifyHomePageJoinButtonIsPresented.log
2025-02-24 17:29:07 [main] INFO  Utils - [TestNG] Running:
  /Users/niko/Library/Caches/JetBrains/IdeaIC2023.3/temp-testng-customsuite.xml

2025-02-24 17:29:10 [main] ERROR Logger - Test failed: "VerifyHomePageJoinButtonIsPresented"
2025-02-24 17:29:10 [main] ERROR Logger - Result of the failed test can be found below!
java.lang.AssertionError: expected [false] but found [true]
	at org.testng.Assert.fail(Assert.java:111) ~[testng-7.10.2.jar:7.10.2]
	at org.testng.Assert.failNotEquals(Assert.java:1578) ~[testng-7.10.2.jar:7.10.2]
	at org.testng.Assert.assertFalse(Assert.java:79) ~[testng-7.10.2.jar:7.10.2]
	at org.testng.Assert.assertFalse(Assert.java:89) ~[testng-7.10.2.jar:7.10.2]
	at Pages.HomePage.HomePageAssertions.assertIfJoinNowButtonIsAvailable(HomePageAssertions.java:23) ~[classes/:?]
	at HomePageTests.VerifyHomePageJoinButtonIsPresented(HomePageTests.java:18) ~[test-classes/:?]
	at jdk.internal.reflect.DirectMethodHandleAccessor.invoke(DirectMethodHandleAccessor.java:103) ~[?:?]
	at java.lang.reflect.Method.invoke(Method.java:580) ~[?:?]
	at org.testng.internal.invokers.MethodInvocationHelper.invokeMethod(MethodInvocationHelper.java:141) ~[testng-7.10.2.jar:7.10.2]
	at org.testng.internal.invokers.TestInvoker.invokeMethod(TestInvoker.java:686) ~[testng-7.10.2.jar:7.10.2]
	at org.testng.internal.invokers.TestInvoker.invokeTestMethod(TestInvoker.java:230) ~[testng-7.10.2.jar:7.10.2]
	at org.testng.internal.invokers.MethodRunner.runInSequence(MethodRunner.java:63) ~[testng-7.10.2.jar:7.10.2]
	at org.testng.internal.invokers.TestInvoker$MethodInvocationAgent.invoke(TestInvoker.java:992) ~[testng-7.10.2.jar:7.10.2]
	at org.testng.internal.invokers.TestInvoker.invokeTestMethods(TestInvoker.java:203) ~[testng-7.10.2.jar:7.10.2]
	at org.testng.internal.invokers.TestMethodWorker.invokeTestMethods(TestMethodWorker.java:154) ~[testng-7.10.2.jar:7.10.2]
	at org.testng.internal.invokers.TestMethodWorker.run(TestMethodWorker.java:134) ~[testng-7.10.2.jar:7.10.2]
	at java.util.ArrayList.forEach(ArrayList.java:1596) [?:?]
	at org.testng.TestRunner.privateRun(TestRunner.java:739) [testng-7.10.2.jar:7.10.2]
	at org.testng.TestRunner.run(TestRunner.java:614) [testng-7.10.2.jar:7.10.2]
	at org.testng.SuiteRunner.runTest(SuiteRunner.java:421) [testng-7.10.2.jar:7.10.2]
	at org.testng.SuiteRunner.runSequentially(SuiteRunner.java:413) [testng-7.10.2.jar:7.10.2]
	at org.testng.SuiteRunner.privateRun(SuiteRunner.java:373) [testng-7.10.2.jar:7.10.2]
	at org.testng.SuiteRunner.run(SuiteRunner.java:312) [testng-7.10.2.jar:7.10.2]
	at org.testng.SuiteRunnerWorker.runSuite(SuiteRunnerWorker.java:52) [testng-7.10.2.jar:7.10.2]
	at org.testng.SuiteRunnerWorker.run(SuiteRunnerWorker.java:95) [testng-7.10.2.jar:7.10.2]
	at org.testng.TestNG.runSuitesSequentially(TestNG.java:1274) [testng-7.10.2.jar:7.10.2]
	at org.testng.TestNG.runSuitesLocally(TestNG.java:1208) [testng-7.10.2.jar:7.10.2]
	at org.testng.TestNG.runSuites(TestNG.java:1112) [testng-7.10.2.jar:7.10.2]
	at org.testng.TestNG.run(TestNG.java:1079) [testng-7.10.2.jar:7.10.2]
	at com.intellij.rt.testng.IDEARemoteTestNG.run(IDEARemoteTestNG.java:65) [testng-rt.jar:?]
	at com.intellij.rt.testng.RemoteTestNGStarter.main(RemoteTestNGStarter.java:105) [testng-rt.jar:?]
2025-02-24 17:29:10 [main] ERROR Logger - New screenshot saved at VerifyHomePageJoinButtonIsPresented
2025-02-24 17:29:10 [main] INFO  Logger - Deleted old log file: logs/VerifyHomePageJoinButtonIsPresented.log
2025-02-24 17:29:10 [main] ERROR Logger - Logs saved at logs/VerifyHomePageJoinButtonIsPresented.log
2025-02-24 17:33:12 [main] INFO  Utils - [TestNG] Running:
  /Users/niko/Library/Caches/JetBrains/IdeaIC2023.3/temp-testng-customsuite.xml

2025-02-24 17:33:15 [main] ERROR Logger - Test failed: "VerifyHomePageJoinButtonIsPresented"
2025-02-24 17:33:15 [main] ERROR Logger - Result of the failed test can be found below!
java.lang.AssertionError: expected [false] but found [true]
	at org.testng.Assert.fail(Assert.java:111) ~[testng-7.10.2.jar:7.10.2]
	at org.testng.Assert.failNotEquals(Assert.java:1578) ~[testng-7.10.2.jar:7.10.2]
	at org.testng.Assert.assertFalse(Assert.java:79) ~[testng-7.10.2.jar:7.10.2]
	at org.testng.Assert.assertFalse(Assert.java:89) ~[testng-7.10.2.jar:7.10.2]
	at Pages.HomePage.HomePageAssertions.assertIfJoinNowButtonIsAvailable(HomePageAssertions.java:23) ~[classes/:?]
	at HomePageTests.VerifyHomePageJoinButtonIsPresented(HomePageTests.java:18) ~[test-classes/:?]
	at jdk.internal.reflect.DirectMethodHandleAccessor.invoke(DirectMethodHandleAccessor.java:103) ~[?:?]
	at java.lang.reflect.Method.invoke(Method.java:580) ~[?:?]
	at org.testng.internal.invokers.MethodInvocationHelper.invokeMethod(MethodInvocationHelper.java:141) ~[testng-7.10.2.jar:7.10.2]
	at org.testng.internal.invokers.TestInvoker.invokeMethod(TestInvoker.java:686) ~[testng-7.10.2.jar:7.10.2]
	at org.testng.internal.invokers.TestInvoker.invokeTestMethod(TestInvoker.java:230) ~[testng-7.10.2.jar:7.10.2]
	at org.testng.internal.invokers.MethodRunner.runInSequence(MethodRunner.java:63) ~[testng-7.10.2.jar:7.10.2]
	at org.testng.internal.invokers.TestInvoker$MethodInvocationAgent.invoke(TestInvoker.java:992) ~[testng-7.10.2.jar:7.10.2]
	at org.testng.internal.invokers.TestInvoker.invokeTestMethods(TestInvoker.java:203) ~[testng-7.10.2.jar:7.10.2]
	at org.testng.internal.invokers.TestMethodWorker.invokeTestMethods(TestMethodWorker.java:154) ~[testng-7.10.2.jar:7.10.2]
	at org.testng.internal.invokers.TestMethodWorker.run(TestMethodWorker.java:134) ~[testng-7.10.2.jar:7.10.2]
	at java.util.ArrayList.forEach(ArrayList.java:1596) [?:?]
	at org.testng.TestRunner.privateRun(TestRunner.java:739) [testng-7.10.2.jar:7.10.2]
	at org.testng.TestRunner.run(TestRunner.java:614) [testng-7.10.2.jar:7.10.2]
	at org.testng.SuiteRunner.runTest(SuiteRunner.java:421) [testng-7.10.2.jar:7.10.2]
	at org.testng.SuiteRunner.runSequentially(SuiteRunner.java:413) [testng-7.10.2.jar:7.10.2]
	at org.testng.SuiteRunner.privateRun(SuiteRunner.java:373) [testng-7.10.2.jar:7.10.2]
	at org.testng.SuiteRunner.run(SuiteRunner.java:312) [testng-7.10.2.jar:7.10.2]
	at org.testng.SuiteRunnerWorker.runSuite(SuiteRunnerWorker.java:52) [testng-7.10.2.jar:7.10.2]
	at org.testng.SuiteRunnerWorker.run(SuiteRunnerWorker.java:95) [testng-7.10.2.jar:7.10.2]
	at org.testng.TestNG.runSuitesSequentially(TestNG.java:1274) [testng-7.10.2.jar:7.10.2]
	at org.testng.TestNG.runSuitesLocally(TestNG.java:1208) [testng-7.10.2.jar:7.10.2]
	at org.testng.TestNG.runSuites(TestNG.java:1112) [testng-7.10.2.jar:7.10.2]
	at org.testng.TestNG.run(TestNG.java:1079) [testng-7.10.2.jar:7.10.2]
	at com.intellij.rt.testng.IDEARemoteTestNG.run(IDEARemoteTestNG.java:65) [testng-rt.jar:?]
	at com.intellij.rt.testng.RemoteTestNGStarter.main(RemoteTestNGStarter.java:105) [testng-rt.jar:?]
2025-02-24 17:33:15 [main] INFO  Logger - Deleted old screenshot for the failed test: screenshots/VerifyHomePageJoinButtonIsPresented.png
2025-02-24 17:33:15 [main] ERROR Logger - New screenshot saved at VerifyHomePageJoinButtonIsPresented
2025-02-24 17:33:15 [main] INFO  Logger - Deleted old log file: logs/VerifyHomePageJoinButtonIsPresented.log
2025-02-24 17:33:15 [main] ERROR Logger - Logs saved at logs/VerifyHomePageJoinButtonIsPresented.log
2025-02-25 19:44:48 [main] INFO  Logger - Test "VerifyHomePageJoinButtonIsPresented" failed! Retrying the test! Attempt 1 !
2025-02-25 19:44:48 [main] INFO  Logger - Test "VerifyHomePageJoinButtonIsPresented" failed! Retrying the test! Attempt 2 !
2025-02-25 19:44:49 [main] ERROR Logger - Test failed: "VerifyHomePageJoinButtonIsPresented"
2025-02-25 19:44:49 [main] ERROR Logger - Result of the failed test can be found below!
java.lang.AssertionError: expected [false] but found [true]
	at org.testng.Assert.fail(Assert.java:111) ~[testng-7.10.2.jar:7.10.2]
	at org.testng.Assert.failNotEquals(Assert.java:1578) ~[testng-7.10.2.jar:7.10.2]
	at org.testng.Assert.assertFalse(Assert.java:79) ~[testng-7.10.2.jar:7.10.2]
	at org.testng.Assert.assertFalse(Assert.java:89) ~[testng-7.10.2.jar:7.10.2]
	at Pages.HomePage.HomePageAssertions.assertIfJoinNowButtonIsAvailable(HomePageAssertions.java:23) ~[classes/:?]
	at HomePageTests.VerifyHomePageJoinButtonIsPresented(HomePageTests.java:18) ~[test-classes/:?]
	at jdk.internal.reflect.DirectMethodHandleAccessor.invoke(DirectMethodHandleAccessor.java:103) ~[?:?]
	at java.lang.reflect.Method.invoke(Method.java:580) ~[?:?]
	at org.testng.internal.invokers.MethodInvocationHelper.invokeMethod(MethodInvocationHelper.java:141) ~[testng-7.10.2.jar:7.10.2]
	at org.testng.internal.invokers.TestInvoker.invokeMethod(TestInvoker.java:686) ~[testng-7.10.2.jar:7.10.2]
	at org.testng.internal.invokers.TestInvoker.retryFailed(TestInvoker.java:269) ~[testng-7.10.2.jar:7.10.2]
	at org.testng.internal.invokers.MethodRunner.runInSequence(MethodRunner.java:76) ~[testng-7.10.2.jar:7.10.2]
	at org.testng.internal.invokers.TestInvoker$MethodInvocationAgent.invoke(TestInvoker.java:992) ~[testng-7.10.2.jar:7.10.2]
	at org.testng.internal.invokers.TestInvoker.invokeTestMethods(TestInvoker.java:203) ~[testng-7.10.2.jar:7.10.2]
	at org.testng.internal.invokers.TestMethodWorker.invokeTestMethods(TestMethodWorker.java:154) ~[testng-7.10.2.jar:7.10.2]
	at org.testng.internal.invokers.TestMethodWorker.run(TestMethodWorker.java:134) ~[testng-7.10.2.jar:7.10.2]
	at java.util.ArrayList.forEach(ArrayList.java:1597) [?:?]
	at org.testng.TestRunner.privateRun(TestRunner.java:739) [testng-7.10.2.jar:7.10.2]
	at org.testng.TestRunner.run(TestRunner.java:614) [testng-7.10.2.jar:7.10.2]
	at org.testng.SuiteRunner.runTest(SuiteRunner.java:421) [testng-7.10.2.jar:7.10.2]
	at org.testng.SuiteRunner.runSequentially(SuiteRunner.java:413) [testng-7.10.2.jar:7.10.2]
	at org.testng.SuiteRunner.privateRun(SuiteRunner.java:373) [testng-7.10.2.jar:7.10.2]
	at org.testng.SuiteRunner.run(SuiteRunner.java:312) [testng-7.10.2.jar:7.10.2]
	at org.testng.SuiteRunnerWorker.runSuite(SuiteRunnerWorker.java:52) [testng-7.10.2.jar:7.10.2]
	at org.testng.SuiteRunnerWorker.run(SuiteRunnerWorker.java:95) [testng-7.10.2.jar:7.10.2]
	at org.testng.TestNG.runSuitesSequentially(TestNG.java:1274) [testng-7.10.2.jar:7.10.2]
	at org.testng.TestNG.runSuitesLocally(TestNG.java:1208) [testng-7.10.2.jar:7.10.2]
	at org.testng.TestNG.runSuites(TestNG.java:1112) [testng-7.10.2.jar:7.10.2]
	at org.testng.TestNG.run(TestNG.java:1079) [testng-7.10.2.jar:7.10.2]
	at org.apache.maven.surefire.testng.TestNGExecutor.run(TestNGExecutor.java:308) [surefire-testng-3.0.0.jar:3.0.0]
	at org.apache.maven.surefire.testng.TestNGXmlTestSuite.execute(TestNGXmlTestSuite.java:71) [surefire-testng-3.0.0.jar:3.0.0]
	at org.apache.maven.surefire.testng.TestNGProvider.invoke(TestNGProvider.java:113) [surefire-testng-3.0.0.jar:3.0.0]
	at org.apache.maven.surefire.booter.ForkedBooter.runSuitesInProcess(ForkedBooter.java:385) [surefire-booter-3.0.0.jar:3.0.0]
	at org.apache.maven.surefire.booter.ForkedBooter.execute(ForkedBooter.java:162) [surefire-booter-3.0.0.jar:3.0.0]
	at org.apache.maven.surefire.booter.ForkedBooter.run(ForkedBooter.java:507) [surefire-booter-3.0.0.jar:3.0.0]
	at org.apache.maven.surefire.booter.ForkedBooter.main(ForkedBooter.java:495) [surefire-booter-3.0.0.jar:3.0.0]
2025-02-25 19:44:49 [main] INFO  Logger - Deleted old screenshot for the failed test: screenshots/VerifyHomePageJoinButtonIsPresented.png
2025-02-25 19:44:49 [main] ERROR Logger - New screenshot saved at VerifyHomePageJoinButtonIsPresented
2025-02-25 19:44:49 [main] INFO  Logger - Deleted old log file: logs/VerifyHomePageJoinButtonIsPresented.log
2025-02-25 19:44:49 [main] ERROR Logger - Logs saved at logs/VerifyHomePageJoinButtonIsPresented.log
2025-02-25 19:45:54 [main] INFO  Logger - Test "VerifyHomePageJoinButtonIsPresented" failed! Retrying the test! Attempt 1 !
2025-02-25 19:45:54 [main] INFO  Logger - Test "VerifyHomePageJoinButtonIsPresented" failed! Retrying the test! Attempt 2 !
2025-02-25 19:45:55 [main] ERROR Logger - Test failed: "VerifyHomePageJoinButtonIsPresented"
2025-02-25 19:45:55 [main] ERROR Logger - Result of the failed test can be found below!
java.lang.AssertionError: expected [false] but found [true]
	at org.testng.Assert.fail(Assert.java:111) ~[testng-7.10.2.jar:7.10.2]
	at org.testng.Assert.failNotEquals(Assert.java:1578) ~[testng-7.10.2.jar:7.10.2]
	at org.testng.Assert.assertFalse(Assert.java:79) ~[testng-7.10.2.jar:7.10.2]
	at org.testng.Assert.assertFalse(Assert.java:89) ~[testng-7.10.2.jar:7.10.2]
	at Pages.HomePage.HomePageAssertions.assertIfJoinNowButtonIsAvailable(HomePageAssertions.java:23) ~[classes/:?]
	at HomePageTests.VerifyHomePageJoinButtonIsPresented(HomePageTests.java:18) ~[test-classes/:?]
	at jdk.internal.reflect.DirectMethodHandleAccessor.invoke(DirectMethodHandleAccessor.java:103) ~[?:?]
	at java.lang.reflect.Method.invoke(Method.java:580) ~[?:?]
	at org.testng.internal.invokers.MethodInvocationHelper.invokeMethod(MethodInvocationHelper.java:141) ~[testng-7.10.2.jar:7.10.2]
	at org.testng.internal.invokers.TestInvoker.invokeMethod(TestInvoker.java:686) ~[testng-7.10.2.jar:7.10.2]
	at org.testng.internal.invokers.TestInvoker.retryFailed(TestInvoker.java:269) ~[testng-7.10.2.jar:7.10.2]
	at org.testng.internal.invokers.MethodRunner.runInSequence(MethodRunner.java:76) ~[testng-7.10.2.jar:7.10.2]
	at org.testng.internal.invokers.TestInvoker$MethodInvocationAgent.invoke(TestInvoker.java:992) ~[testng-7.10.2.jar:7.10.2]
	at org.testng.internal.invokers.TestInvoker.invokeTestMethods(TestInvoker.java:203) ~[testng-7.10.2.jar:7.10.2]
	at org.testng.internal.invokers.TestMethodWorker.invokeTestMethods(TestMethodWorker.java:154) ~[testng-7.10.2.jar:7.10.2]
	at org.testng.internal.invokers.TestMethodWorker.run(TestMethodWorker.java:134) ~[testng-7.10.2.jar:7.10.2]
	at java.util.ArrayList.forEach(ArrayList.java:1597) [?:?]
	at org.testng.TestRunner.privateRun(TestRunner.java:739) [testng-7.10.2.jar:7.10.2]
	at org.testng.TestRunner.run(TestRunner.java:614) [testng-7.10.2.jar:7.10.2]
	at org.testng.SuiteRunner.runTest(SuiteRunner.java:421) [testng-7.10.2.jar:7.10.2]
	at org.testng.SuiteRunner.runSequentially(SuiteRunner.java:413) [testng-7.10.2.jar:7.10.2]
	at org.testng.SuiteRunner.privateRun(SuiteRunner.java:373) [testng-7.10.2.jar:7.10.2]
	at org.testng.SuiteRunner.run(SuiteRunner.java:312) [testng-7.10.2.jar:7.10.2]
	at org.testng.SuiteRunnerWorker.runSuite(SuiteRunnerWorker.java:52) [testng-7.10.2.jar:7.10.2]
	at org.testng.SuiteRunnerWorker.run(SuiteRunnerWorker.java:95) [testng-7.10.2.jar:7.10.2]
	at org.testng.TestNG.runSuitesSequentially(TestNG.java:1274) [testng-7.10.2.jar:7.10.2]
	at org.testng.TestNG.runSuitesLocally(TestNG.java:1208) [testng-7.10.2.jar:7.10.2]
	at org.testng.TestNG.runSuites(TestNG.java:1112) [testng-7.10.2.jar:7.10.2]
	at org.testng.TestNG.run(TestNG.java:1079) [testng-7.10.2.jar:7.10.2]
	at org.apache.maven.surefire.testng.TestNGExecutor.run(TestNGExecutor.java:308) [surefire-testng-3.0.0.jar:3.0.0]
	at org.apache.maven.surefire.testng.TestNGXmlTestSuite.execute(TestNGXmlTestSuite.java:71) [surefire-testng-3.0.0.jar:3.0.0]
	at org.apache.maven.surefire.testng.TestNGProvider.invoke(TestNGProvider.java:113) [surefire-testng-3.0.0.jar:3.0.0]
	at org.apache.maven.surefire.booter.ForkedBooter.runSuitesInProcess(ForkedBooter.java:385) [surefire-booter-3.0.0.jar:3.0.0]
	at org.apache.maven.surefire.booter.ForkedBooter.execute(ForkedBooter.java:162) [surefire-booter-3.0.0.jar:3.0.0]
	at org.apache.maven.surefire.booter.ForkedBooter.run(ForkedBooter.java:507) [surefire-booter-3.0.0.jar:3.0.0]
	at org.apache.maven.surefire.booter.ForkedBooter.main(ForkedBooter.java:495) [surefire-booter-3.0.0.jar:3.0.0]
2025-02-25 19:45:55 [main] INFO  Logger - Deleted old screenshot for the failed test: screenshots/VerifyHomePageJoinButtonIsPresented.png
2025-02-25 19:45:55 [main] ERROR Logger - New screenshot saved at VerifyHomePageJoinButtonIsPresented screenshots/VerifyHomePageJoinButtonIsPresented.png
2025-02-25 19:45:55 [main] INFO  Logger - Deleted old log file: logs/VerifyHomePageJoinButtonIsPresented.log
2025-02-25 19:45:55 [main] ERROR Logger - Logs saved at logs/VerifyHomePageJoinButtonIsPresented.log
2025-03-02 12:05:49 [main] INFO  Utils - [TestNG] Running:
  /Users/niko/Library/Caches/JetBrains/IdeaIC2023.3/temp-testng-customsuite.xml

2025-03-02 12:15:57 [main] INFO  Utils - [TestNG] Running:
  /Users/niko/Library/Caches/JetBrains/IdeaIC2023.3/temp-testng-customsuite.xml

2025-03-02 12:15:57 [main] INFO  WebDriverManager - Using chromedriver 134.0.6998.35 (resolved driver for Chrome 134)
2025-03-02 12:15:57 [main] INFO  Downloader - Downloading https://edgedl.me.gvt1.com/edgedl/chrome/chrome-for-testing/134.0.6998.35/mac-arm64/chromedriver-mac-arm64.zip
2025-03-02 12:15:58 [main] INFO  Downloader - Extracting driver from compressed file chromedriver-mac-arm64.zip
2025-03-02 12:15:59 [main] INFO  WebDriverManager - Exporting webdriver.chrome.driver as /Users/niko/.cache/selenium/chromedriver/mac-arm64/134.0.6998.35/chromedriver
2025-03-02 12:17:04 [main] INFO  Utils - [TestNG] Running:
  /Users/niko/Library/Caches/JetBrains/IdeaIC2023.3/temp-testng-customsuite.xml

2025-03-02 12:23:56 [main] INFO  Utils - [TestNG] Running:
  /Users/niko/Library/Caches/JetBrains/IdeaIC2023.3/temp-testng-customsuite.xml

2025-03-02 12:26:06 [main] INFO  Utils - [TestNG] Running:
  /Users/niko/Library/Caches/JetBrains/IdeaIC2023.3/temp-testng-customsuite.xml

2025-03-02 12:32:48 [main] INFO  Utils - [TestNG] Running:
  /Users/niko/Library/Caches/JetBrains/IdeaIC2023.3/temp-testng-customsuite.xml

2025-03-02 12:33:16 [main] INFO  Utils - [TestNG] Running:
  /Users/niko/Library/Caches/JetBrains/IdeaIC2023.3/temp-testng-customsuite.xml

2025-03-02 12:35:56 [main] INFO  Utils - [TestNG] Running:
  /Users/niko/Library/Caches/JetBrains/IdeaIC2023.3/temp-testng-customsuite.xml

2025-03-02 12:36:32 [main] INFO  Utils - [TestNG] Running:
  /Users/niko/Library/Caches/JetBrains/IdeaIC2023.3/temp-testng-customsuite.xml

2025-03-02 12:36:39 [main] INFO  Utils - [TestNG] Running:
  /Users/niko/Library/Caches/JetBrains/IdeaIC2023.3/temp-testng-customsuite.xml

2025-03-02 12:37:32 [main] INFO  Utils - [TestNG] Running:
  /Users/niko/Library/Caches/JetBrains/IdeaIC2023.3/temp-testng-customsuite.xml

2025-03-02 12:40:05 [main] INFO  Utils - [TestNG] Running:
  /Users/niko/Library/Caches/JetBrains/IdeaIC2023.3/temp-testng-customsuite.xml

2025-03-02 12:40:09 [main] INFO  Utils - [TestNG] Running:
  /Users/niko/Library/Caches/JetBrains/IdeaIC2023.3/temp-testng-customsuite.xml

2025-03-02 12:42:02 [main] INFO  Utils - [TestNG] Running:
  /Users/niko/Library/Caches/JetBrains/IdeaIC2023.3/temp-testng-customsuite.xml

2025-03-02 12:46:38 [main] INFO  Utils - [TestNG] Running:
  /Users/niko/Library/Caches/JetBrains/IdeaIC2023.3/temp-testng-customsuite.xml

2025-03-02 12:47:01 [main] INFO  Utils - [TestNG] Running:
  /Users/niko/Library/Caches/JetBrains/IdeaIC2023.3/temp-testng-customsuite.xml

2025-03-02 12:47:04 [main] ERROR Logger - Test failed: "VerifyHomePageJoinButtonIsPresented"
2025-03-02 12:47:04 [main] ERROR Logger - Result of the failed test can be found below!
java.lang.AssertionError: expected [false] but found [true]
	at org.testng.Assert.fail(Assert.java:111) ~[testng-7.10.2.jar:7.10.2]
	at org.testng.Assert.failNotEquals(Assert.java:1578) ~[testng-7.10.2.jar:7.10.2]
	at org.testng.Assert.assertFalse(Assert.java:79) ~[testng-7.10.2.jar:7.10.2]
	at org.testng.Assert.assertFalse(Assert.java:89) ~[testng-7.10.2.jar:7.10.2]
	at Pages.HomePage.HomePageAssertions.assertIfJoinNowButtonIsAvailable(HomePageAssertions.java:23) ~[classes/:?]
	at HomePageTests.VerifyHomePageJoinButtonIsPresented(HomePageTests.java:18) ~[test-classes/:?]
	at jdk.internal.reflect.DirectMethodHandleAccessor.invoke(DirectMethodHandleAccessor.java:103) ~[?:?]
	at java.lang.reflect.Method.invoke(Method.java:580) ~[?:?]
	at org.testng.internal.invokers.MethodInvocationHelper.invokeMethod(MethodInvocationHelper.java:141) ~[testng-7.10.2.jar:7.10.2]
	at org.testng.internal.invokers.TestInvoker.invokeMethod(TestInvoker.java:686) ~[testng-7.10.2.jar:7.10.2]
	at org.testng.internal.invokers.TestInvoker.invokeTestMethod(TestInvoker.java:230) ~[testng-7.10.2.jar:7.10.2]
	at org.testng.internal.invokers.MethodRunner.runInSequence(MethodRunner.java:63) ~[testng-7.10.2.jar:7.10.2]
	at org.testng.internal.invokers.TestInvoker$MethodInvocationAgent.invoke(TestInvoker.java:992) ~[testng-7.10.2.jar:7.10.2]
	at org.testng.internal.invokers.TestInvoker.invokeTestMethods(TestInvoker.java:203) ~[testng-7.10.2.jar:7.10.2]
	at org.testng.internal.invokers.TestMethodWorker.invokeTestMethods(TestMethodWorker.java:154) ~[testng-7.10.2.jar:7.10.2]
	at org.testng.internal.invokers.TestMethodWorker.run(TestMethodWorker.java:134) ~[testng-7.10.2.jar:7.10.2]
	at java.util.ArrayList.forEach(ArrayList.java:1596) [?:?]
	at org.testng.TestRunner.privateRun(TestRunner.java:739) [testng-7.10.2.jar:7.10.2]
	at org.testng.TestRunner.run(TestRunner.java:614) [testng-7.10.2.jar:7.10.2]
	at org.testng.SuiteRunner.runTest(SuiteRunner.java:421) [testng-7.10.2.jar:7.10.2]
	at org.testng.SuiteRunner.runSequentially(SuiteRunner.java:413) [testng-7.10.2.jar:7.10.2]
	at org.testng.SuiteRunner.privateRun(SuiteRunner.java:373) [testng-7.10.2.jar:7.10.2]
	at org.testng.SuiteRunner.run(SuiteRunner.java:312) [testng-7.10.2.jar:7.10.2]
	at org.testng.SuiteRunnerWorker.runSuite(SuiteRunnerWorker.java:52) [testng-7.10.2.jar:7.10.2]
	at org.testng.SuiteRunnerWorker.run(SuiteRunnerWorker.java:95) [testng-7.10.2.jar:7.10.2]
	at org.testng.TestNG.runSuitesSequentially(TestNG.java:1274) [testng-7.10.2.jar:7.10.2]
	at org.testng.TestNG.runSuitesLocally(TestNG.java:1208) [testng-7.10.2.jar:7.10.2]
	at org.testng.TestNG.runSuites(TestNG.java:1112) [testng-7.10.2.jar:7.10.2]
	at org.testng.TestNG.run(TestNG.java:1079) [testng-7.10.2.jar:7.10.2]
	at com.intellij.rt.testng.IDEARemoteTestNG.run(IDEARemoteTestNG.java:65) [testng-rt.jar:?]
	at com.intellij.rt.testng.RemoteTestNGStarter.main(RemoteTestNGStarter.java:105) [testng-rt.jar:?]
2025-03-02 12:47:04 [main] INFO  Logger - Deleted old screenshot for the failed test: screenshots/VerifyHomePageJoinButtonIsPresented.png
2025-03-02 12:47:04 [main] ERROR Logger - New screenshot saved at screenshots/VerifyHomePageJoinButtonIsPresented.png
2025-03-02 12:47:04 [main] INFO  Logger - Deleted old log file: logs/VerifyHomePageJoinButtonIsPresented.log
2025-03-02 12:47:04 [main] ERROR Logger - Logs saved at logs/VerifyHomePageJoinButtonIsPresented.log
2025-03-03 17:17:02 [main] INFO  Utils - [TestNG] Running:
  /Users/niko/Library/Caches/JetBrains/IdeaIC2023.3/temp-testng-customsuite.xml

2025-03-03 17:18:32 [main] INFO  Utils - [TestNG] Running:
  /Users/niko/Library/Caches/JetBrains/IdeaIC2023.3/temp-testng-customsuite.xml

2025-03-03 17:22:19 [main] INFO  Utils - [TestNG] Running:
  /Users/niko/Library/Caches/JetBrains/IdeaIC2023.3/temp-testng-customsuite.xml

2025-03-03 17:22:22 [main] ERROR Logger - Test failed: "VerifyHomePageJoinButtonIsPresented"
2025-03-03 17:22:22 [main] ERROR Logger - Result of the failed test can be found below!
java.lang.AssertionError: expected [false] but found [true]
	at org.testng.Assert.fail(Assert.java:111) ~[testng-7.10.2.jar:7.10.2]
	at org.testng.Assert.failNotEquals(Assert.java:1578) ~[testng-7.10.2.jar:7.10.2]
	at org.testng.Assert.assertFalse(Assert.java:79) ~[testng-7.10.2.jar:7.10.2]
	at org.testng.Assert.assertFalse(Assert.java:89) ~[testng-7.10.2.jar:7.10.2]
	at Pages.HomePage.HomePageAssertions.assertIfJoinNowButtonIsAvailable(HomePageAssertions.java:23) ~[classes/:?]
	at HomePageTests.VerifyHomePageJoinButtonIsPresented(HomePageTests.java:18) ~[test-classes/:?]
	at jdk.internal.reflect.DirectMethodHandleAccessor.invoke(DirectMethodHandleAccessor.java:103) ~[?:?]
	at java.lang.reflect.Method.invoke(Method.java:580) ~[?:?]
	at org.testng.internal.invokers.MethodInvocationHelper.invokeMethod(MethodInvocationHelper.java:141) ~[testng-7.10.2.jar:7.10.2]
	at org.testng.internal.invokers.TestInvoker.invokeMethod(TestInvoker.java:686) ~[testng-7.10.2.jar:7.10.2]
	at org.testng.internal.invokers.TestInvoker.invokeTestMethod(TestInvoker.java:230) ~[testng-7.10.2.jar:7.10.2]
	at org.testng.internal.invokers.MethodRunner.runInSequence(MethodRunner.java:63) ~[testng-7.10.2.jar:7.10.2]
	at org.testng.internal.invokers.TestInvoker$MethodInvocationAgent.invoke(TestInvoker.java:992) ~[testng-7.10.2.jar:7.10.2]
	at org.testng.internal.invokers.TestInvoker.invokeTestMethods(TestInvoker.java:203) ~[testng-7.10.2.jar:7.10.2]
	at org.testng.internal.invokers.TestMethodWorker.invokeTestMethods(TestMethodWorker.java:154) ~[testng-7.10.2.jar:7.10.2]
	at org.testng.internal.invokers.TestMethodWorker.run(TestMethodWorker.java:134) ~[testng-7.10.2.jar:7.10.2]
	at java.util.ArrayList.forEach(ArrayList.java:1596) [?:?]
	at org.testng.TestRunner.privateRun(TestRunner.java:739) [testng-7.10.2.jar:7.10.2]
	at org.testng.TestRunner.run(TestRunner.java:614) [testng-7.10.2.jar:7.10.2]
	at org.testng.SuiteRunner.runTest(SuiteRunner.java:421) [testng-7.10.2.jar:7.10.2]
	at org.testng.SuiteRunner.runSequentially(SuiteRunner.java:413) [testng-7.10.2.jar:7.10.2]
	at org.testng.SuiteRunner.privateRun(SuiteRunner.java:373) [testng-7.10.2.jar:7.10.2]
	at org.testng.SuiteRunner.run(SuiteRunner.java:312) [testng-7.10.2.jar:7.10.2]
	at org.testng.SuiteRunnerWorker.runSuite(SuiteRunnerWorker.java:52) [testng-7.10.2.jar:7.10.2]
	at org.testng.SuiteRunnerWorker.run(SuiteRunnerWorker.java:95) [testng-7.10.2.jar:7.10.2]
	at org.testng.TestNG.runSuitesSequentially(TestNG.java:1274) [testng-7.10.2.jar:7.10.2]
	at org.testng.TestNG.runSuitesLocally(TestNG.java:1208) [testng-7.10.2.jar:7.10.2]
	at org.testng.TestNG.runSuites(TestNG.java:1112) [testng-7.10.2.jar:7.10.2]
	at org.testng.TestNG.run(TestNG.java:1079) [testng-7.10.2.jar:7.10.2]
	at com.intellij.rt.testng.IDEARemoteTestNG.run(IDEARemoteTestNG.java:65) [testng-rt.jar:?]
	at com.intellij.rt.testng.RemoteTestNGStarter.main(RemoteTestNGStarter.java:105) [testng-rt.jar:?]
2025-03-03 17:22:22 [main] INFO  Logger - Deleted old screenshot for the failed test: screenshots/VerifyHomePageJoinButtonIsPresented.png
2025-03-03 17:22:23 [main] ERROR Logger - New screenshot saved at screenshots/VerifyHomePageJoinButtonIsPresented.png
2025-03-03 17:22:23 [main] INFO  Logger - Deleted old log file: logs/VerifyHomePageJoinButtonIsPresented.log
2025-03-03 17:22:23 [main] ERROR Logger - Logs saved at logs/VerifyHomePageJoinButtonIsPresented.log
2025-03-03 17:34:53 [main] INFO  Utils - [TestNG] Running:
  /Users/niko/Library/Caches/JetBrains/IdeaIC2023.3/temp-testng-customsuite.xml

2025-03-03 17:34:56 [main] ERROR Logger - Test failed: "VerifyHomePageJoinButtonIsPresented"
2025-03-03 17:34:56 [main] ERROR Logger - Result of the failed test can be found below!
java.lang.AssertionError: expected [false] but found [true]
	at org.testng.Assert.fail(Assert.java:111) ~[testng-7.10.2.jar:7.10.2]
	at org.testng.Assert.failNotEquals(Assert.java:1578) ~[testng-7.10.2.jar:7.10.2]
	at org.testng.Assert.assertFalse(Assert.java:79) ~[testng-7.10.2.jar:7.10.2]
	at org.testng.Assert.assertFalse(Assert.java:89) ~[testng-7.10.2.jar:7.10.2]
	at Pages.HomePage.HomePageAssertions.assertIfJoinNowButtonIsAvailable(HomePageAssertions.java:23) ~[classes/:?]
	at HomePageTests.VerifyHomePageJoinButtonIsPresented(HomePageTests.java:18) ~[test-classes/:?]
	at jdk.internal.reflect.DirectMethodHandleAccessor.invoke(DirectMethodHandleAccessor.java:103) ~[?:?]
	at java.lang.reflect.Method.invoke(Method.java:580) ~[?:?]
	at org.testng.internal.invokers.MethodInvocationHelper.invokeMethod(MethodInvocationHelper.java:141) ~[testng-7.10.2.jar:7.10.2]
	at org.testng.internal.invokers.TestInvoker.invokeMethod(TestInvoker.java:686) ~[testng-7.10.2.jar:7.10.2]
	at org.testng.internal.invokers.TestInvoker.invokeTestMethod(TestInvoker.java:230) ~[testng-7.10.2.jar:7.10.2]
	at org.testng.internal.invokers.MethodRunner.runInSequence(MethodRunner.java:63) ~[testng-7.10.2.jar:7.10.2]
	at org.testng.internal.invokers.TestInvoker$MethodInvocationAgent.invoke(TestInvoker.java:992) ~[testng-7.10.2.jar:7.10.2]
	at org.testng.internal.invokers.TestInvoker.invokeTestMethods(TestInvoker.java:203) ~[testng-7.10.2.jar:7.10.2]
	at org.testng.internal.invokers.TestMethodWorker.invokeTestMethods(TestMethodWorker.java:154) ~[testng-7.10.2.jar:7.10.2]
	at org.testng.internal.invokers.TestMethodWorker.run(TestMethodWorker.java:134) ~[testng-7.10.2.jar:7.10.2]
	at java.util.ArrayList.forEach(ArrayList.java:1596) [?:?]
	at org.testng.TestRunner.privateRun(TestRunner.java:739) [testng-7.10.2.jar:7.10.2]
	at org.testng.TestRunner.run(TestRunner.java:614) [testng-7.10.2.jar:7.10.2]
	at org.testng.SuiteRunner.runTest(SuiteRunner.java:421) [testng-7.10.2.jar:7.10.2]
	at org.testng.SuiteRunner.runSequentially(SuiteRunner.java:413) [testng-7.10.2.jar:7.10.2]
	at org.testng.SuiteRunner.privateRun(SuiteRunner.java:373) [testng-7.10.2.jar:7.10.2]
	at org.testng.SuiteRunner.run(SuiteRunner.java:312) [testng-7.10.2.jar:7.10.2]
	at org.testng.SuiteRunnerWorker.runSuite(SuiteRunnerWorker.java:52) [testng-7.10.2.jar:7.10.2]
	at org.testng.SuiteRunnerWorker.run(SuiteRunnerWorker.java:95) [testng-7.10.2.jar:7.10.2]
	at org.testng.TestNG.runSuitesSequentially(TestNG.java:1274) [testng-7.10.2.jar:7.10.2]
	at org.testng.TestNG.runSuitesLocally(TestNG.java:1208) [testng-7.10.2.jar:7.10.2]
	at org.testng.TestNG.runSuites(TestNG.java:1112) [testng-7.10.2.jar:7.10.2]
	at org.testng.TestNG.run(TestNG.java:1079) [testng-7.10.2.jar:7.10.2]
	at com.intellij.rt.testng.IDEARemoteTestNG.run(IDEARemoteTestNG.java:65) [testng-rt.jar:?]
	at com.intellij.rt.testng.RemoteTestNGStarter.main(RemoteTestNGStarter.java:105) [testng-rt.jar:?]
2025-03-03 17:34:56 [main] INFO  Logger - Deleted old screenshot for the failed test: screenshots/VerifyHomePageJoinButtonIsPresented.png
2025-03-03 17:34:56 [main] ERROR Logger - New screenshot saved at screenshots/VerifyHomePageJoinButtonIsPresented.png
2025-03-03 17:34:56 [main] INFO  Logger - Deleted old log file: logs/VerifyHomePageJoinButtonIsPresented.log
2025-03-03 17:34:56 [main] ERROR Logger - Logs saved at logs/VerifyHomePageJoinButtonIsPresented.log
2025-03-03 17:34:56 [main] INFO  Logger - Screenshot saved at: screenshots/VerifyHomePageJoinButtonIsPresented.png
2025-03-03 17:35:53 [main] INFO  Utils - [TestNG] Running:
  /Users/niko/Library/Caches/JetBrains/IdeaIC2023.3/temp-testng-customsuite.xml

2025-03-03 17:35:58 [main] INFO  Logger - Screenshot saved at: null
2025-03-03 17:36:00 [main] INFO  Logger - Screenshot saved at: null
2025-03-03 17:36:01 [main] INFO  Logger - Screenshot saved at: null
2025-03-03 17:36:02 [main] INFO  Logger - Screenshot saved at: null
2025-03-03 17:36:03 [main] INFO  Logger - Screenshot saved at: null
2025-03-03 17:36:05 [main] INFO  Logger - Screenshot saved at: null
2025-03-03 17:36:06 [main] INFO  Logger - Screenshot saved at: null
2025-03-03 17:44:08 [main] INFO  Utils - [TestNG] Running:
  /Users/niko/Library/Caches/JetBrains/IdeaIC2023.3/temp-testng-customsuite.xml

2025-03-03 17:44:11 [main] ERROR Logger - Test failed: "VerifyHomePageJoinButtonIsPresented"
2025-03-03 17:44:11 [main] ERROR Logger - Result of the failed test can be found below!
java.lang.AssertionError: expected [false] but found [true]
	at org.testng.Assert.fail(Assert.java:111) ~[testng-7.10.2.jar:7.10.2]
	at org.testng.Assert.failNotEquals(Assert.java:1578) ~[testng-7.10.2.jar:7.10.2]
	at org.testng.Assert.assertFalse(Assert.java:79) ~[testng-7.10.2.jar:7.10.2]
	at org.testng.Assert.assertFalse(Assert.java:89) ~[testng-7.10.2.jar:7.10.2]
	at Pages.HomePage.HomePageAssertions.assertIfJoinNowButtonIsAvailable(HomePageAssertions.java:23) ~[classes/:?]
	at HomePageTests.VerifyHomePageJoinButtonIsPresented(HomePageTests.java:18) ~[test-classes/:?]
	at jdk.internal.reflect.DirectMethodHandleAccessor.invoke(DirectMethodHandleAccessor.java:103) ~[?:?]
	at java.lang.reflect.Method.invoke(Method.java:580) ~[?:?]
	at org.testng.internal.invokers.MethodInvocationHelper.invokeMethod(MethodInvocationHelper.java:141) ~[testng-7.10.2.jar:7.10.2]
	at org.testng.internal.invokers.TestInvoker.invokeMethod(TestInvoker.java:686) ~[testng-7.10.2.jar:7.10.2]
	at org.testng.internal.invokers.TestInvoker.invokeTestMethod(TestInvoker.java:230) ~[testng-7.10.2.jar:7.10.2]
	at org.testng.internal.invokers.MethodRunner.runInSequence(MethodRunner.java:63) ~[testng-7.10.2.jar:7.10.2]
	at org.testng.internal.invokers.TestInvoker$MethodInvocationAgent.invoke(TestInvoker.java:992) ~[testng-7.10.2.jar:7.10.2]
	at org.testng.internal.invokers.TestInvoker.invokeTestMethods(TestInvoker.java:203) ~[testng-7.10.2.jar:7.10.2]
	at org.testng.internal.invokers.TestMethodWorker.invokeTestMethods(TestMethodWorker.java:154) ~[testng-7.10.2.jar:7.10.2]
	at org.testng.internal.invokers.TestMethodWorker.run(TestMethodWorker.java:134) ~[testng-7.10.2.jar:7.10.2]
	at java.util.ArrayList.forEach(ArrayList.java:1596) [?:?]
	at org.testng.TestRunner.privateRun(TestRunner.java:739) [testng-7.10.2.jar:7.10.2]
	at org.testng.TestRunner.run(TestRunner.java:614) [testng-7.10.2.jar:7.10.2]
	at org.testng.SuiteRunner.runTest(SuiteRunner.java:421) [testng-7.10.2.jar:7.10.2]
	at org.testng.SuiteRunner.runSequentially(SuiteRunner.java:413) [testng-7.10.2.jar:7.10.2]
	at org.testng.SuiteRunner.privateRun(SuiteRunner.java:373) [testng-7.10.2.jar:7.10.2]
	at org.testng.SuiteRunner.run(SuiteRunner.java:312) [testng-7.10.2.jar:7.10.2]
	at org.testng.SuiteRunnerWorker.runSuite(SuiteRunnerWorker.java:52) [testng-7.10.2.jar:7.10.2]
	at org.testng.SuiteRunnerWorker.run(SuiteRunnerWorker.java:95) [testng-7.10.2.jar:7.10.2]
	at org.testng.TestNG.runSuitesSequentially(TestNG.java:1274) [testng-7.10.2.jar:7.10.2]
	at org.testng.TestNG.runSuitesLocally(TestNG.java:1208) [testng-7.10.2.jar:7.10.2]
	at org.testng.TestNG.runSuites(TestNG.java:1112) [testng-7.10.2.jar:7.10.2]
	at org.testng.TestNG.run(TestNG.java:1079) [testng-7.10.2.jar:7.10.2]
	at com.intellij.rt.testng.IDEARemoteTestNG.run(IDEARemoteTestNG.java:65) [testng-rt.jar:?]
	at com.intellij.rt.testng.RemoteTestNGStarter.main(RemoteTestNGStarter.java:105) [testng-rt.jar:?]
2025-03-03 17:44:11 [main] INFO  Logger - Deleted old screenshot for the failed test: screenshots/VerifyHomePageJoinButtonIsPresented.png
2025-03-03 17:44:11 [main] ERROR Logger - New screenshot saved at screenshots/VerifyHomePageJoinButtonIsPresented.png
2025-03-03 17:44:11 [main] INFO  Logger - Deleted old log file: logs/VerifyHomePageJoinButtonIsPresented.log
2025-03-03 17:44:11 [main] ERROR Logger - Logs saved at logs/VerifyHomePageJoinButtonIsPresented.log
2025-03-03 17:44:11 [main] INFO  Logger - Screenshot saved at: screenshots/VerifyHomePageJoinButtonIsPresented.png
2025-03-03 17:48:21 [main] INFO  Utils - [TestNG] Running:
  /Users/niko/Library/Caches/JetBrains/IdeaIC2023.3/temp-testng-customsuite.xml

2025-03-03 17:48:23 [main] ERROR Logger - Test failed: "VerifyHomePageJoinButtonIsPresented"
2025-03-03 17:48:23 [main] ERROR Logger - Result of the failed test can be found below!
java.lang.AssertionError: expected [false] but found [true]
	at org.testng.Assert.fail(Assert.java:111) ~[testng-7.10.2.jar:7.10.2]
	at org.testng.Assert.failNotEquals(Assert.java:1578) ~[testng-7.10.2.jar:7.10.2]
	at org.testng.Assert.assertFalse(Assert.java:79) ~[testng-7.10.2.jar:7.10.2]
	at org.testng.Assert.assertFalse(Assert.java:89) ~[testng-7.10.2.jar:7.10.2]
	at Pages.HomePage.HomePageAssertions.assertIfJoinNowButtonIsAvailable(HomePageAssertions.java:23) ~[classes/:?]
	at HomePageTests.VerifyHomePageJoinButtonIsPresented(HomePageTests.java:18) ~[test-classes/:?]
	at jdk.internal.reflect.DirectMethodHandleAccessor.invoke(DirectMethodHandleAccessor.java:103) ~[?:?]
	at java.lang.reflect.Method.invoke(Method.java:580) ~[?:?]
	at org.testng.internal.invokers.MethodInvocationHelper.invokeMethod(MethodInvocationHelper.java:141) ~[testng-7.10.2.jar:7.10.2]
	at org.testng.internal.invokers.TestInvoker.invokeMethod(TestInvoker.java:686) ~[testng-7.10.2.jar:7.10.2]
	at org.testng.internal.invokers.TestInvoker.invokeTestMethod(TestInvoker.java:230) ~[testng-7.10.2.jar:7.10.2]
	at org.testng.internal.invokers.MethodRunner.runInSequence(MethodRunner.java:63) ~[testng-7.10.2.jar:7.10.2]
	at org.testng.internal.invokers.TestInvoker$MethodInvocationAgent.invoke(TestInvoker.java:992) ~[testng-7.10.2.jar:7.10.2]
	at org.testng.internal.invokers.TestInvoker.invokeTestMethods(TestInvoker.java:203) ~[testng-7.10.2.jar:7.10.2]
	at org.testng.internal.invokers.TestMethodWorker.invokeTestMethods(TestMethodWorker.java:154) ~[testng-7.10.2.jar:7.10.2]
	at org.testng.internal.invokers.TestMethodWorker.run(TestMethodWorker.java:134) ~[testng-7.10.2.jar:7.10.2]
	at java.util.ArrayList.forEach(ArrayList.java:1596) [?:?]
	at org.testng.TestRunner.privateRun(TestRunner.java:739) [testng-7.10.2.jar:7.10.2]
	at org.testng.TestRunner.run(TestRunner.java:614) [testng-7.10.2.jar:7.10.2]
	at org.testng.SuiteRunner.runTest(SuiteRunner.java:421) [testng-7.10.2.jar:7.10.2]
	at org.testng.SuiteRunner.runSequentially(SuiteRunner.java:413) [testng-7.10.2.jar:7.10.2]
	at org.testng.SuiteRunner.privateRun(SuiteRunner.java:373) [testng-7.10.2.jar:7.10.2]
	at org.testng.SuiteRunner.run(SuiteRunner.java:312) [testng-7.10.2.jar:7.10.2]
	at org.testng.SuiteRunnerWorker.runSuite(SuiteRunnerWorker.java:52) [testng-7.10.2.jar:7.10.2]
	at org.testng.SuiteRunnerWorker.run(SuiteRunnerWorker.java:95) [testng-7.10.2.jar:7.10.2]
	at org.testng.TestNG.runSuitesSequentially(TestNG.java:1274) [testng-7.10.2.jar:7.10.2]
	at org.testng.TestNG.runSuitesLocally(TestNG.java:1208) [testng-7.10.2.jar:7.10.2]
	at org.testng.TestNG.runSuites(TestNG.java:1112) [testng-7.10.2.jar:7.10.2]
	at org.testng.TestNG.run(TestNG.java:1079) [testng-7.10.2.jar:7.10.2]
	at com.intellij.rt.testng.IDEARemoteTestNG.run(IDEARemoteTestNG.java:65) [testng-rt.jar:?]
	at com.intellij.rt.testng.RemoteTestNGStarter.main(RemoteTestNGStarter.java:105) [testng-rt.jar:?]
2025-03-03 17:48:24 [main] ERROR Logger - New screenshot saved at screenshots/VerifyHomePageJoinButtonIsPresented.png
2025-03-03 17:48:24 [main] INFO  Logger - Deleted old log file: logs/VerifyHomePageJoinButtonIsPresented.log
2025-03-03 17:48:24 [main] ERROR Logger - Logs saved at logs/VerifyHomePageJoinButtonIsPresented.log
2025-03-03 17:48:24 [main] INFO  Logger - Screenshot saved at: screenshots/VerifyHomePageJoinButtonIsPresented.png
2025-03-03 17:51:59 [main] INFO  Utils - [TestNG] Running:
  /Users/niko/Library/Caches/JetBrains/IdeaIC2023.3/temp-testng-customsuite.xml

2025-03-03 17:52:01 [main] ERROR Logger - Test failed: "VerifyHomePageJoinButtonIsPresented"
2025-03-03 17:52:01 [main] ERROR Logger - Result of the failed test can be found below!
java.lang.AssertionError: expected [false] but found [true]
	at org.testng.Assert.fail(Assert.java:111) ~[testng-7.10.2.jar:7.10.2]
	at org.testng.Assert.failNotEquals(Assert.java:1578) ~[testng-7.10.2.jar:7.10.2]
	at org.testng.Assert.assertFalse(Assert.java:79) ~[testng-7.10.2.jar:7.10.2]
	at org.testng.Assert.assertFalse(Assert.java:89) ~[testng-7.10.2.jar:7.10.2]
	at Pages.HomePage.HomePageAssertions.assertIfJoinNowButtonIsAvailable(HomePageAssertions.java:23) ~[classes/:?]
	at HomePageTests.VerifyHomePageJoinButtonIsPresented(HomePageTests.java:18) ~[test-classes/:?]
	at jdk.internal.reflect.DirectMethodHandleAccessor.invoke(DirectMethodHandleAccessor.java:103) ~[?:?]
	at java.lang.reflect.Method.invoke(Method.java:580) ~[?:?]
	at org.testng.internal.invokers.MethodInvocationHelper.invokeMethod(MethodInvocationHelper.java:141) ~[testng-7.10.2.jar:7.10.2]
	at org.testng.internal.invokers.TestInvoker.invokeMethod(TestInvoker.java:686) ~[testng-7.10.2.jar:7.10.2]
	at org.testng.internal.invokers.TestInvoker.invokeTestMethod(TestInvoker.java:230) ~[testng-7.10.2.jar:7.10.2]
	at org.testng.internal.invokers.MethodRunner.runInSequence(MethodRunner.java:63) ~[testng-7.10.2.jar:7.10.2]
	at org.testng.internal.invokers.TestInvoker$MethodInvocationAgent.invoke(TestInvoker.java:992) ~[testng-7.10.2.jar:7.10.2]
	at org.testng.internal.invokers.TestInvoker.invokeTestMethods(TestInvoker.java:203) ~[testng-7.10.2.jar:7.10.2]
	at org.testng.internal.invokers.TestMethodWorker.invokeTestMethods(TestMethodWorker.java:154) ~[testng-7.10.2.jar:7.10.2]
	at org.testng.internal.invokers.TestMethodWorker.run(TestMethodWorker.java:134) ~[testng-7.10.2.jar:7.10.2]
	at java.util.ArrayList.forEach(ArrayList.java:1596) [?:?]
	at org.testng.TestRunner.privateRun(TestRunner.java:739) [testng-7.10.2.jar:7.10.2]
	at org.testng.TestRunner.run(TestRunner.java:614) [testng-7.10.2.jar:7.10.2]
	at org.testng.SuiteRunner.runTest(SuiteRunner.java:421) [testng-7.10.2.jar:7.10.2]
	at org.testng.SuiteRunner.runSequentially(SuiteRunner.java:413) [testng-7.10.2.jar:7.10.2]
	at org.testng.SuiteRunner.privateRun(SuiteRunner.java:373) [testng-7.10.2.jar:7.10.2]
	at org.testng.SuiteRunner.run(SuiteRunner.java:312) [testng-7.10.2.jar:7.10.2]
	at org.testng.SuiteRunnerWorker.runSuite(SuiteRunnerWorker.java:52) [testng-7.10.2.jar:7.10.2]
	at org.testng.SuiteRunnerWorker.run(SuiteRunnerWorker.java:95) [testng-7.10.2.jar:7.10.2]
	at org.testng.TestNG.runSuitesSequentially(TestNG.java:1274) [testng-7.10.2.jar:7.10.2]
	at org.testng.TestNG.runSuitesLocally(TestNG.java:1208) [testng-7.10.2.jar:7.10.2]
	at org.testng.TestNG.runSuites(TestNG.java:1112) [testng-7.10.2.jar:7.10.2]
	at org.testng.TestNG.run(TestNG.java:1079) [testng-7.10.2.jar:7.10.2]
	at com.intellij.rt.testng.IDEARemoteTestNG.run(IDEARemoteTestNG.java:65) [testng-rt.jar:?]
	at com.intellij.rt.testng.RemoteTestNGStarter.main(RemoteTestNGStarter.java:105) [testng-rt.jar:?]
2025-03-03 17:52:01 [main] INFO  Logger - Deleted old screenshot for the failed test: screenshots/VerifyHomePageJoinButtonIsPresented.png
2025-03-03 17:52:02 [main] ERROR Logger - New screenshot saved at screenshots/VerifyHomePageJoinButtonIsPresented.png
2025-03-03 17:52:02 [main] INFO  Logger - Deleted old log file: logs/VerifyHomePageJoinButtonIsPresented.log
2025-03-03 17:52:02 [main] ERROR Logger - Logs saved at logs/VerifyHomePageJoinButtonIsPresented.log
2025-03-03 17:52:02 [main] INFO  Logger - Screenshot saved at: screenshots/VerifyHomePageJoinButtonIsPresented.png
2025-03-03 17:57:04 [main] INFO  Utils - [TestNG] Running:
  /Users/niko/Library/Caches/JetBrains/IdeaIC2023.3/temp-testng-customsuite.xml

2025-03-03 17:57:07 [main] ERROR Logger - Screenshot path is null, skipping email sending.
2025-03-03 17:57:16 [main] INFO  Utils - [TestNG] Running:
  /Users/niko/Library/Caches/JetBrains/IdeaIC2023.3/temp-testng-customsuite.xml

2025-03-03 17:57:19 [main] ERROR Logger - Test failed: "VerifyHomePageJoinButtonIsPresented"
2025-03-03 17:57:19 [main] ERROR Logger - Result of the failed test can be found below!
java.lang.AssertionError: expected [false] but found [true]
	at org.testng.Assert.fail(Assert.java:111) ~[testng-7.10.2.jar:7.10.2]
	at org.testng.Assert.failNotEquals(Assert.java:1578) ~[testng-7.10.2.jar:7.10.2]
	at org.testng.Assert.assertFalse(Assert.java:79) ~[testng-7.10.2.jar:7.10.2]
	at org.testng.Assert.assertFalse(Assert.java:89) ~[testng-7.10.2.jar:7.10.2]
	at Pages.HomePage.HomePageAssertions.assertIfJoinNowButtonIsAvailable(HomePageAssertions.java:23) ~[classes/:?]
	at HomePageTests.VerifyHomePageJoinButtonIsPresented(HomePageTests.java:18) ~[test-classes/:?]
	at jdk.internal.reflect.DirectMethodHandleAccessor.invoke(DirectMethodHandleAccessor.java:103) ~[?:?]
	at java.lang.reflect.Method.invoke(Method.java:580) ~[?:?]
	at org.testng.internal.invokers.MethodInvocationHelper.invokeMethod(MethodInvocationHelper.java:141) ~[testng-7.10.2.jar:7.10.2]
	at org.testng.internal.invokers.TestInvoker.invokeMethod(TestInvoker.java:686) ~[testng-7.10.2.jar:7.10.2]
	at org.testng.internal.invokers.TestInvoker.invokeTestMethod(TestInvoker.java:230) ~[testng-7.10.2.jar:7.10.2]
	at org.testng.internal.invokers.MethodRunner.runInSequence(MethodRunner.java:63) ~[testng-7.10.2.jar:7.10.2]
	at org.testng.internal.invokers.TestInvoker$MethodInvocationAgent.invoke(TestInvoker.java:992) ~[testng-7.10.2.jar:7.10.2]
	at org.testng.internal.invokers.TestInvoker.invokeTestMethods(TestInvoker.java:203) ~[testng-7.10.2.jar:7.10.2]
	at org.testng.internal.invokers.TestMethodWorker.invokeTestMethods(TestMethodWorker.java:154) ~[testng-7.10.2.jar:7.10.2]
	at org.testng.internal.invokers.TestMethodWorker.run(TestMethodWorker.java:134) ~[testng-7.10.2.jar:7.10.2]
	at java.util.ArrayList.forEach(ArrayList.java:1596) [?:?]
	at org.testng.TestRunner.privateRun(TestRunner.java:739) [testng-7.10.2.jar:7.10.2]
	at org.testng.TestRunner.run(TestRunner.java:614) [testng-7.10.2.jar:7.10.2]
	at org.testng.SuiteRunner.runTest(SuiteRunner.java:421) [testng-7.10.2.jar:7.10.2]
	at org.testng.SuiteRunner.runSequentially(SuiteRunner.java:413) [testng-7.10.2.jar:7.10.2]
	at org.testng.SuiteRunner.privateRun(SuiteRunner.java:373) [testng-7.10.2.jar:7.10.2]
	at org.testng.SuiteRunner.run(SuiteRunner.java:312) [testng-7.10.2.jar:7.10.2]
	at org.testng.SuiteRunnerWorker.runSuite(SuiteRunnerWorker.java:52) [testng-7.10.2.jar:7.10.2]
	at org.testng.SuiteRunnerWorker.run(SuiteRunnerWorker.java:95) [testng-7.10.2.jar:7.10.2]
	at org.testng.TestNG.runSuitesSequentially(TestNG.java:1274) [testng-7.10.2.jar:7.10.2]
	at org.testng.TestNG.runSuitesLocally(TestNG.java:1208) [testng-7.10.2.jar:7.10.2]
	at org.testng.TestNG.runSuites(TestNG.java:1112) [testng-7.10.2.jar:7.10.2]
	at org.testng.TestNG.run(TestNG.java:1079) [testng-7.10.2.jar:7.10.2]
	at com.intellij.rt.testng.IDEARemoteTestNG.run(IDEARemoteTestNG.java:65) [testng-rt.jar:?]
	at com.intellij.rt.testng.RemoteTestNGStarter.main(RemoteTestNGStarter.java:105) [testng-rt.jar:?]
2025-03-03 17:57:19 [main] INFO  Logger - Deleted old screenshot for the failed test: screenshots/VerifyHomePageJoinButtonIsPresented.png
2025-03-03 17:57:19 [main] ERROR Logger - New screenshot saved at screenshots/VerifyHomePageJoinButtonIsPresented.png
2025-03-03 17:57:19 [main] INFO  Logger - Deleted old log file: logs/VerifyHomePageJoinButtonIsPresented.log
2025-03-03 17:57:19 [main] ERROR Logger - Logs saved at logs/VerifyHomePageJoinButtonIsPresented.log
2025-03-03 17:57:19 [main] INFO  Logger - Screenshot saved at: screenshots/VerifyHomePageJoinButtonIsPresented.png
2025-03-03 18:06:54 [main] INFO  Utils - [TestNG] Running:
  /Users/niko/Library/Caches/JetBrains/IdeaIC2023.3/temp-testng-customsuite.xml

2025-03-03 18:06:57 [main] ERROR Logger - Test failed: "VerifyHomePageJoinButtonIsPresented"
2025-03-03 18:06:57 [main] ERROR Logger - Result of the failed test can be found below!
java.lang.AssertionError: expected [false] but found [true]
	at org.testng.Assert.fail(Assert.java:111) ~[testng-7.10.2.jar:7.10.2]
	at org.testng.Assert.failNotEquals(Assert.java:1578) ~[testng-7.10.2.jar:7.10.2]
	at org.testng.Assert.assertFalse(Assert.java:79) ~[testng-7.10.2.jar:7.10.2]
	at org.testng.Assert.assertFalse(Assert.java:89) ~[testng-7.10.2.jar:7.10.2]
	at Pages.HomePage.HomePageAssertions.assertIfJoinNowButtonIsAvailable(HomePageAssertions.java:23) ~[classes/:?]
	at HomePageTests.VerifyHomePageJoinButtonIsPresented(HomePageTests.java:18) ~[test-classes/:?]
	at jdk.internal.reflect.DirectMethodHandleAccessor.invoke(DirectMethodHandleAccessor.java:103) ~[?:?]
	at java.lang.reflect.Method.invoke(Method.java:580) ~[?:?]
	at org.testng.internal.invokers.MethodInvocationHelper.invokeMethod(MethodInvocationHelper.java:141) ~[testng-7.10.2.jar:7.10.2]
	at org.testng.internal.invokers.TestInvoker.invokeMethod(TestInvoker.java:686) ~[testng-7.10.2.jar:7.10.2]
	at org.testng.internal.invokers.TestInvoker.invokeTestMethod(TestInvoker.java:230) ~[testng-7.10.2.jar:7.10.2]
	at org.testng.internal.invokers.MethodRunner.runInSequence(MethodRunner.java:63) ~[testng-7.10.2.jar:7.10.2]
	at org.testng.internal.invokers.TestInvoker$MethodInvocationAgent.invoke(TestInvoker.java:992) ~[testng-7.10.2.jar:7.10.2]
	at org.testng.internal.invokers.TestInvoker.invokeTestMethods(TestInvoker.java:203) ~[testng-7.10.2.jar:7.10.2]
	at org.testng.internal.invokers.TestMethodWorker.invokeTestMethods(TestMethodWorker.java:154) ~[testng-7.10.2.jar:7.10.2]
	at org.testng.internal.invokers.TestMethodWorker.run(TestMethodWorker.java:134) ~[testng-7.10.2.jar:7.10.2]
	at java.util.ArrayList.forEach(ArrayList.java:1596) [?:?]
	at org.testng.TestRunner.privateRun(TestRunner.java:739) [testng-7.10.2.jar:7.10.2]
	at org.testng.TestRunner.run(TestRunner.java:614) [testng-7.10.2.jar:7.10.2]
	at org.testng.SuiteRunner.runTest(SuiteRunner.java:421) [testng-7.10.2.jar:7.10.2]
	at org.testng.SuiteRunner.runSequentially(SuiteRunner.java:413) [testng-7.10.2.jar:7.10.2]
	at org.testng.SuiteRunner.privateRun(SuiteRunner.java:373) [testng-7.10.2.jar:7.10.2]
	at org.testng.SuiteRunner.run(SuiteRunner.java:312) [testng-7.10.2.jar:7.10.2]
	at org.testng.SuiteRunnerWorker.runSuite(SuiteRunnerWorker.java:52) [testng-7.10.2.jar:7.10.2]
	at org.testng.SuiteRunnerWorker.run(SuiteRunnerWorker.java:95) [testng-7.10.2.jar:7.10.2]
	at org.testng.TestNG.runSuitesSequentially(TestNG.java:1274) [testng-7.10.2.jar:7.10.2]
	at org.testng.TestNG.runSuitesLocally(TestNG.java:1208) [testng-7.10.2.jar:7.10.2]
	at org.testng.TestNG.runSuites(TestNG.java:1112) [testng-7.10.2.jar:7.10.2]
	at org.testng.TestNG.run(TestNG.java:1079) [testng-7.10.2.jar:7.10.2]
	at com.intellij.rt.testng.IDEARemoteTestNG.run(IDEARemoteTestNG.java:65) [testng-rt.jar:?]
	at com.intellij.rt.testng.RemoteTestNGStarter.main(RemoteTestNGStarter.java:105) [testng-rt.jar:?]
2025-03-03 18:06:57 [main] INFO  Logger - Deleted old screenshot for the failed test: screenshots/VerifyHomePageJoinButtonIsPresented.png
2025-03-03 18:06:57 [main] ERROR Logger - New screenshot saved at screenshots/VerifyHomePageJoinButtonIsPresented.png
2025-03-03 18:06:57 [main] INFO  Logger - Deleted old log file: logs/VerifyHomePageJoinButtonIsPresented.log
2025-03-03 18:06:57 [main] ERROR Logger - Logs saved at logs/VerifyHomePageJoinButtonIsPresented.log
2025-03-03 18:56:22 [main] INFO  Utils - [TestNG] Running:
  /Users/niko/Library/Caches/JetBrains/IdeaIC2023.3/temp-testng-customsuite.xml

2025-03-03 18:56:25 [main] ERROR Logger - Test failed: "VerifyHomePageJoinButtonIsPresented"
2025-03-03 18:56:25 [main] ERROR Logger - Result of the failed test can be found below!
java.lang.AssertionError: expected [false] but found [true]
	at org.testng.Assert.fail(Assert.java:111) ~[testng-7.10.2.jar:7.10.2]
	at org.testng.Assert.failNotEquals(Assert.java:1578) ~[testng-7.10.2.jar:7.10.2]
	at org.testng.Assert.assertFalse(Assert.java:79) ~[testng-7.10.2.jar:7.10.2]
	at org.testng.Assert.assertFalse(Assert.java:89) ~[testng-7.10.2.jar:7.10.2]
	at Pages.HomePage.HomePageAssertions.assertIfJoinNowButtonIsAvailable(HomePageAssertions.java:23) ~[classes/:?]
	at HomePageTests.VerifyHomePageJoinButtonIsPresented(HomePageTests.java:18) ~[test-classes/:?]
	at jdk.internal.reflect.DirectMethodHandleAccessor.invoke(DirectMethodHandleAccessor.java:103) ~[?:?]
	at java.lang.reflect.Method.invoke(Method.java:580) ~[?:?]
	at org.testng.internal.invokers.MethodInvocationHelper.invokeMethod(MethodInvocationHelper.java:141) ~[testng-7.10.2.jar:7.10.2]
	at org.testng.internal.invokers.TestInvoker.invokeMethod(TestInvoker.java:686) ~[testng-7.10.2.jar:7.10.2]
	at org.testng.internal.invokers.TestInvoker.invokeTestMethod(TestInvoker.java:230) ~[testng-7.10.2.jar:7.10.2]
	at org.testng.internal.invokers.MethodRunner.runInSequence(MethodRunner.java:63) ~[testng-7.10.2.jar:7.10.2]
	at org.testng.internal.invokers.TestInvoker$MethodInvocationAgent.invoke(TestInvoker.java:992) ~[testng-7.10.2.jar:7.10.2]
	at org.testng.internal.invokers.TestInvoker.invokeTestMethods(TestInvoker.java:203) ~[testng-7.10.2.jar:7.10.2]
	at org.testng.internal.invokers.TestMethodWorker.invokeTestMethods(TestMethodWorker.java:154) ~[testng-7.10.2.jar:7.10.2]
	at org.testng.internal.invokers.TestMethodWorker.run(TestMethodWorker.java:134) ~[testng-7.10.2.jar:7.10.2]
	at java.util.ArrayList.forEach(ArrayList.java:1596) [?:?]
	at org.testng.TestRunner.privateRun(TestRunner.java:739) [testng-7.10.2.jar:7.10.2]
	at org.testng.TestRunner.run(TestRunner.java:614) [testng-7.10.2.jar:7.10.2]
	at org.testng.SuiteRunner.runTest(SuiteRunner.java:421) [testng-7.10.2.jar:7.10.2]
	at org.testng.SuiteRunner.runSequentially(SuiteRunner.java:413) [testng-7.10.2.jar:7.10.2]
	at org.testng.SuiteRunner.privateRun(SuiteRunner.java:373) [testng-7.10.2.jar:7.10.2]
	at org.testng.SuiteRunner.run(SuiteRunner.java:312) [testng-7.10.2.jar:7.10.2]
	at org.testng.SuiteRunnerWorker.runSuite(SuiteRunnerWorker.java:52) [testng-7.10.2.jar:7.10.2]
	at org.testng.SuiteRunnerWorker.run(SuiteRunnerWorker.java:95) [testng-7.10.2.jar:7.10.2]
	at org.testng.TestNG.runSuitesSequentially(TestNG.java:1274) [testng-7.10.2.jar:7.10.2]
	at org.testng.TestNG.runSuitesLocally(TestNG.java:1208) [testng-7.10.2.jar:7.10.2]
	at org.testng.TestNG.runSuites(TestNG.java:1112) [testng-7.10.2.jar:7.10.2]
	at org.testng.TestNG.run(TestNG.java:1079) [testng-7.10.2.jar:7.10.2]
	at com.intellij.rt.testng.IDEARemoteTestNG.run(IDEARemoteTestNG.java:65) [testng-rt.jar:?]
	at com.intellij.rt.testng.RemoteTestNGStarter.main(RemoteTestNGStarter.java:105) [testng-rt.jar:?]
2025-03-03 18:56:25 [main] INFO  Logger - Deleted old screenshot for the failed test: screenshots/VerifyHomePageJoinButtonIsPresented.png
2025-03-03 18:56:25 [main] ERROR Logger - New screenshot saved at screenshots/VerifyHomePageJoinButtonIsPresented.png
2025-03-03 18:56:25 [main] INFO  Logger - Deleted old log file: logs/VerifyHomePageJoinButtonIsPresented.log
2025-03-03 18:56:25 [main] ERROR Logger - Logs saved at logs/VerifyHomePageJoinButtonIsPresented.log
2025-03-04 10:48:08 [main] INFO  Utils - [TestNG] Running:
  /Users/niko/Library/Caches/JetBrains/IdeaIC2023.3/temp-testng-customsuite.xml

2025-03-04 11:03:33 [main] INFO  Utils - [TestNG] Running:
  /Users/niko/Library/Caches/JetBrains/IdeaIC2023.3/temp-testng-customsuite.xml

2025-03-04 11:04:21 [main] INFO  Utils - [TestNG] Running:
  /Users/niko/Library/Caches/JetBrains/IdeaIC2023.3/temp-testng-customsuite.xml

2025-03-04 11:04:47 [main] INFO  Utils - [TestNG] Running:
  /Users/niko/Library/Caches/JetBrains/IdeaIC2023.3/temp-testng-customsuite.xml

2025-03-04 11:04:50 [main] ERROR Logger - Test failed: "VerifyHomePageJoinButtonIsPresented"
2025-03-04 11:04:50 [main] ERROR Logger - Result of the failed test can be found below!
java.lang.AssertionError: expected [false] but found [true]
	at org.testng.Assert.fail(Assert.java:111) ~[testng-7.10.2.jar:7.10.2]
	at org.testng.Assert.failNotEquals(Assert.java:1578) ~[testng-7.10.2.jar:7.10.2]
	at org.testng.Assert.assertFalse(Assert.java:79) ~[testng-7.10.2.jar:7.10.2]
	at org.testng.Assert.assertFalse(Assert.java:89) ~[testng-7.10.2.jar:7.10.2]
	at Pages.HomePage.HomePageAssertions.assertIfJoinNowButtonIsAvailable(HomePageAssertions.java:23) ~[classes/:?]
	at HomePageTests.VerifyHomePageJoinButtonIsPresented(HomePageTests.java:18) ~[test-classes/:?]
	at jdk.internal.reflect.DirectMethodHandleAccessor.invoke(DirectMethodHandleAccessor.java:103) ~[?:?]
	at java.lang.reflect.Method.invoke(Method.java:580) ~[?:?]
	at org.testng.internal.invokers.MethodInvocationHelper.invokeMethod(MethodInvocationHelper.java:141) ~[testng-7.10.2.jar:7.10.2]
	at org.testng.internal.invokers.TestInvoker.invokeMethod(TestInvoker.java:686) ~[testng-7.10.2.jar:7.10.2]
	at org.testng.internal.invokers.TestInvoker.invokeTestMethod(TestInvoker.java:230) ~[testng-7.10.2.jar:7.10.2]
	at org.testng.internal.invokers.MethodRunner.runInSequence(MethodRunner.java:63) ~[testng-7.10.2.jar:7.10.2]
	at org.testng.internal.invokers.TestInvoker$MethodInvocationAgent.invoke(TestInvoker.java:992) ~[testng-7.10.2.jar:7.10.2]
	at org.testng.internal.invokers.TestInvoker.invokeTestMethods(TestInvoker.java:203) ~[testng-7.10.2.jar:7.10.2]
	at org.testng.internal.invokers.TestMethodWorker.invokeTestMethods(TestMethodWorker.java:154) ~[testng-7.10.2.jar:7.10.2]
	at org.testng.internal.invokers.TestMethodWorker.run(TestMethodWorker.java:134) ~[testng-7.10.2.jar:7.10.2]
	at java.util.ArrayList.forEach(ArrayList.java:1596) [?:?]
	at org.testng.TestRunner.privateRun(TestRunner.java:739) [testng-7.10.2.jar:7.10.2]
	at org.testng.TestRunner.run(TestRunner.java:614) [testng-7.10.2.jar:7.10.2]
	at org.testng.SuiteRunner.runTest(SuiteRunner.java:421) [testng-7.10.2.jar:7.10.2]
	at org.testng.SuiteRunner.runSequentially(SuiteRunner.java:413) [testng-7.10.2.jar:7.10.2]
	at org.testng.SuiteRunner.privateRun(SuiteRunner.java:373) [testng-7.10.2.jar:7.10.2]
	at org.testng.SuiteRunner.run(SuiteRunner.java:312) [testng-7.10.2.jar:7.10.2]
	at org.testng.SuiteRunnerWorker.runSuite(SuiteRunnerWorker.java:52) [testng-7.10.2.jar:7.10.2]
	at org.testng.SuiteRunnerWorker.run(SuiteRunnerWorker.java:95) [testng-7.10.2.jar:7.10.2]
	at org.testng.TestNG.runSuitesSequentially(TestNG.java:1274) [testng-7.10.2.jar:7.10.2]
	at org.testng.TestNG.runSuitesLocally(TestNG.java:1208) [testng-7.10.2.jar:7.10.2]
	at org.testng.TestNG.runSuites(TestNG.java:1112) [testng-7.10.2.jar:7.10.2]
	at org.testng.TestNG.run(TestNG.java:1079) [testng-7.10.2.jar:7.10.2]
	at com.intellij.rt.testng.IDEARemoteTestNG.run(IDEARemoteTestNG.java:65) [testng-rt.jar:?]
	at com.intellij.rt.testng.RemoteTestNGStarter.main(RemoteTestNGStarter.java:105) [testng-rt.jar:?]
2025-03-04 11:04:50 [main] INFO  Logger - Deleted old screenshot for the failed test: screenshots/VerifyHomePageJoinButtonIsPresented.png
2025-03-04 11:04:50 [main] ERROR Logger - New screenshot saved at screenshots/VerifyHomePageJoinButtonIsPresented.png
2025-03-04 11:04:50 [main] INFO  Logger - Deleted old log file: logs/VerifyHomePageJoinButtonIsPresented.log
2025-03-04 11:04:50 [main] ERROR Logger - Logs saved at logs/VerifyHomePageJoinButtonIsPresented.log
2025-03-04 11:06:14 [main] INFO  Utils - [TestNG] Running:
  /Users/niko/Library/Caches/JetBrains/IdeaIC2023.3/temp-testng-customsuite.xml

2025-03-04 11:06:58 [main] INFO  Utils - [TestNG] Running:
  /Users/niko/Library/Caches/JetBrains/IdeaIC2023.3/temp-testng-customsuite.xml

2025-03-04 11:07:01 [main] ERROR Logger - Test failed: "VerifyHomePageJoinButtonIsPresented"
2025-03-04 11:07:01 [main] ERROR Logger - Result of the failed test can be found below!
java.lang.AssertionError: expected [false] but found [true]
	at org.testng.Assert.fail(Assert.java:111) ~[testng-7.10.2.jar:7.10.2]
	at org.testng.Assert.failNotEquals(Assert.java:1578) ~[testng-7.10.2.jar:7.10.2]
	at org.testng.Assert.assertFalse(Assert.java:79) ~[testng-7.10.2.jar:7.10.2]
	at org.testng.Assert.assertFalse(Assert.java:89) ~[testng-7.10.2.jar:7.10.2]
	at Pages.HomePage.HomePageAssertions.assertIfJoinNowButtonIsAvailable(HomePageAssertions.java:23) ~[classes/:?]
	at HomePageTests.VerifyHomePageJoinButtonIsPresented(HomePageTests.java:18) ~[test-classes/:?]
	at jdk.internal.reflect.DirectMethodHandleAccessor.invoke(DirectMethodHandleAccessor.java:103) ~[?:?]
	at java.lang.reflect.Method.invoke(Method.java:580) ~[?:?]
	at org.testng.internal.invokers.MethodInvocationHelper.invokeMethod(MethodInvocationHelper.java:141) ~[testng-7.10.2.jar:7.10.2]
	at org.testng.internal.invokers.TestInvoker.invokeMethod(TestInvoker.java:686) ~[testng-7.10.2.jar:7.10.2]
	at org.testng.internal.invokers.TestInvoker.invokeTestMethod(TestInvoker.java:230) ~[testng-7.10.2.jar:7.10.2]
	at org.testng.internal.invokers.MethodRunner.runInSequence(MethodRunner.java:63) ~[testng-7.10.2.jar:7.10.2]
	at org.testng.internal.invokers.TestInvoker$MethodInvocationAgent.invoke(TestInvoker.java:992) ~[testng-7.10.2.jar:7.10.2]
	at org.testng.internal.invokers.TestInvoker.invokeTestMethods(TestInvoker.java:203) ~[testng-7.10.2.jar:7.10.2]
	at org.testng.internal.invokers.TestMethodWorker.invokeTestMethods(TestMethodWorker.java:154) ~[testng-7.10.2.jar:7.10.2]
	at org.testng.internal.invokers.TestMethodWorker.run(TestMethodWorker.java:134) ~[testng-7.10.2.jar:7.10.2]
	at java.util.ArrayList.forEach(ArrayList.java:1596) [?:?]
	at org.testng.TestRunner.privateRun(TestRunner.java:739) [testng-7.10.2.jar:7.10.2]
	at org.testng.TestRunner.run(TestRunner.java:614) [testng-7.10.2.jar:7.10.2]
	at org.testng.SuiteRunner.runTest(SuiteRunner.java:421) [testng-7.10.2.jar:7.10.2]
	at org.testng.SuiteRunner.runSequentially(SuiteRunner.java:413) [testng-7.10.2.jar:7.10.2]
	at org.testng.SuiteRunner.privateRun(SuiteRunner.java:373) [testng-7.10.2.jar:7.10.2]
	at org.testng.SuiteRunner.run(SuiteRunner.java:312) [testng-7.10.2.jar:7.10.2]
	at org.testng.SuiteRunnerWorker.runSuite(SuiteRunnerWorker.java:52) [testng-7.10.2.jar:7.10.2]
	at org.testng.SuiteRunnerWorker.run(SuiteRunnerWorker.java:95) [testng-7.10.2.jar:7.10.2]
	at org.testng.TestNG.runSuitesSequentially(TestNG.java:1274) [testng-7.10.2.jar:7.10.2]
	at org.testng.TestNG.runSuitesLocally(TestNG.java:1208) [testng-7.10.2.jar:7.10.2]
	at org.testng.TestNG.runSuites(TestNG.java:1112) [testng-7.10.2.jar:7.10.2]
	at org.testng.TestNG.run(TestNG.java:1079) [testng-7.10.2.jar:7.10.2]
	at com.intellij.rt.testng.IDEARemoteTestNG.run(IDEARemoteTestNG.java:65) [testng-rt.jar:?]
	at com.intellij.rt.testng.RemoteTestNGStarter.main(RemoteTestNGStarter.java:105) [testng-rt.jar:?]
2025-03-04 11:07:01 [main] INFO  Logger - Deleted old screenshot for the failed test: screenshots/VerifyHomePageJoinButtonIsPresented.png
2025-03-04 11:07:01 [main] ERROR Logger - New screenshot saved at screenshots/VerifyHomePageJoinButtonIsPresented.png
2025-03-04 11:07:01 [main] INFO  Logger - Deleted old log file: logs/VerifyHomePageJoinButtonIsPresented.log
2025-03-04 11:07:01 [main] ERROR Logger - Logs saved at logs/VerifyHomePageJoinButtonIsPresented.log
2025-03-04 11:07:33 [main] INFO  Utils - [TestNG] Running:
  /Users/niko/Library/Caches/JetBrains/IdeaIC2023.3/temp-testng-customsuite.xml

2025-03-04 11:16:34 [main] INFO  Utils - [TestNG] Running:
  /Users/niko/Library/Caches/JetBrains/IdeaIC2023.3/temp-testng-customsuite.xml

2025-03-04 11:16:37 [main] ERROR Logger - Screenshot path is null, skipping email sending.
2025-03-04 11:23:01 [main] INFO  Utils - [TestNG] Running:
  /Users/niko/Library/Caches/JetBrains/IdeaIC2023.3/temp-testng-customsuite.xml

2025-03-04 11:23:03 [main] ERROR Logger - Test failed: "VerifyHomePageJoinButtonIsPresented"
2025-03-04 11:23:03 [main] ERROR Logger - Result of the failed test can be found below!
java.lang.AssertionError: expected [false] but found [true]
	at org.testng.Assert.fail(Assert.java:111) ~[testng-7.10.2.jar:7.10.2]
	at org.testng.Assert.failNotEquals(Assert.java:1578) ~[testng-7.10.2.jar:7.10.2]
	at org.testng.Assert.assertFalse(Assert.java:79) ~[testng-7.10.2.jar:7.10.2]
	at org.testng.Assert.assertFalse(Assert.java:89) ~[testng-7.10.2.jar:7.10.2]
	at Pages.HomePage.HomePageAssertions.assertIfJoinNowButtonIsAvailable(HomePageAssertions.java:23) ~[classes/:?]
	at HomePageTests.VerifyHomePageJoinButtonIsPresented(HomePageTests.java:18) ~[test-classes/:?]
	at jdk.internal.reflect.DirectMethodHandleAccessor.invoke(DirectMethodHandleAccessor.java:103) ~[?:?]
	at java.lang.reflect.Method.invoke(Method.java:580) ~[?:?]
	at org.testng.internal.invokers.MethodInvocationHelper.invokeMethod(MethodInvocationHelper.java:141) ~[testng-7.10.2.jar:7.10.2]
	at org.testng.internal.invokers.TestInvoker.invokeMethod(TestInvoker.java:686) ~[testng-7.10.2.jar:7.10.2]
	at org.testng.internal.invokers.TestInvoker.invokeTestMethod(TestInvoker.java:230) ~[testng-7.10.2.jar:7.10.2]
	at org.testng.internal.invokers.MethodRunner.runInSequence(MethodRunner.java:63) ~[testng-7.10.2.jar:7.10.2]
	at org.testng.internal.invokers.TestInvoker$MethodInvocationAgent.invoke(TestInvoker.java:992) ~[testng-7.10.2.jar:7.10.2]
	at org.testng.internal.invokers.TestInvoker.invokeTestMethods(TestInvoker.java:203) ~[testng-7.10.2.jar:7.10.2]
	at org.testng.internal.invokers.TestMethodWorker.invokeTestMethods(TestMethodWorker.java:154) ~[testng-7.10.2.jar:7.10.2]
	at org.testng.internal.invokers.TestMethodWorker.run(TestMethodWorker.java:134) ~[testng-7.10.2.jar:7.10.2]
	at java.util.ArrayList.forEach(ArrayList.java:1596) [?:?]
	at org.testng.TestRunner.privateRun(TestRunner.java:739) [testng-7.10.2.jar:7.10.2]
	at org.testng.TestRunner.run(TestRunner.java:614) [testng-7.10.2.jar:7.10.2]
	at org.testng.SuiteRunner.runTest(SuiteRunner.java:421) [testng-7.10.2.jar:7.10.2]
	at org.testng.SuiteRunner.runSequentially(SuiteRunner.java:413) [testng-7.10.2.jar:7.10.2]
	at org.testng.SuiteRunner.privateRun(SuiteRunner.java:373) [testng-7.10.2.jar:7.10.2]
	at org.testng.SuiteRunner.run(SuiteRunner.java:312) [testng-7.10.2.jar:7.10.2]
	at org.testng.SuiteRunnerWorker.runSuite(SuiteRunnerWorker.java:52) [testng-7.10.2.jar:7.10.2]
	at org.testng.SuiteRunnerWorker.run(SuiteRunnerWorker.java:95) [testng-7.10.2.jar:7.10.2]
	at org.testng.TestNG.runSuitesSequentially(TestNG.java:1274) [testng-7.10.2.jar:7.10.2]
	at org.testng.TestNG.runSuitesLocally(TestNG.java:1208) [testng-7.10.2.jar:7.10.2]
	at org.testng.TestNG.runSuites(TestNG.java:1112) [testng-7.10.2.jar:7.10.2]
	at org.testng.TestNG.run(TestNG.java:1079) [testng-7.10.2.jar:7.10.2]
	at com.intellij.rt.testng.IDEARemoteTestNG.run(IDEARemoteTestNG.java:65) [testng-rt.jar:?]
	at com.intellij.rt.testng.RemoteTestNGStarter.main(RemoteTestNGStarter.java:105) [testng-rt.jar:?]
2025-03-04 11:23:03 [main] INFO  Logger - Deleted old screenshot for the failed test: screenshots/VerifyHomePageJoinButtonIsPresented.png
2025-03-04 11:23:04 [main] ERROR Logger - New screenshot saved at screenshots/VerifyHomePageJoinButtonIsPresented.png
2025-03-04 11:23:04 [main] INFO  Logger - Deleted old log file: logs/VerifyHomePageJoinButtonIsPresented.log
2025-03-04 11:23:04 [main] ERROR Logger - Logs saved at logs/VerifyHomePageJoinButtonIsPresented.log
2025-03-04 11:23:04 [main] INFO  Logger - Screenshot saved at: screenshots/VerifyHomePageJoinButtonIsPresented.png
2025-03-04 11:59:23 [main] INFO  Utils - [TestNG] Running:
  /Users/niko/Library/Caches/JetBrains/IdeaIC2023.3/temp-testng-customsuite.xml

2025-03-04 11:59:26 [main] ERROR Logger - Test failed: "VerifyHomePageJoinButtonIsPresented"
2025-03-04 11:59:26 [main] ERROR Logger - Result of the failed test can be found below!
java.lang.AssertionError: expected [false] but found [true]
	at org.testng.Assert.fail(Assert.java:111) ~[testng-7.10.2.jar:7.10.2]
	at org.testng.Assert.failNotEquals(Assert.java:1578) ~[testng-7.10.2.jar:7.10.2]
	at org.testng.Assert.assertFalse(Assert.java:79) ~[testng-7.10.2.jar:7.10.2]
	at org.testng.Assert.assertFalse(Assert.java:89) ~[testng-7.10.2.jar:7.10.2]
	at Pages.HomePage.HomePageAssertions.assertIfJoinNowButtonIsAvailable(HomePageAssertions.java:23) ~[classes/:?]
	at HomePageTests.VerifyHomePageJoinButtonIsPresented(HomePageTests.java:18) ~[test-classes/:?]
	at jdk.internal.reflect.DirectMethodHandleAccessor.invoke(DirectMethodHandleAccessor.java:103) ~[?:?]
	at java.lang.reflect.Method.invoke(Method.java:580) ~[?:?]
	at org.testng.internal.invokers.MethodInvocationHelper.invokeMethod(MethodInvocationHelper.java:141) ~[testng-7.10.2.jar:7.10.2]
	at org.testng.internal.invokers.TestInvoker.invokeMethod(TestInvoker.java:686) ~[testng-7.10.2.jar:7.10.2]
	at org.testng.internal.invokers.TestInvoker.invokeTestMethod(TestInvoker.java:230) ~[testng-7.10.2.jar:7.10.2]
	at org.testng.internal.invokers.MethodRunner.runInSequence(MethodRunner.java:63) ~[testng-7.10.2.jar:7.10.2]
	at org.testng.internal.invokers.TestInvoker$MethodInvocationAgent.invoke(TestInvoker.java:992) ~[testng-7.10.2.jar:7.10.2]
	at org.testng.internal.invokers.TestInvoker.invokeTestMethods(TestInvoker.java:203) ~[testng-7.10.2.jar:7.10.2]
	at org.testng.internal.invokers.TestMethodWorker.invokeTestMethods(TestMethodWorker.java:154) ~[testng-7.10.2.jar:7.10.2]
	at org.testng.internal.invokers.TestMethodWorker.run(TestMethodWorker.java:134) ~[testng-7.10.2.jar:7.10.2]
	at java.util.ArrayList.forEach(ArrayList.java:1596) [?:?]
	at org.testng.TestRunner.privateRun(TestRunner.java:739) [testng-7.10.2.jar:7.10.2]
	at org.testng.TestRunner.run(TestRunner.java:614) [testng-7.10.2.jar:7.10.2]
	at org.testng.SuiteRunner.runTest(SuiteRunner.java:421) [testng-7.10.2.jar:7.10.2]
	at org.testng.SuiteRunner.runSequentially(SuiteRunner.java:413) [testng-7.10.2.jar:7.10.2]
	at org.testng.SuiteRunner.privateRun(SuiteRunner.java:373) [testng-7.10.2.jar:7.10.2]
	at org.testng.SuiteRunner.run(SuiteRunner.java:312) [testng-7.10.2.jar:7.10.2]
	at org.testng.SuiteRunnerWorker.runSuite(SuiteRunnerWorker.java:52) [testng-7.10.2.jar:7.10.2]
	at org.testng.SuiteRunnerWorker.run(SuiteRunnerWorker.java:95) [testng-7.10.2.jar:7.10.2]
	at org.testng.TestNG.runSuitesSequentially(TestNG.java:1274) [testng-7.10.2.jar:7.10.2]
	at org.testng.TestNG.runSuitesLocally(TestNG.java:1208) [testng-7.10.2.jar:7.10.2]
	at org.testng.TestNG.runSuites(TestNG.java:1112) [testng-7.10.2.jar:7.10.2]
	at org.testng.TestNG.run(TestNG.java:1079) [testng-7.10.2.jar:7.10.2]
	at com.intellij.rt.testng.IDEARemoteTestNG.run(IDEARemoteTestNG.java:65) [testng-rt.jar:?]
	at com.intellij.rt.testng.RemoteTestNGStarter.main(RemoteTestNGStarter.java:105) [testng-rt.jar:?]
2025-03-04 11:59:26 [main] INFO  Logger - Deleted old screenshot for the failed test: screenshots/VerifyHomePageJoinButtonIsPresented.png
2025-03-04 11:59:27 [main] ERROR Logger - New screenshot saved at screenshots/VerifyHomePageJoinButtonIsPresented.png
2025-03-04 11:59:27 [main] INFO  Logger - Deleted old log file: logs/VerifyHomePageJoinButtonIsPresented.log
2025-03-04 11:59:27 [main] ERROR Logger - Logs saved at logs/VerifyHomePageJoinButtonIsPresented.log
2025-03-04 11:59:27 [main] INFO  Logger - Screenshot saved at: screenshots/VerifyHomePageJoinButtonIsPresented.png
2025-03-04 12:05:03 [main] INFO  Utils - [TestNG] Running:
  /Users/niko/Library/Caches/JetBrains/IdeaIC2023.3/temp-testng-customsuite.xml

2025-03-04 12:05:07 [main] ERROR Logger - Test failed: "VerifyHomePageJoinButtonIsPresented"
2025-03-04 12:05:07 [main] ERROR Logger - Result of the failed test can be found below!
java.lang.AssertionError: expected [false] but found [true]
	at org.testng.Assert.fail(Assert.java:111) ~[testng-7.10.2.jar:7.10.2]
	at org.testng.Assert.failNotEquals(Assert.java:1578) ~[testng-7.10.2.jar:7.10.2]
	at org.testng.Assert.assertFalse(Assert.java:79) ~[testng-7.10.2.jar:7.10.2]
	at org.testng.Assert.assertFalse(Assert.java:89) ~[testng-7.10.2.jar:7.10.2]
	at Pages.HomePage.HomePageAssertions.assertIfJoinNowButtonIsAvailable(HomePageAssertions.java:23) ~[classes/:?]
	at HomePageTests.VerifyHomePageJoinButtonIsPresented(HomePageTests.java:18) ~[test-classes/:?]
	at jdk.internal.reflect.DirectMethodHandleAccessor.invoke(DirectMethodHandleAccessor.java:103) ~[?:?]
	at java.lang.reflect.Method.invoke(Method.java:580) ~[?:?]
	at org.testng.internal.invokers.MethodInvocationHelper.invokeMethod(MethodInvocationHelper.java:141) ~[testng-7.10.2.jar:7.10.2]
	at org.testng.internal.invokers.TestInvoker.invokeMethod(TestInvoker.java:686) ~[testng-7.10.2.jar:7.10.2]
	at org.testng.internal.invokers.TestInvoker.invokeTestMethod(TestInvoker.java:230) ~[testng-7.10.2.jar:7.10.2]
	at org.testng.internal.invokers.MethodRunner.runInSequence(MethodRunner.java:63) ~[testng-7.10.2.jar:7.10.2]
	at org.testng.internal.invokers.TestInvoker$MethodInvocationAgent.invoke(TestInvoker.java:992) ~[testng-7.10.2.jar:7.10.2]
	at org.testng.internal.invokers.TestInvoker.invokeTestMethods(TestInvoker.java:203) ~[testng-7.10.2.jar:7.10.2]
	at org.testng.internal.invokers.TestMethodWorker.invokeTestMethods(TestMethodWorker.java:154) ~[testng-7.10.2.jar:7.10.2]
	at org.testng.internal.invokers.TestMethodWorker.run(TestMethodWorker.java:134) ~[testng-7.10.2.jar:7.10.2]
	at java.util.ArrayList.forEach(ArrayList.java:1596) [?:?]
	at org.testng.TestRunner.privateRun(TestRunner.java:739) [testng-7.10.2.jar:7.10.2]
	at org.testng.TestRunner.run(TestRunner.java:614) [testng-7.10.2.jar:7.10.2]
	at org.testng.SuiteRunner.runTest(SuiteRunner.java:421) [testng-7.10.2.jar:7.10.2]
	at org.testng.SuiteRunner.runSequentially(SuiteRunner.java:413) [testng-7.10.2.jar:7.10.2]
	at org.testng.SuiteRunner.privateRun(SuiteRunner.java:373) [testng-7.10.2.jar:7.10.2]
	at org.testng.SuiteRunner.run(SuiteRunner.java:312) [testng-7.10.2.jar:7.10.2]
	at org.testng.SuiteRunnerWorker.runSuite(SuiteRunnerWorker.java:52) [testng-7.10.2.jar:7.10.2]
	at org.testng.SuiteRunnerWorker.run(SuiteRunnerWorker.java:95) [testng-7.10.2.jar:7.10.2]
	at org.testng.TestNG.runSuitesSequentially(TestNG.java:1274) [testng-7.10.2.jar:7.10.2]
	at org.testng.TestNG.runSuitesLocally(TestNG.java:1208) [testng-7.10.2.jar:7.10.2]
	at org.testng.TestNG.runSuites(TestNG.java:1112) [testng-7.10.2.jar:7.10.2]
	at org.testng.TestNG.run(TestNG.java:1079) [testng-7.10.2.jar:7.10.2]
	at com.intellij.rt.testng.IDEARemoteTestNG.run(IDEARemoteTestNG.java:65) [testng-rt.jar:?]
	at com.intellij.rt.testng.RemoteTestNGStarter.main(RemoteTestNGStarter.java:105) [testng-rt.jar:?]
2025-03-04 12:05:07 [main] INFO  Logger - Deleted old screenshot for the failed test: screenshots/VerifyHomePageJoinButtonIsPresented.png
2025-03-04 12:05:07 [main] ERROR Logger - New screenshot saved at screenshots/VerifyHomePageJoinButtonIsPresented.png
2025-03-04 12:05:07 [main] INFO  Logger - Deleted old log file: logs/VerifyHomePageJoinButtonIsPresented.log
2025-03-04 12:05:07 [main] ERROR Logger - Logs saved at logs/VerifyHomePageJoinButtonIsPresented.log
2025-03-04 12:05:07 [main] INFO  Logger - Screenshot saved at: screenshots/VerifyHomePageJoinButtonIsPresented.png
2025-03-04 12:05:09 [main] INFO  Logger - Failure email sent!
2025-03-04 12:11:36 [main] INFO  Utils - [TestNG] Running:
  /Users/niko/Library/Caches/JetBrains/IdeaIC2023.3/temp-testng-customsuite.xml

2025-03-04 12:11:38 [main] ERROR Logger - Test failed: "VerifyHomePageJoinButtonIsPresented"
2025-03-04 12:11:38 [main] ERROR Logger - Result of the failed test can be found below!
java.lang.AssertionError: expected [false] but found [true]
	at org.testng.Assert.fail(Assert.java:111) ~[testng-7.10.2.jar:7.10.2]
	at org.testng.Assert.failNotEquals(Assert.java:1578) ~[testng-7.10.2.jar:7.10.2]
	at org.testng.Assert.assertFalse(Assert.java:79) ~[testng-7.10.2.jar:7.10.2]
	at org.testng.Assert.assertFalse(Assert.java:89) ~[testng-7.10.2.jar:7.10.2]
	at Pages.HomePage.HomePageAssertions.assertIfJoinNowButtonIsAvailable(HomePageAssertions.java:23) ~[classes/:?]
	at HomePageTests.VerifyHomePageJoinButtonIsPresented(HomePageTests.java:18) ~[test-classes/:?]
	at jdk.internal.reflect.DirectMethodHandleAccessor.invoke(DirectMethodHandleAccessor.java:103) ~[?:?]
	at java.lang.reflect.Method.invoke(Method.java:580) ~[?:?]
	at org.testng.internal.invokers.MethodInvocationHelper.invokeMethod(MethodInvocationHelper.java:141) ~[testng-7.10.2.jar:7.10.2]
	at org.testng.internal.invokers.TestInvoker.invokeMethod(TestInvoker.java:686) ~[testng-7.10.2.jar:7.10.2]
	at org.testng.internal.invokers.TestInvoker.invokeTestMethod(TestInvoker.java:230) ~[testng-7.10.2.jar:7.10.2]
	at org.testng.internal.invokers.MethodRunner.runInSequence(MethodRunner.java:63) ~[testng-7.10.2.jar:7.10.2]
	at org.testng.internal.invokers.TestInvoker$MethodInvocationAgent.invoke(TestInvoker.java:992) ~[testng-7.10.2.jar:7.10.2]
	at org.testng.internal.invokers.TestInvoker.invokeTestMethods(TestInvoker.java:203) ~[testng-7.10.2.jar:7.10.2]
	at org.testng.internal.invokers.TestMethodWorker.invokeTestMethods(TestMethodWorker.java:154) ~[testng-7.10.2.jar:7.10.2]
	at org.testng.internal.invokers.TestMethodWorker.run(TestMethodWorker.java:134) ~[testng-7.10.2.jar:7.10.2]
	at java.util.ArrayList.forEach(ArrayList.java:1596) [?:?]
	at org.testng.TestRunner.privateRun(TestRunner.java:739) [testng-7.10.2.jar:7.10.2]
	at org.testng.TestRunner.run(TestRunner.java:614) [testng-7.10.2.jar:7.10.2]
	at org.testng.SuiteRunner.runTest(SuiteRunner.java:421) [testng-7.10.2.jar:7.10.2]
	at org.testng.SuiteRunner.runSequentially(SuiteRunner.java:413) [testng-7.10.2.jar:7.10.2]
	at org.testng.SuiteRunner.privateRun(SuiteRunner.java:373) [testng-7.10.2.jar:7.10.2]
	at org.testng.SuiteRunner.run(SuiteRunner.java:312) [testng-7.10.2.jar:7.10.2]
	at org.testng.SuiteRunnerWorker.runSuite(SuiteRunnerWorker.java:52) [testng-7.10.2.jar:7.10.2]
	at org.testng.SuiteRunnerWorker.run(SuiteRunnerWorker.java:95) [testng-7.10.2.jar:7.10.2]
	at org.testng.TestNG.runSuitesSequentially(TestNG.java:1274) [testng-7.10.2.jar:7.10.2]
	at org.testng.TestNG.runSuitesLocally(TestNG.java:1208) [testng-7.10.2.jar:7.10.2]
	at org.testng.TestNG.runSuites(TestNG.java:1112) [testng-7.10.2.jar:7.10.2]
	at org.testng.TestNG.run(TestNG.java:1079) [testng-7.10.2.jar:7.10.2]
	at com.intellij.rt.testng.IDEARemoteTestNG.run(IDEARemoteTestNG.java:65) [testng-rt.jar:?]
	at com.intellij.rt.testng.RemoteTestNGStarter.main(RemoteTestNGStarter.java:105) [testng-rt.jar:?]
2025-03-04 12:11:38 [main] INFO  Logger - Deleted old screenshot for the failed test: screenshots/VerifyHomePageJoinButtonIsPresented.png
2025-03-04 12:11:38 [main] ERROR Logger - New screenshot saved at screenshots/VerifyHomePageJoinButtonIsPresented.png
2025-03-04 12:11:38 [main] INFO  Logger - Deleted old log file: logs/VerifyHomePageJoinButtonIsPresented.log
2025-03-04 12:11:38 [main] ERROR Logger - Logs saved at logs/VerifyHomePageJoinButtonIsPresented.log
2025-03-04 12:11:41 [main] INFO  Logger - Failure email sent!
2025-03-04 13:06:11 [main] INFO  Utils - [TestNG] Running:
  /Users/niko/Library/Caches/JetBrains/IdeaIC2023.3/temp-testng-customsuite.xml

2025-03-04 13:06:14 [main] ERROR Logger - Test failed: "VerifyHomePageJoinButtonIsPresented"
2025-03-04 13:06:14 [main] ERROR Logger - Result of the failed test can be found below!
java.lang.AssertionError: expected [false] but found [true]
	at org.testng.Assert.fail(Assert.java:111) ~[testng-7.10.2.jar:7.10.2]
	at org.testng.Assert.failNotEquals(Assert.java:1578) ~[testng-7.10.2.jar:7.10.2]
	at org.testng.Assert.assertFalse(Assert.java:79) ~[testng-7.10.2.jar:7.10.2]
	at org.testng.Assert.assertFalse(Assert.java:89) ~[testng-7.10.2.jar:7.10.2]
	at Pages.HomePage.HomePageAssertions.assertIfJoinNowButtonIsAvailable(HomePageAssertions.java:23) ~[classes/:?]
	at HomePageTests.VerifyHomePageJoinButtonIsPresented(HomePageTests.java:18) ~[test-classes/:?]
	at jdk.internal.reflect.DirectMethodHandleAccessor.invoke(DirectMethodHandleAccessor.java:103) ~[?:?]
	at java.lang.reflect.Method.invoke(Method.java:580) ~[?:?]
	at org.testng.internal.invokers.MethodInvocationHelper.invokeMethod(MethodInvocationHelper.java:141) ~[testng-7.10.2.jar:7.10.2]
	at org.testng.internal.invokers.TestInvoker.invokeMethod(TestInvoker.java:686) ~[testng-7.10.2.jar:7.10.2]
	at org.testng.internal.invokers.TestInvoker.invokeTestMethod(TestInvoker.java:230) ~[testng-7.10.2.jar:7.10.2]
	at org.testng.internal.invokers.MethodRunner.runInSequence(MethodRunner.java:63) ~[testng-7.10.2.jar:7.10.2]
	at org.testng.internal.invokers.TestInvoker$MethodInvocationAgent.invoke(TestInvoker.java:992) ~[testng-7.10.2.jar:7.10.2]
	at org.testng.internal.invokers.TestInvoker.invokeTestMethods(TestInvoker.java:203) ~[testng-7.10.2.jar:7.10.2]
	at org.testng.internal.invokers.TestMethodWorker.invokeTestMethods(TestMethodWorker.java:154) ~[testng-7.10.2.jar:7.10.2]
	at org.testng.internal.invokers.TestMethodWorker.run(TestMethodWorker.java:134) ~[testng-7.10.2.jar:7.10.2]
	at java.util.ArrayList.forEach(ArrayList.java:1596) [?:?]
	at org.testng.TestRunner.privateRun(TestRunner.java:739) [testng-7.10.2.jar:7.10.2]
	at org.testng.TestRunner.run(TestRunner.java:614) [testng-7.10.2.jar:7.10.2]
	at org.testng.SuiteRunner.runTest(SuiteRunner.java:421) [testng-7.10.2.jar:7.10.2]
	at org.testng.SuiteRunner.runSequentially(SuiteRunner.java:413) [testng-7.10.2.jar:7.10.2]
	at org.testng.SuiteRunner.privateRun(SuiteRunner.java:373) [testng-7.10.2.jar:7.10.2]
	at org.testng.SuiteRunner.run(SuiteRunner.java:312) [testng-7.10.2.jar:7.10.2]
	at org.testng.SuiteRunnerWorker.runSuite(SuiteRunnerWorker.java:52) [testng-7.10.2.jar:7.10.2]
	at org.testng.SuiteRunnerWorker.run(SuiteRunnerWorker.java:95) [testng-7.10.2.jar:7.10.2]
	at org.testng.TestNG.runSuitesSequentially(TestNG.java:1274) [testng-7.10.2.jar:7.10.2]
	at org.testng.TestNG.runSuitesLocally(TestNG.java:1208) [testng-7.10.2.jar:7.10.2]
	at org.testng.TestNG.runSuites(TestNG.java:1112) [testng-7.10.2.jar:7.10.2]
	at org.testng.TestNG.run(TestNG.java:1079) [testng-7.10.2.jar:7.10.2]
	at com.intellij.rt.testng.IDEARemoteTestNG.run(IDEARemoteTestNG.java:65) [testng-rt.jar:?]
	at com.intellij.rt.testng.RemoteTestNGStarter.main(RemoteTestNGStarter.java:105) [testng-rt.jar:?]
2025-03-04 13:06:14 [main] INFO  Logger - Deleted old screenshot for the failed test: screenshots/VerifyHomePageJoinButtonIsPresented.png
2025-03-04 13:06:14 [main] ERROR Logger - New screenshot saved at screenshots/VerifyHomePageJoinButtonIsPresented.png
2025-03-04 13:06:14 [main] INFO  Logger - Deleted old log file: logs/VerifyHomePageJoinButtonIsPresented.log
2025-03-04 13:06:14 [main] ERROR Logger - Logs saved at logs/VerifyHomePageJoinButtonIsPresented.log
2025-03-04 13:06:17 [main] INFO  Logger - Email sent upon test failure!
2025-03-04 14:12:30 [main] INFO  Utils - [TestNG] Running:
  /Users/niko/Library/Caches/JetBrains/IdeaIC2023.3/temp-testng-customsuite.xml

2025-03-04 14:12:30 [main] ERROR Logger - Failed to load appConfig.json: 
2025-03-04 14:16:53 [main] INFO  Utils - [TestNG] Running:
  /Users/niko/Library/Caches/JetBrains/IdeaIC2023.3/temp-testng-customsuite.xml

2025-03-04 14:16:56 [main] ERROR Logger - Test failed: "VerifyHomePageJoinButtonIsPresented"
2025-03-04 14:16:56 [main] ERROR Logger - Result of the failed test can be found below!
java.lang.AssertionError: expected [false] but found [true]
	at org.testng.Assert.fail(Assert.java:111) ~[testng-7.10.2.jar:7.10.2]
	at org.testng.Assert.failNotEquals(Assert.java:1578) ~[testng-7.10.2.jar:7.10.2]
	at org.testng.Assert.assertFalse(Assert.java:79) ~[testng-7.10.2.jar:7.10.2]
	at org.testng.Assert.assertFalse(Assert.java:89) ~[testng-7.10.2.jar:7.10.2]
	at Pages.HomePage.HomePageAssertions.assertIfJoinNowButtonIsAvailable(HomePageAssertions.java:23) ~[classes/:?]
	at HomePageTests.VerifyHomePageJoinButtonIsPresented(HomePageTests.java:18) ~[test-classes/:?]
	at jdk.internal.reflect.DirectMethodHandleAccessor.invoke(DirectMethodHandleAccessor.java:103) ~[?:?]
	at java.lang.reflect.Method.invoke(Method.java:580) ~[?:?]
	at org.testng.internal.invokers.MethodInvocationHelper.invokeMethod(MethodInvocationHelper.java:141) ~[testng-7.10.2.jar:7.10.2]
	at org.testng.internal.invokers.TestInvoker.invokeMethod(TestInvoker.java:686) ~[testng-7.10.2.jar:7.10.2]
	at org.testng.internal.invokers.TestInvoker.invokeTestMethod(TestInvoker.java:230) ~[testng-7.10.2.jar:7.10.2]
	at org.testng.internal.invokers.MethodRunner.runInSequence(MethodRunner.java:63) ~[testng-7.10.2.jar:7.10.2]
	at org.testng.internal.invokers.TestInvoker$MethodInvocationAgent.invoke(TestInvoker.java:992) ~[testng-7.10.2.jar:7.10.2]
	at org.testng.internal.invokers.TestInvoker.invokeTestMethods(TestInvoker.java:203) ~[testng-7.10.2.jar:7.10.2]
	at org.testng.internal.invokers.TestMethodWorker.invokeTestMethods(TestMethodWorker.java:154) ~[testng-7.10.2.jar:7.10.2]
	at org.testng.internal.invokers.TestMethodWorker.run(TestMethodWorker.java:134) ~[testng-7.10.2.jar:7.10.2]
	at java.util.ArrayList.forEach(ArrayList.java:1596) [?:?]
	at org.testng.TestRunner.privateRun(TestRunner.java:739) [testng-7.10.2.jar:7.10.2]
	at org.testng.TestRunner.run(TestRunner.java:614) [testng-7.10.2.jar:7.10.2]
	at org.testng.SuiteRunner.runTest(SuiteRunner.java:421) [testng-7.10.2.jar:7.10.2]
	at org.testng.SuiteRunner.runSequentially(SuiteRunner.java:413) [testng-7.10.2.jar:7.10.2]
	at org.testng.SuiteRunner.privateRun(SuiteRunner.java:373) [testng-7.10.2.jar:7.10.2]
	at org.testng.SuiteRunner.run(SuiteRunner.java:312) [testng-7.10.2.jar:7.10.2]
	at org.testng.SuiteRunnerWorker.runSuite(SuiteRunnerWorker.java:52) [testng-7.10.2.jar:7.10.2]
	at org.testng.SuiteRunnerWorker.run(SuiteRunnerWorker.java:95) [testng-7.10.2.jar:7.10.2]
	at org.testng.TestNG.runSuitesSequentially(TestNG.java:1274) [testng-7.10.2.jar:7.10.2]
	at org.testng.TestNG.runSuitesLocally(TestNG.java:1208) [testng-7.10.2.jar:7.10.2]
	at org.testng.TestNG.runSuites(TestNG.java:1112) [testng-7.10.2.jar:7.10.2]
	at org.testng.TestNG.run(TestNG.java:1079) [testng-7.10.2.jar:7.10.2]
	at com.intellij.rt.testng.IDEARemoteTestNG.run(IDEARemoteTestNG.java:65) [testng-rt.jar:?]
	at com.intellij.rt.testng.RemoteTestNGStarter.main(RemoteTestNGStarter.java:105) [testng-rt.jar:?]
2025-03-04 14:16:56 [main] INFO  Logger - Deleted old screenshot for the failed test: screenshots/VerifyHomePageJoinButtonIsPresented.png
2025-03-04 14:16:56 [main] ERROR Logger - New screenshot saved at screenshots/VerifyHomePageJoinButtonIsPresented.png
2025-03-04 14:16:56 [main] INFO  Logger - Deleted old log file: logs/VerifyHomePageJoinButtonIsPresented.log
2025-03-04 14:16:56 [main] ERROR Logger - Logs saved at logs/VerifyHomePageJoinButtonIsPresented.log
2025-03-04 14:16:59 [main] INFO  Logger - Email sent upon test failure!
2025-03-25 06:58:39 [main] INFO  Logger - Test "VerifyHomePageJoinButtonIsPresented" failed! Retrying the test! Attempt 1 !
2025-03-25 06:58:40 [main] INFO  Logger - Test "VerifyHomePageJoinButtonIsPresented" failed! Retrying the test! Attempt 2 !
2025-03-25 06:58:40 [main] ERROR Logger - Test failed: "VerifyHomePageJoinButtonIsPresented"
2025-03-25 06:58:40 [main] ERROR Logger - Result of the failed test can be found below!
java.lang.AssertionError: expected [false] but found [true]
	at org.testng.Assert.fail(Assert.java:111) ~[testng-7.10.2.jar:7.10.2]
	at org.testng.Assert.failNotEquals(Assert.java:1578) ~[testng-7.10.2.jar:7.10.2]
	at org.testng.Assert.assertFalse(Assert.java:79) ~[testng-7.10.2.jar:7.10.2]
	at org.testng.Assert.assertFalse(Assert.java:89) ~[testng-7.10.2.jar:7.10.2]
	at Pages.HomePage.HomePageAssertions.assertIfJoinNowButtonIsAvailable(HomePageAssertions.java:23) ~[classes/:?]
	at HomePageTests.VerifyHomePageJoinButtonIsPresented(HomePageTests.java:18) ~[test-classes/:?]
	at jdk.internal.reflect.DirectMethodHandleAccessor.invoke(DirectMethodHandleAccessor.java:103) ~[?:?]
	at java.lang.reflect.Method.invoke(Method.java:580) ~[?:?]
	at org.testng.internal.invokers.MethodInvocationHelper.invokeMethod(MethodInvocationHelper.java:141) ~[testng-7.10.2.jar:7.10.2]
	at org.testng.internal.invokers.TestInvoker.invokeMethod(TestInvoker.java:686) ~[testng-7.10.2.jar:7.10.2]
	at org.testng.internal.invokers.TestInvoker.retryFailed(TestInvoker.java:269) ~[testng-7.10.2.jar:7.10.2]
	at org.testng.internal.invokers.MethodRunner.runInSequence(MethodRunner.java:76) ~[testng-7.10.2.jar:7.10.2]
	at org.testng.internal.invokers.TestInvoker$MethodInvocationAgent.invoke(TestInvoker.java:992) ~[testng-7.10.2.jar:7.10.2]
	at org.testng.internal.invokers.TestInvoker.invokeTestMethods(TestInvoker.java:203) ~[testng-7.10.2.jar:7.10.2]
	at org.testng.internal.invokers.TestMethodWorker.invokeTestMethods(TestMethodWorker.java:154) ~[testng-7.10.2.jar:7.10.2]
	at org.testng.internal.invokers.TestMethodWorker.run(TestMethodWorker.java:134) ~[testng-7.10.2.jar:7.10.2]
	at java.util.ArrayList.forEach(ArrayList.java:1597) [?:?]
	at org.testng.TestRunner.privateRun(TestRunner.java:739) [testng-7.10.2.jar:7.10.2]
	at org.testng.TestRunner.run(TestRunner.java:614) [testng-7.10.2.jar:7.10.2]
	at org.testng.SuiteRunner.runTest(SuiteRunner.java:421) [testng-7.10.2.jar:7.10.2]
	at org.testng.SuiteRunner.runSequentially(SuiteRunner.java:413) [testng-7.10.2.jar:7.10.2]
	at org.testng.SuiteRunner.privateRun(SuiteRunner.java:373) [testng-7.10.2.jar:7.10.2]
	at org.testng.SuiteRunner.run(SuiteRunner.java:312) [testng-7.10.2.jar:7.10.2]
	at org.testng.SuiteRunnerWorker.runSuite(SuiteRunnerWorker.java:52) [testng-7.10.2.jar:7.10.2]
	at org.testng.SuiteRunnerWorker.run(SuiteRunnerWorker.java:95) [testng-7.10.2.jar:7.10.2]
	at org.testng.TestNG.runSuitesSequentially(TestNG.java:1274) [testng-7.10.2.jar:7.10.2]
	at org.testng.TestNG.runSuitesLocally(TestNG.java:1208) [testng-7.10.2.jar:7.10.2]
	at org.testng.TestNG.runSuites(TestNG.java:1112) [testng-7.10.2.jar:7.10.2]
	at org.testng.TestNG.run(TestNG.java:1079) [testng-7.10.2.jar:7.10.2]
	at org.apache.maven.surefire.testng.TestNGExecutor.run(TestNGExecutor.java:308) [surefire-testng-3.0.0.jar:3.0.0]
	at org.apache.maven.surefire.testng.TestNGXmlTestSuite.execute(TestNGXmlTestSuite.java:71) [surefire-testng-3.0.0.jar:3.0.0]
	at org.apache.maven.surefire.testng.TestNGProvider.invoke(TestNGProvider.java:113) [surefire-testng-3.0.0.jar:3.0.0]
	at org.apache.maven.surefire.booter.ForkedBooter.runSuitesInProcess(ForkedBooter.java:385) [surefire-booter-3.0.0.jar:3.0.0]
	at org.apache.maven.surefire.booter.ForkedBooter.execute(ForkedBooter.java:162) [surefire-booter-3.0.0.jar:3.0.0]
	at org.apache.maven.surefire.booter.ForkedBooter.run(ForkedBooter.java:507) [surefire-booter-3.0.0.jar:3.0.0]
	at org.apache.maven.surefire.booter.ForkedBooter.main(ForkedBooter.java:495) [surefire-booter-3.0.0.jar:3.0.0]
2025-03-25 06:58:40 [main] INFO  Logger - Deleted old screenshot for the failed test: screenshots/VerifyHomePageJoinButtonIsPresented.png
2025-03-25 06:58:40 [main] ERROR Logger - New screenshot saved at screenshots/VerifyHomePageJoinButtonIsPresented.png
2025-03-25 06:58:40 [main] INFO  Logger - Deleted old log file: logs/VerifyHomePageJoinButtonIsPresented.log
2025-03-25 06:58:40 [main] ERROR Logger - Logs saved at logs/VerifyHomePageJoinButtonIsPresented.log
2025-03-25 06:58:43 [main] INFO  Logger - Email sent upon test failure!
2025-03-25 07:00:17 [main] INFO  Logger - Test "VerifyHomePageJoinButtonIsPresented" failed! Retrying the test! Attempt 1 !
2025-03-25 07:00:17 [main] INFO  Logger - Test "VerifyHomePageJoinButtonIsPresented" failed! Retrying the test! Attempt 2 !
2025-03-25 07:00:17 [main] ERROR Logger - Test failed: "VerifyHomePageJoinButtonIsPresented"
2025-03-25 07:00:17 [main] ERROR Logger - Result of the failed test can be found below!
java.lang.AssertionError: expected [false] but found [true]
	at org.testng.Assert.fail(Assert.java:111) ~[testng-7.10.2.jar:7.10.2]
	at org.testng.Assert.failNotEquals(Assert.java:1578) ~[testng-7.10.2.jar:7.10.2]
	at org.testng.Assert.assertFalse(Assert.java:79) ~[testng-7.10.2.jar:7.10.2]
	at org.testng.Assert.assertFalse(Assert.java:89) ~[testng-7.10.2.jar:7.10.2]
	at Pages.HomePage.HomePageAssertions.assertIfJoinNowButtonIsAvailable(HomePageAssertions.java:23) ~[classes/:?]
	at HomePageTests.VerifyHomePageJoinButtonIsPresented(HomePageTests.java:18) ~[test-classes/:?]
	at jdk.internal.reflect.DirectMethodHandleAccessor.invoke(DirectMethodHandleAccessor.java:103) ~[?:?]
	at java.lang.reflect.Method.invoke(Method.java:580) ~[?:?]
	at org.testng.internal.invokers.MethodInvocationHelper.invokeMethod(MethodInvocationHelper.java:141) ~[testng-7.10.2.jar:7.10.2]
	at org.testng.internal.invokers.TestInvoker.invokeMethod(TestInvoker.java:686) ~[testng-7.10.2.jar:7.10.2]
	at org.testng.internal.invokers.TestInvoker.retryFailed(TestInvoker.java:269) ~[testng-7.10.2.jar:7.10.2]
	at org.testng.internal.invokers.MethodRunner.runInSequence(MethodRunner.java:76) ~[testng-7.10.2.jar:7.10.2]
	at org.testng.internal.invokers.TestInvoker$MethodInvocationAgent.invoke(TestInvoker.java:992) ~[testng-7.10.2.jar:7.10.2]
	at org.testng.internal.invokers.TestInvoker.invokeTestMethods(TestInvoker.java:203) ~[testng-7.10.2.jar:7.10.2]
	at org.testng.internal.invokers.TestMethodWorker.invokeTestMethods(TestMethodWorker.java:154) ~[testng-7.10.2.jar:7.10.2]
	at org.testng.internal.invokers.TestMethodWorker.run(TestMethodWorker.java:134) ~[testng-7.10.2.jar:7.10.2]
	at java.util.ArrayList.forEach(ArrayList.java:1597) [?:?]
	at org.testng.TestRunner.privateRun(TestRunner.java:739) [testng-7.10.2.jar:7.10.2]
	at org.testng.TestRunner.run(TestRunner.java:614) [testng-7.10.2.jar:7.10.2]
	at org.testng.SuiteRunner.runTest(SuiteRunner.java:421) [testng-7.10.2.jar:7.10.2]
	at org.testng.SuiteRunner.runSequentially(SuiteRunner.java:413) [testng-7.10.2.jar:7.10.2]
	at org.testng.SuiteRunner.privateRun(SuiteRunner.java:373) [testng-7.10.2.jar:7.10.2]
	at org.testng.SuiteRunner.run(SuiteRunner.java:312) [testng-7.10.2.jar:7.10.2]
	at org.testng.SuiteRunnerWorker.runSuite(SuiteRunnerWorker.java:52) [testng-7.10.2.jar:7.10.2]
	at org.testng.SuiteRunnerWorker.run(SuiteRunnerWorker.java:95) [testng-7.10.2.jar:7.10.2]
	at org.testng.TestNG.runSuitesSequentially(TestNG.java:1274) [testng-7.10.2.jar:7.10.2]
	at org.testng.TestNG.runSuitesLocally(TestNG.java:1208) [testng-7.10.2.jar:7.10.2]
	at org.testng.TestNG.runSuites(TestNG.java:1112) [testng-7.10.2.jar:7.10.2]
	at org.testng.TestNG.run(TestNG.java:1079) [testng-7.10.2.jar:7.10.2]
	at org.apache.maven.surefire.testng.TestNGExecutor.run(TestNGExecutor.java:308) [surefire-testng-3.0.0.jar:3.0.0]
	at org.apache.maven.surefire.testng.TestNGXmlTestSuite.execute(TestNGXmlTestSuite.java:71) [surefire-testng-3.0.0.jar:3.0.0]
	at org.apache.maven.surefire.testng.TestNGProvider.invoke(TestNGProvider.java:113) [surefire-testng-3.0.0.jar:3.0.0]
	at org.apache.maven.surefire.booter.ForkedBooter.runSuitesInProcess(ForkedBooter.java:385) [surefire-booter-3.0.0.jar:3.0.0]
	at org.apache.maven.surefire.booter.ForkedBooter.execute(ForkedBooter.java:162) [surefire-booter-3.0.0.jar:3.0.0]
	at org.apache.maven.surefire.booter.ForkedBooter.run(ForkedBooter.java:507) [surefire-booter-3.0.0.jar:3.0.0]
	at org.apache.maven.surefire.booter.ForkedBooter.main(ForkedBooter.java:495) [surefire-booter-3.0.0.jar:3.0.0]
2025-03-25 07:00:17 [main] INFO  Logger - Deleted old screenshot for the failed test: screenshots/VerifyHomePageJoinButtonIsPresented.png
2025-03-25 07:00:17 [main] ERROR Logger - New screenshot saved at screenshots/VerifyHomePageJoinButtonIsPresented.png
2025-03-25 07:00:17 [main] INFO  Logger - Deleted old log file: logs/VerifyHomePageJoinButtonIsPresented.log
2025-03-25 07:00:17 [main] ERROR Logger - Logs saved at logs/VerifyHomePageJoinButtonIsPresented.log
2025-03-25 07:00:20 [main] INFO  Logger - Email sent upon test failure!
2025-03-25 07:01:12 [main] INFO  Utils - [TestNG] Running:
  /Users/niko/Library/Caches/JetBrains/IdeaIC2023.3/temp-testng-customsuite.xml

2025-03-25 07:01:42 [main] INFO  Utils - [TestNG] Running:
  /Users/niko/Library/Caches/JetBrains/IdeaIC2023.3/temp-testng-customsuite.xml

2025-03-25 07:01:44 [main] ERROR Logger - Test failed: "VerifyHomePageJoinButtonIsPresented"
2025-03-25 07:01:44 [main] ERROR Logger - Result of the failed test can be found below!
java.lang.AssertionError: expected [false] but found [true]
	at org.testng.Assert.fail(Assert.java:111) ~[testng-7.10.2.jar:7.10.2]
	at org.testng.Assert.failNotEquals(Assert.java:1578) ~[testng-7.10.2.jar:7.10.2]
	at org.testng.Assert.assertFalse(Assert.java:79) ~[testng-7.10.2.jar:7.10.2]
	at org.testng.Assert.assertFalse(Assert.java:89) ~[testng-7.10.2.jar:7.10.2]
	at Pages.HomePage.HomePageAssertions.assertIfJoinNowButtonIsAvailable(HomePageAssertions.java:23) ~[classes/:?]
	at HomePageTests.VerifyHomePageJoinButtonIsPresented(HomePageTests.java:18) ~[test-classes/:?]
	at jdk.internal.reflect.DirectMethodHandleAccessor.invoke(DirectMethodHandleAccessor.java:103) ~[?:?]
	at java.lang.reflect.Method.invoke(Method.java:580) ~[?:?]
	at org.testng.internal.invokers.MethodInvocationHelper.invokeMethod(MethodInvocationHelper.java:141) ~[testng-7.10.2.jar:7.10.2]
	at org.testng.internal.invokers.TestInvoker.invokeMethod(TestInvoker.java:686) ~[testng-7.10.2.jar:7.10.2]
	at org.testng.internal.invokers.TestInvoker.invokeTestMethod(TestInvoker.java:230) ~[testng-7.10.2.jar:7.10.2]
	at org.testng.internal.invokers.MethodRunner.runInSequence(MethodRunner.java:63) ~[testng-7.10.2.jar:7.10.2]
	at org.testng.internal.invokers.TestInvoker$MethodInvocationAgent.invoke(TestInvoker.java:992) ~[testng-7.10.2.jar:7.10.2]
	at org.testng.internal.invokers.TestInvoker.invokeTestMethods(TestInvoker.java:203) ~[testng-7.10.2.jar:7.10.2]
	at org.testng.internal.invokers.TestMethodWorker.invokeTestMethods(TestMethodWorker.java:154) ~[testng-7.10.2.jar:7.10.2]
	at org.testng.internal.invokers.TestMethodWorker.run(TestMethodWorker.java:134) ~[testng-7.10.2.jar:7.10.2]
	at java.util.ArrayList.forEach(ArrayList.java:1596) [?:?]
	at org.testng.TestRunner.privateRun(TestRunner.java:739) [testng-7.10.2.jar:7.10.2]
	at org.testng.TestRunner.run(TestRunner.java:614) [testng-7.10.2.jar:7.10.2]
	at org.testng.SuiteRunner.runTest(SuiteRunner.java:421) [testng-7.10.2.jar:7.10.2]
	at org.testng.SuiteRunner.runSequentially(SuiteRunner.java:413) [testng-7.10.2.jar:7.10.2]
	at org.testng.SuiteRunner.privateRun(SuiteRunner.java:373) [testng-7.10.2.jar:7.10.2]
	at org.testng.SuiteRunner.run(SuiteRunner.java:312) [testng-7.10.2.jar:7.10.2]
	at org.testng.SuiteRunnerWorker.runSuite(SuiteRunnerWorker.java:52) [testng-7.10.2.jar:7.10.2]
	at org.testng.SuiteRunnerWorker.run(SuiteRunnerWorker.java:95) [testng-7.10.2.jar:7.10.2]
	at org.testng.TestNG.runSuitesSequentially(TestNG.java:1274) [testng-7.10.2.jar:7.10.2]
	at org.testng.TestNG.runSuitesLocally(TestNG.java:1208) [testng-7.10.2.jar:7.10.2]
	at org.testng.TestNG.runSuites(TestNG.java:1112) [testng-7.10.2.jar:7.10.2]
	at org.testng.TestNG.run(TestNG.java:1079) [testng-7.10.2.jar:7.10.2]
	at com.intellij.rt.testng.IDEARemoteTestNG.run(IDEARemoteTestNG.java:65) [testng-rt.jar:?]
	at com.intellij.rt.testng.RemoteTestNGStarter.main(RemoteTestNGStarter.java:105) [testng-rt.jar:?]
2025-03-25 07:01:44 [main] INFO  Logger - Deleted old screenshot for the failed test: screenshots/VerifyHomePageJoinButtonIsPresented.png
2025-03-25 07:01:44 [main] ERROR Logger - New screenshot saved at screenshots/VerifyHomePageJoinButtonIsPresented.png
2025-03-25 07:01:44 [main] INFO  Logger - Deleted old log file: logs/VerifyHomePageJoinButtonIsPresented.log
2025-03-25 07:01:44 [main] ERROR Logger - Logs saved at logs/VerifyHomePageJoinButtonIsPresented.log
2025-03-25 07:01:47 [main] INFO  Logger - Email sent upon test failure!
2025-03-25 17:36:02 [main] INFO  Utils - [TestNG] Running:
  /Users/niko/Library/Caches/JetBrains/IdeaIC2023.3/temp-testng-customsuite.xml

2025-03-25 17:36:05 [main] ERROR Logger - Test failed: "VerifyHomePageJoinButtonIsPresented"
2025-03-25 17:36:05 [main] ERROR Logger - Result of the failed test can be found below!
java.lang.AssertionError: expected [false] but found [true]
	at org.testng.Assert.fail(Assert.java:111) ~[testng-7.10.2.jar:7.10.2]
	at org.testng.Assert.failNotEquals(Assert.java:1578) ~[testng-7.10.2.jar:7.10.2]
	at org.testng.Assert.assertFalse(Assert.java:79) ~[testng-7.10.2.jar:7.10.2]
	at org.testng.Assert.assertFalse(Assert.java:89) ~[testng-7.10.2.jar:7.10.2]
	at Pages.HomePage.HomePageAssertions.assertIfJoinNowButtonIsAvailable(HomePageAssertions.java:23) ~[classes/:?]
	at HomePageTests.VerifyHomePageJoinButtonIsPresented(HomePageTests.java:28) ~[test-classes/:?]
	at jdk.internal.reflect.DirectMethodHandleAccessor.invoke(DirectMethodHandleAccessor.java:103) ~[?:?]
	at java.lang.reflect.Method.invoke(Method.java:580) ~[?:?]
	at org.testng.internal.invokers.MethodInvocationHelper.invokeMethod(MethodInvocationHelper.java:141) ~[testng-7.10.2.jar:7.10.2]
	at org.testng.internal.invokers.TestInvoker.invokeMethod(TestInvoker.java:686) ~[testng-7.10.2.jar:7.10.2]
	at org.testng.internal.invokers.TestInvoker.invokeTestMethod(TestInvoker.java:230) ~[testng-7.10.2.jar:7.10.2]
	at org.testng.internal.invokers.MethodRunner.runInSequence(MethodRunner.java:63) ~[testng-7.10.2.jar:7.10.2]
	at org.testng.internal.invokers.TestInvoker$MethodInvocationAgent.invoke(TestInvoker.java:992) ~[testng-7.10.2.jar:7.10.2]
	at org.testng.internal.invokers.TestInvoker.invokeTestMethods(TestInvoker.java:203) ~[testng-7.10.2.jar:7.10.2]
	at org.testng.internal.invokers.TestMethodWorker.invokeTestMethods(TestMethodWorker.java:154) ~[testng-7.10.2.jar:7.10.2]
	at org.testng.internal.invokers.TestMethodWorker.run(TestMethodWorker.java:134) ~[testng-7.10.2.jar:7.10.2]
	at java.util.ArrayList.forEach(ArrayList.java:1596) [?:?]
	at org.testng.TestRunner.privateRun(TestRunner.java:739) [testng-7.10.2.jar:7.10.2]
	at org.testng.TestRunner.run(TestRunner.java:614) [testng-7.10.2.jar:7.10.2]
	at org.testng.SuiteRunner.runTest(SuiteRunner.java:421) [testng-7.10.2.jar:7.10.2]
	at org.testng.SuiteRunner.runSequentially(SuiteRunner.java:413) [testng-7.10.2.jar:7.10.2]
	at org.testng.SuiteRunner.privateRun(SuiteRunner.java:373) [testng-7.10.2.jar:7.10.2]
	at org.testng.SuiteRunner.run(SuiteRunner.java:312) [testng-7.10.2.jar:7.10.2]
	at org.testng.SuiteRunnerWorker.runSuite(SuiteRunnerWorker.java:52) [testng-7.10.2.jar:7.10.2]
	at org.testng.SuiteRunnerWorker.run(SuiteRunnerWorker.java:95) [testng-7.10.2.jar:7.10.2]
	at org.testng.TestNG.runSuitesSequentially(TestNG.java:1274) [testng-7.10.2.jar:7.10.2]
	at org.testng.TestNG.runSuitesLocally(TestNG.java:1208) [testng-7.10.2.jar:7.10.2]
	at org.testng.TestNG.runSuites(TestNG.java:1112) [testng-7.10.2.jar:7.10.2]
	at org.testng.TestNG.run(TestNG.java:1079) [testng-7.10.2.jar:7.10.2]
	at com.intellij.rt.testng.IDEARemoteTestNG.run(IDEARemoteTestNG.java:65) [testng-rt.jar:?]
	at com.intellij.rt.testng.RemoteTestNGStarter.main(RemoteTestNGStarter.java:105) [testng-rt.jar:?]
2025-03-25 17:36:05 [main] INFO  Logger - Deleted old screenshot for the failed test: screenshots/VerifyHomePageJoinButtonIsPresented.png
2025-03-25 17:36:05 [main] ERROR Logger - New screenshot saved at screenshots/VerifyHomePageJoinButtonIsPresented.png
2025-03-25 17:36:05 [main] INFO  Logger - Deleted old log file: logs/VerifyHomePageJoinButtonIsPresented.log
2025-03-25 17:36:05 [main] ERROR Logger - Logs saved at logs/VerifyHomePageJoinButtonIsPresented.log
2025-03-25 17:36:10 [main] INFO  Logger - Email sent upon test failure!
2025-03-25 17:37:06 [main] INFO  Utils - [TestNG] Running:
  /Users/niko/Library/Caches/JetBrains/IdeaIC2023.3/temp-testng-customsuite.xml

2025-03-25 17:37:09 [main] ERROR Logger - Test failed: "VerifyHomePageJoinButtonIsPresented"
2025-03-25 17:37:09 [main] ERROR Logger - Result of the failed test can be found below!
java.lang.AssertionError: expected [false] but found [true]
	at org.testng.Assert.fail(Assert.java:111) ~[testng-7.10.2.jar:7.10.2]
	at org.testng.Assert.failNotEquals(Assert.java:1578) ~[testng-7.10.2.jar:7.10.2]
	at org.testng.Assert.assertFalse(Assert.java:79) ~[testng-7.10.2.jar:7.10.2]
	at org.testng.Assert.assertFalse(Assert.java:89) ~[testng-7.10.2.jar:7.10.2]
	at Pages.HomePage.HomePageAssertions.assertIfJoinNowButtonIsAvailable(HomePageAssertions.java:23) ~[classes/:?]
	at HomePageTests.VerifyHomePageJoinButtonIsPresented(HomePageTests.java:28) ~[test-classes/:?]
	at jdk.internal.reflect.DirectMethodHandleAccessor.invoke(DirectMethodHandleAccessor.java:103) ~[?:?]
	at java.lang.reflect.Method.invoke(Method.java:580) ~[?:?]
	at org.testng.internal.invokers.MethodInvocationHelper.invokeMethod(MethodInvocationHelper.java:141) ~[testng-7.10.2.jar:7.10.2]
	at org.testng.internal.invokers.TestInvoker.invokeMethod(TestInvoker.java:686) ~[testng-7.10.2.jar:7.10.2]
	at org.testng.internal.invokers.TestInvoker.invokeTestMethod(TestInvoker.java:230) ~[testng-7.10.2.jar:7.10.2]
	at org.testng.internal.invokers.MethodRunner.runInSequence(MethodRunner.java:63) ~[testng-7.10.2.jar:7.10.2]
	at org.testng.internal.invokers.TestInvoker$MethodInvocationAgent.invoke(TestInvoker.java:992) ~[testng-7.10.2.jar:7.10.2]
	at org.testng.internal.invokers.TestInvoker.invokeTestMethods(TestInvoker.java:203) ~[testng-7.10.2.jar:7.10.2]
	at org.testng.internal.invokers.TestMethodWorker.invokeTestMethods(TestMethodWorker.java:154) ~[testng-7.10.2.jar:7.10.2]
	at org.testng.internal.invokers.TestMethodWorker.run(TestMethodWorker.java:134) ~[testng-7.10.2.jar:7.10.2]
	at java.util.ArrayList.forEach(ArrayList.java:1596) [?:?]
	at org.testng.TestRunner.privateRun(TestRunner.java:739) [testng-7.10.2.jar:7.10.2]
	at org.testng.TestRunner.run(TestRunner.java:614) [testng-7.10.2.jar:7.10.2]
	at org.testng.SuiteRunner.runTest(SuiteRunner.java:421) [testng-7.10.2.jar:7.10.2]
	at org.testng.SuiteRunner.runSequentially(SuiteRunner.java:413) [testng-7.10.2.jar:7.10.2]
	at org.testng.SuiteRunner.privateRun(SuiteRunner.java:373) [testng-7.10.2.jar:7.10.2]
	at org.testng.SuiteRunner.run(SuiteRunner.java:312) [testng-7.10.2.jar:7.10.2]
	at org.testng.SuiteRunnerWorker.runSuite(SuiteRunnerWorker.java:52) [testng-7.10.2.jar:7.10.2]
	at org.testng.SuiteRunnerWorker.run(SuiteRunnerWorker.java:95) [testng-7.10.2.jar:7.10.2]
	at org.testng.TestNG.runSuitesSequentially(TestNG.java:1274) [testng-7.10.2.jar:7.10.2]
	at org.testng.TestNG.runSuitesLocally(TestNG.java:1208) [testng-7.10.2.jar:7.10.2]
	at org.testng.TestNG.runSuites(TestNG.java:1112) [testng-7.10.2.jar:7.10.2]
	at org.testng.TestNG.run(TestNG.java:1079) [testng-7.10.2.jar:7.10.2]
	at com.intellij.rt.testng.IDEARemoteTestNG.run(IDEARemoteTestNG.java:65) [testng-rt.jar:?]
	at com.intellij.rt.testng.RemoteTestNGStarter.main(RemoteTestNGStarter.java:105) [testng-rt.jar:?]
2025-03-25 17:37:09 [main] INFO  Logger - Deleted old screenshot for the failed test: screenshots/VerifyHomePageJoinButtonIsPresented.png
2025-03-25 17:37:09 [main] ERROR Logger - New screenshot saved at screenshots/VerifyHomePageJoinButtonIsPresented.png
2025-03-25 17:37:09 [main] INFO  Logger - Deleted old log file: logs/VerifyHomePageJoinButtonIsPresented.log
2025-03-25 17:37:09 [main] ERROR Logger - Logs saved at logs/VerifyHomePageJoinButtonIsPresented.log
2025-03-25 17:37:12 [main] INFO  Logger - Email sent upon test failure!
2025-03-26 12:51:42 [main] INFO  Utils - [TestNG] Running:
  /Users/niko/Library/Caches/JetBrains/IdeaIC2023.3/temp-testng-customsuite.xml

2025-03-26 12:52:59 [main] INFO  Utils - [TestNG] Running:
  /Users/niko/Library/Caches/JetBrains/IdeaIC2023.3/temp-testng-customsuite.xml

2025-03-26 12:53:43 [main] INFO  Utils - [TestNG] Running:
  /Users/niko/Library/Caches/JetBrains/IdeaIC2023.3/temp-testng-customsuite.xml

2025-03-26 12:56:56 [main] INFO  Logger - Test "VerifyHomePageJoinButtonIsPresented" failed! Retrying the test! Attempt 1 !
2025-03-26 12:56:56 [main] INFO  Logger - Test "VerifyHomePageJoinButtonIsPresented" failed! Retrying the test! Attempt 2 !
2025-03-26 12:56:57 [main] ERROR Logger - Test failed: "VerifyHomePageJoinButtonIsPresented"
2025-03-26 12:56:57 [main] ERROR Logger - Result of the failed test can be found below!
java.lang.AssertionError: expected [false] but found [true]
	at org.testng.Assert.fail(Assert.java:111) ~[testng-7.10.2.jar:7.10.2]
	at org.testng.Assert.failNotEquals(Assert.java:1578) ~[testng-7.10.2.jar:7.10.2]
	at org.testng.Assert.assertFalse(Assert.java:79) ~[testng-7.10.2.jar:7.10.2]
	at org.testng.Assert.assertFalse(Assert.java:89) ~[testng-7.10.2.jar:7.10.2]
	at Pages.HomePage.HomePageAssertions.assertIfJoinNowButtonIsAvailable(HomePageAssertions.java:23) ~[classes/:?]
	at HomePageTests.VerifyHomePageJoinButtonIsPresented(HomePageTests.java:28) ~[test-classes/:?]
	at jdk.internal.reflect.DirectMethodHandleAccessor.invoke(DirectMethodHandleAccessor.java:103) ~[?:?]
	at java.lang.reflect.Method.invoke(Method.java:580) ~[?:?]
	at org.testng.internal.invokers.MethodInvocationHelper.invokeMethod(MethodInvocationHelper.java:141) ~[testng-7.10.2.jar:7.10.2]
	at org.testng.internal.invokers.TestInvoker.invokeMethod(TestInvoker.java:686) ~[testng-7.10.2.jar:7.10.2]
	at org.testng.internal.invokers.TestInvoker.retryFailed(TestInvoker.java:269) ~[testng-7.10.2.jar:7.10.2]
	at org.testng.internal.invokers.MethodRunner.runInSequence(MethodRunner.java:76) ~[testng-7.10.2.jar:7.10.2]
	at org.testng.internal.invokers.TestInvoker$MethodInvocationAgent.invoke(TestInvoker.java:992) ~[testng-7.10.2.jar:7.10.2]
	at org.testng.internal.invokers.TestInvoker.invokeTestMethods(TestInvoker.java:203) ~[testng-7.10.2.jar:7.10.2]
	at org.testng.internal.invokers.TestMethodWorker.invokeTestMethods(TestMethodWorker.java:154) ~[testng-7.10.2.jar:7.10.2]
	at org.testng.internal.invokers.TestMethodWorker.run(TestMethodWorker.java:134) ~[testng-7.10.2.jar:7.10.2]
	at java.util.ArrayList.forEach(ArrayList.java:1597) [?:?]
	at org.testng.TestRunner.privateRun(TestRunner.java:739) [testng-7.10.2.jar:7.10.2]
	at org.testng.TestRunner.run(TestRunner.java:614) [testng-7.10.2.jar:7.10.2]
	at org.testng.SuiteRunner.runTest(SuiteRunner.java:421) [testng-7.10.2.jar:7.10.2]
	at org.testng.SuiteRunner.runSequentially(SuiteRunner.java:413) [testng-7.10.2.jar:7.10.2]
	at org.testng.SuiteRunner.privateRun(SuiteRunner.java:373) [testng-7.10.2.jar:7.10.2]
	at org.testng.SuiteRunner.run(SuiteRunner.java:312) [testng-7.10.2.jar:7.10.2]
	at org.testng.SuiteRunnerWorker.runSuite(SuiteRunnerWorker.java:52) [testng-7.10.2.jar:7.10.2]
	at org.testng.SuiteRunnerWorker.run(SuiteRunnerWorker.java:95) [testng-7.10.2.jar:7.10.2]
	at org.testng.TestNG.runSuitesSequentially(TestNG.java:1274) [testng-7.10.2.jar:7.10.2]
	at org.testng.TestNG.runSuitesLocally(TestNG.java:1208) [testng-7.10.2.jar:7.10.2]
	at org.testng.TestNG.runSuites(TestNG.java:1112) [testng-7.10.2.jar:7.10.2]
	at org.testng.TestNG.run(TestNG.java:1079) [testng-7.10.2.jar:7.10.2]
	at org.apache.maven.surefire.testng.TestNGExecutor.run(TestNGExecutor.java:308) [surefire-testng-3.0.0.jar:3.0.0]
	at org.apache.maven.surefire.testng.TestNGXmlTestSuite.execute(TestNGXmlTestSuite.java:71) [surefire-testng-3.0.0.jar:3.0.0]
	at org.apache.maven.surefire.testng.TestNGProvider.invoke(TestNGProvider.java:113) [surefire-testng-3.0.0.jar:3.0.0]
	at org.apache.maven.surefire.booter.ForkedBooter.runSuitesInProcess(ForkedBooter.java:385) [surefire-booter-3.0.0.jar:3.0.0]
	at org.apache.maven.surefire.booter.ForkedBooter.execute(ForkedBooter.java:162) [surefire-booter-3.0.0.jar:3.0.0]
	at org.apache.maven.surefire.booter.ForkedBooter.run(ForkedBooter.java:507) [surefire-booter-3.0.0.jar:3.0.0]
	at org.apache.maven.surefire.booter.ForkedBooter.main(ForkedBooter.java:495) [surefire-booter-3.0.0.jar:3.0.0]
2025-03-26 12:56:57 [main] INFO  Logger - Deleted old screenshot for the failed test: screenshots/VerifyHomePageJoinButtonIsPresented.png
2025-03-26 12:56:57 [main] ERROR Logger - New screenshot saved at screenshots/VerifyHomePageJoinButtonIsPresented.png
2025-03-26 12:56:57 [main] INFO  Logger - Deleted old log file: logs/VerifyHomePageJoinButtonIsPresented.log
2025-03-26 12:56:57 [main] ERROR Logger - Logs saved at logs/VerifyHomePageJoinButtonIsPresented.log
2025-03-26 12:57:00 [main] INFO  Logger - Email sent upon test failure!
2025-03-26 12:59:27 [main] INFO  Logger - Test "VerifyHomePageJoinButtonIsPresented" failed! Retrying the test! Attempt 1 !
2025-03-26 12:59:27 [main] INFO  Logger - Test "VerifyHomePageJoinButtonIsPresented" failed! Retrying the test! Attempt 2 !
2025-03-26 12:59:28 [main] ERROR Logger - Test failed: "VerifyHomePageJoinButtonIsPresented"
2025-03-26 12:59:28 [main] ERROR Logger - Result of the failed test can be found below!
java.lang.AssertionError: expected [false] but found [true]
	at org.testng.Assert.fail(Assert.java:111) ~[testng-7.10.2.jar:7.10.2]
	at org.testng.Assert.failNotEquals(Assert.java:1578) ~[testng-7.10.2.jar:7.10.2]
	at org.testng.Assert.assertFalse(Assert.java:79) ~[testng-7.10.2.jar:7.10.2]
	at org.testng.Assert.assertFalse(Assert.java:89) ~[testng-7.10.2.jar:7.10.2]
	at Pages.HomePage.HomePageAssertions.assertIfJoinNowButtonIsAvailable(HomePageAssertions.java:23) ~[classes/:?]
	at HomePageTests.VerifyHomePageJoinButtonIsPresented(HomePageTests.java:28) ~[test-classes/:?]
	at jdk.internal.reflect.DirectMethodHandleAccessor.invoke(DirectMethodHandleAccessor.java:103) ~[?:?]
	at java.lang.reflect.Method.invoke(Method.java:580) ~[?:?]
	at org.testng.internal.invokers.MethodInvocationHelper.invokeMethod(MethodInvocationHelper.java:141) ~[testng-7.10.2.jar:7.10.2]
	at org.testng.internal.invokers.TestInvoker.invokeMethod(TestInvoker.java:686) ~[testng-7.10.2.jar:7.10.2]
	at org.testng.internal.invokers.TestInvoker.retryFailed(TestInvoker.java:269) ~[testng-7.10.2.jar:7.10.2]
	at org.testng.internal.invokers.MethodRunner.runInSequence(MethodRunner.java:76) ~[testng-7.10.2.jar:7.10.2]
	at org.testng.internal.invokers.TestInvoker$MethodInvocationAgent.invoke(TestInvoker.java:992) ~[testng-7.10.2.jar:7.10.2]
	at org.testng.internal.invokers.TestInvoker.invokeTestMethods(TestInvoker.java:203) ~[testng-7.10.2.jar:7.10.2]
	at org.testng.internal.invokers.TestMethodWorker.invokeTestMethods(TestMethodWorker.java:154) ~[testng-7.10.2.jar:7.10.2]
	at org.testng.internal.invokers.TestMethodWorker.run(TestMethodWorker.java:134) ~[testng-7.10.2.jar:7.10.2]
	at java.util.ArrayList.forEach(ArrayList.java:1597) [?:?]
	at org.testng.TestRunner.privateRun(TestRunner.java:739) [testng-7.10.2.jar:7.10.2]
	at org.testng.TestRunner.run(TestRunner.java:614) [testng-7.10.2.jar:7.10.2]
	at org.testng.SuiteRunner.runTest(SuiteRunner.java:421) [testng-7.10.2.jar:7.10.2]
	at org.testng.SuiteRunner.runSequentially(SuiteRunner.java:413) [testng-7.10.2.jar:7.10.2]
	at org.testng.SuiteRunner.privateRun(SuiteRunner.java:373) [testng-7.10.2.jar:7.10.2]
	at org.testng.SuiteRunner.run(SuiteRunner.java:312) [testng-7.10.2.jar:7.10.2]
	at org.testng.SuiteRunnerWorker.runSuite(SuiteRunnerWorker.java:52) [testng-7.10.2.jar:7.10.2]
	at org.testng.SuiteRunnerWorker.run(SuiteRunnerWorker.java:95) [testng-7.10.2.jar:7.10.2]
	at org.testng.TestNG.runSuitesSequentially(TestNG.java:1274) [testng-7.10.2.jar:7.10.2]
	at org.testng.TestNG.runSuitesLocally(TestNG.java:1208) [testng-7.10.2.jar:7.10.2]
	at org.testng.TestNG.runSuites(TestNG.java:1112) [testng-7.10.2.jar:7.10.2]
	at org.testng.TestNG.run(TestNG.java:1079) [testng-7.10.2.jar:7.10.2]
	at org.apache.maven.surefire.testng.TestNGExecutor.run(TestNGExecutor.java:308) [surefire-testng-3.0.0.jar:3.0.0]
	at org.apache.maven.surefire.testng.TestNGXmlTestSuite.execute(TestNGXmlTestSuite.java:71) [surefire-testng-3.0.0.jar:3.0.0]
	at org.apache.maven.surefire.testng.TestNGProvider.invoke(TestNGProvider.java:113) [surefire-testng-3.0.0.jar:3.0.0]
	at org.apache.maven.surefire.booter.ForkedBooter.runSuitesInProcess(ForkedBooter.java:385) [surefire-booter-3.0.0.jar:3.0.0]
	at org.apache.maven.surefire.booter.ForkedBooter.execute(ForkedBooter.java:162) [surefire-booter-3.0.0.jar:3.0.0]
	at org.apache.maven.surefire.booter.ForkedBooter.run(ForkedBooter.java:507) [surefire-booter-3.0.0.jar:3.0.0]
	at org.apache.maven.surefire.booter.ForkedBooter.main(ForkedBooter.java:495) [surefire-booter-3.0.0.jar:3.0.0]
2025-03-26 12:59:28 [main] INFO  Logger - Deleted old screenshot for the failed test: screenshots/VerifyHomePageJoinButtonIsPresented.png
2025-03-26 12:59:28 [main] ERROR Logger - New screenshot saved at screenshots/VerifyHomePageJoinButtonIsPresented.png
2025-03-26 12:59:28 [main] INFO  Logger - Deleted old log file: logs/VerifyHomePageJoinButtonIsPresented.log
2025-03-26 12:59:28 [main] ERROR Logger - Logs saved at logs/VerifyHomePageJoinButtonIsPresented.log
2025-03-26 12:59:30 [main] INFO  Logger - Email sent upon test failure!
2025-03-26 13:27:26 [main] INFO  Logger - Test "VerifyHomePageJoinButtonIsPresented" failed! Retrying the test! Attempt 1 !
2025-03-26 13:27:27 [main] INFO  Logger - Test "VerifyHomePageJoinButtonIsPresented" failed! Retrying the test! Attempt 2 !
2025-03-26 13:27:27 [main] ERROR Logger - Test failed: "VerifyHomePageJoinButtonIsPresented"
2025-03-26 13:27:27 [main] ERROR Logger - Result of the failed test can be found below!
java.lang.AssertionError: expected [false] but found [true]
	at org.testng.Assert.fail(Assert.java:111) ~[testng-7.10.2.jar:7.10.2]
	at org.testng.Assert.failNotEquals(Assert.java:1578) ~[testng-7.10.2.jar:7.10.2]
	at org.testng.Assert.assertFalse(Assert.java:79) ~[testng-7.10.2.jar:7.10.2]
	at org.testng.Assert.assertFalse(Assert.java:89) ~[testng-7.10.2.jar:7.10.2]
	at Pages.HomePage.HomePageAssertions.assertIfJoinNowButtonIsAvailable(HomePageAssertions.java:23) ~[classes/:?]
	at HomePageTests.VerifyHomePageJoinButtonIsPresented(HomePageTests.java:28) ~[test-classes/:?]
	at jdk.internal.reflect.DirectMethodHandleAccessor.invoke(DirectMethodHandleAccessor.java:103) ~[?:?]
	at java.lang.reflect.Method.invoke(Method.java:580) ~[?:?]
	at org.testng.internal.invokers.MethodInvocationHelper.invokeMethod(MethodInvocationHelper.java:141) ~[testng-7.10.2.jar:7.10.2]
	at org.testng.internal.invokers.TestInvoker.invokeMethod(TestInvoker.java:686) ~[testng-7.10.2.jar:7.10.2]
	at org.testng.internal.invokers.TestInvoker.retryFailed(TestInvoker.java:269) ~[testng-7.10.2.jar:7.10.2]
	at org.testng.internal.invokers.MethodRunner.runInSequence(MethodRunner.java:76) ~[testng-7.10.2.jar:7.10.2]
	at org.testng.internal.invokers.TestInvoker$MethodInvocationAgent.invoke(TestInvoker.java:992) ~[testng-7.10.2.jar:7.10.2]
	at org.testng.internal.invokers.TestInvoker.invokeTestMethods(TestInvoker.java:203) ~[testng-7.10.2.jar:7.10.2]
	at org.testng.internal.invokers.TestMethodWorker.invokeTestMethods(TestMethodWorker.java:154) ~[testng-7.10.2.jar:7.10.2]
	at org.testng.internal.invokers.TestMethodWorker.run(TestMethodWorker.java:134) ~[testng-7.10.2.jar:7.10.2]
	at java.util.ArrayList.forEach(ArrayList.java:1597) [?:?]
	at org.testng.TestRunner.privateRun(TestRunner.java:739) [testng-7.10.2.jar:7.10.2]
	at org.testng.TestRunner.run(TestRunner.java:614) [testng-7.10.2.jar:7.10.2]
	at org.testng.SuiteRunner.runTest(SuiteRunner.java:421) [testng-7.10.2.jar:7.10.2]
	at org.testng.SuiteRunner.runSequentially(SuiteRunner.java:413) [testng-7.10.2.jar:7.10.2]
	at org.testng.SuiteRunner.privateRun(SuiteRunner.java:373) [testng-7.10.2.jar:7.10.2]
	at org.testng.SuiteRunner.run(SuiteRunner.java:312) [testng-7.10.2.jar:7.10.2]
	at org.testng.SuiteRunnerWorker.runSuite(SuiteRunnerWorker.java:52) [testng-7.10.2.jar:7.10.2]
	at org.testng.SuiteRunnerWorker.run(SuiteRunnerWorker.java:95) [testng-7.10.2.jar:7.10.2]
	at org.testng.TestNG.runSuitesSequentially(TestNG.java:1274) [testng-7.10.2.jar:7.10.2]
	at org.testng.TestNG.runSuitesLocally(TestNG.java:1208) [testng-7.10.2.jar:7.10.2]
	at org.testng.TestNG.runSuites(TestNG.java:1112) [testng-7.10.2.jar:7.10.2]
	at org.testng.TestNG.run(TestNG.java:1079) [testng-7.10.2.jar:7.10.2]
	at org.apache.maven.surefire.testng.TestNGExecutor.run(TestNGExecutor.java:308) [surefire-testng-3.0.0.jar:3.0.0]
	at org.apache.maven.surefire.testng.TestNGXmlTestSuite.execute(TestNGXmlTestSuite.java:71) [surefire-testng-3.0.0.jar:3.0.0]
	at org.apache.maven.surefire.testng.TestNGProvider.invoke(TestNGProvider.java:113) [surefire-testng-3.0.0.jar:3.0.0]
	at org.apache.maven.surefire.booter.ForkedBooter.runSuitesInProcess(ForkedBooter.java:385) [surefire-booter-3.0.0.jar:3.0.0]
	at org.apache.maven.surefire.booter.ForkedBooter.execute(ForkedBooter.java:162) [surefire-booter-3.0.0.jar:3.0.0]
	at org.apache.maven.surefire.booter.ForkedBooter.run(ForkedBooter.java:507) [surefire-booter-3.0.0.jar:3.0.0]
	at org.apache.maven.surefire.booter.ForkedBooter.main(ForkedBooter.java:495) [surefire-booter-3.0.0.jar:3.0.0]
2025-03-26 13:27:27 [main] INFO  Logger - Deleted old screenshot for the failed test: screenshots/VerifyHomePageJoinButtonIsPresented.png
2025-03-26 13:27:27 [main] ERROR Logger - New screenshot saved at screenshots/VerifyHomePageJoinButtonIsPresented.png
2025-03-26 13:27:27 [main] INFO  Logger - Deleted old log file: logs/VerifyHomePageJoinButtonIsPresented.log
2025-03-26 13:27:27 [main] ERROR Logger - Logs saved at logs/VerifyHomePageJoinButtonIsPresented.log
2025-03-26 13:27:30 [main] INFO  Logger - Email sent upon test failure!
2025-03-26 13:39:56 [main] INFO  Utils - [TestNG] Running:
  /Users/niko/Library/Caches/JetBrains/IdeaIC2023.3/temp-testng-customsuite.xml

2025-03-26 14:21:54 [main] INFO  Utils - [TestNG] Running:
  /Users/niko/Library/Caches/JetBrains/IdeaIC2023.3/temp-testng-customsuite.xml

2025-03-26 14:23:07 [main] INFO  Utils - [TestNG] Running:
  /Users/niko/Library/Caches/JetBrains/IdeaIC2023.3/temp-testng-customsuite.xml

2025-03-26 16:49:33 [main] INFO  Utils - [TestNG] Running:
  /Users/niko/Library/Caches/JetBrains/IdeaIC2023.3/temp-testng-customsuite.xml

2025-03-26 16:49:36 [main] ERROR Logger - Test failed: "VerifyHomePageJoinButtonIsPresented"
2025-03-26 16:49:36 [main] ERROR Logger - Result of the failed test can be found below!
java.lang.AssertionError: expected [false] but found [true]
	at org.testng.Assert.fail(Assert.java:111) ~[testng-7.10.2.jar:7.10.2]
	at org.testng.Assert.failNotEquals(Assert.java:1578) ~[testng-7.10.2.jar:7.10.2]
	at org.testng.Assert.assertFalse(Assert.java:79) ~[testng-7.10.2.jar:7.10.2]
	at org.testng.Assert.assertFalse(Assert.java:89) ~[testng-7.10.2.jar:7.10.2]
	at Pages.HomePage.HomePageAssertions.assertIfJoinNowButtonIsAvailable(HomePageAssertions.java:23) ~[classes/:?]
	at HomePageTests.VerifyHomePageJoinButtonIsPresented(HomePageTests.java:28) ~[test-classes/:?]
	at jdk.internal.reflect.DirectMethodHandleAccessor.invoke(DirectMethodHandleAccessor.java:103) ~[?:?]
	at java.lang.reflect.Method.invoke(Method.java:580) ~[?:?]
	at org.testng.internal.invokers.MethodInvocationHelper.invokeMethod(MethodInvocationHelper.java:141) ~[testng-7.10.2.jar:7.10.2]
	at org.testng.internal.invokers.TestInvoker.invokeMethod(TestInvoker.java:686) ~[testng-7.10.2.jar:7.10.2]
	at org.testng.internal.invokers.TestInvoker.invokeTestMethod(TestInvoker.java:230) ~[testng-7.10.2.jar:7.10.2]
	at org.testng.internal.invokers.MethodRunner.runInSequence(MethodRunner.java:63) ~[testng-7.10.2.jar:7.10.2]
	at org.testng.internal.invokers.TestInvoker$MethodInvocationAgent.invoke(TestInvoker.java:992) ~[testng-7.10.2.jar:7.10.2]
	at org.testng.internal.invokers.TestInvoker.invokeTestMethods(TestInvoker.java:203) ~[testng-7.10.2.jar:7.10.2]
	at org.testng.internal.invokers.TestMethodWorker.invokeTestMethods(TestMethodWorker.java:154) ~[testng-7.10.2.jar:7.10.2]
	at org.testng.internal.invokers.TestMethodWorker.run(TestMethodWorker.java:134) ~[testng-7.10.2.jar:7.10.2]
	at java.util.ArrayList.forEach(ArrayList.java:1596) [?:?]
	at org.testng.TestRunner.privateRun(TestRunner.java:739) [testng-7.10.2.jar:7.10.2]
	at org.testng.TestRunner.run(TestRunner.java:614) [testng-7.10.2.jar:7.10.2]
	at org.testng.SuiteRunner.runTest(SuiteRunner.java:421) [testng-7.10.2.jar:7.10.2]
	at org.testng.SuiteRunner.runSequentially(SuiteRunner.java:413) [testng-7.10.2.jar:7.10.2]
	at org.testng.SuiteRunner.privateRun(SuiteRunner.java:373) [testng-7.10.2.jar:7.10.2]
	at org.testng.SuiteRunner.run(SuiteRunner.java:312) [testng-7.10.2.jar:7.10.2]
	at org.testng.SuiteRunnerWorker.runSuite(SuiteRunnerWorker.java:52) [testng-7.10.2.jar:7.10.2]
	at org.testng.SuiteRunnerWorker.run(SuiteRunnerWorker.java:95) [testng-7.10.2.jar:7.10.2]
	at org.testng.TestNG.runSuitesSequentially(TestNG.java:1274) [testng-7.10.2.jar:7.10.2]
	at org.testng.TestNG.runSuitesLocally(TestNG.java:1208) [testng-7.10.2.jar:7.10.2]
	at org.testng.TestNG.runSuites(TestNG.java:1112) [testng-7.10.2.jar:7.10.2]
	at org.testng.TestNG.run(TestNG.java:1079) [testng-7.10.2.jar:7.10.2]
	at com.intellij.rt.testng.IDEARemoteTestNG.run(IDEARemoteTestNG.java:65) [testng-rt.jar:?]
	at com.intellij.rt.testng.RemoteTestNGStarter.main(RemoteTestNGStarter.java:105) [testng-rt.jar:?]
2025-03-26 16:49:36 [main] INFO  Logger - Deleted old screenshot for the failed test: screenshots/VerifyHomePageJoinButtonIsPresented.png
2025-03-26 16:49:36 [main] ERROR Logger - New screenshot saved at screenshots/VerifyHomePageJoinButtonIsPresented.png
2025-03-26 16:49:36 [main] INFO  Logger - Deleted old log file: logs/VerifyHomePageJoinButtonIsPresented.log
2025-03-26 16:49:36 [main] ERROR Logger - Logs saved at logs/VerifyHomePageJoinButtonIsPresented.log
2025-03-26 16:49:39 [main] INFO  Logger - Email sent upon test failure!
2025-03-26 16:50:06 [main] INFO  Logger - Test "VerifyHomePageJoinButtonIsPresented" failed! Retrying the test! Attempt 1 !
2025-03-26 16:50:07 [main] INFO  Logger - Test "VerifyHomePageJoinButtonIsPresented" failed! Retrying the test! Attempt 2 !
2025-03-26 16:50:07 [main] ERROR Logger - Test failed: "VerifyHomePageJoinButtonIsPresented"
2025-03-26 16:50:07 [main] ERROR Logger - Result of the failed test can be found below!
java.lang.AssertionError: expected [false] but found [true]
	at org.testng.Assert.fail(Assert.java:111) ~[testng-7.10.2.jar:7.10.2]
	at org.testng.Assert.failNotEquals(Assert.java:1578) ~[testng-7.10.2.jar:7.10.2]
	at org.testng.Assert.assertFalse(Assert.java:79) ~[testng-7.10.2.jar:7.10.2]
	at org.testng.Assert.assertFalse(Assert.java:89) ~[testng-7.10.2.jar:7.10.2]
	at Pages.HomePage.HomePageAssertions.assertIfJoinNowButtonIsAvailable(HomePageAssertions.java:23) ~[classes/:?]
	at HomePageTests.VerifyHomePageJoinButtonIsPresented(HomePageTests.java:28) ~[test-classes/:?]
	at jdk.internal.reflect.DirectMethodHandleAccessor.invoke(DirectMethodHandleAccessor.java:103) ~[?:?]
	at java.lang.reflect.Method.invoke(Method.java:580) ~[?:?]
	at org.testng.internal.invokers.MethodInvocationHelper.invokeMethod(MethodInvocationHelper.java:141) ~[testng-7.10.2.jar:7.10.2]
	at org.testng.internal.invokers.TestInvoker.invokeMethod(TestInvoker.java:686) ~[testng-7.10.2.jar:7.10.2]
	at org.testng.internal.invokers.TestInvoker.retryFailed(TestInvoker.java:269) ~[testng-7.10.2.jar:7.10.2]
	at org.testng.internal.invokers.MethodRunner.runInSequence(MethodRunner.java:76) ~[testng-7.10.2.jar:7.10.2]
	at org.testng.internal.invokers.TestInvoker$MethodInvocationAgent.invoke(TestInvoker.java:992) ~[testng-7.10.2.jar:7.10.2]
	at org.testng.internal.invokers.TestInvoker.invokeTestMethods(TestInvoker.java:203) ~[testng-7.10.2.jar:7.10.2]
	at org.testng.internal.invokers.TestMethodWorker.invokeTestMethods(TestMethodWorker.java:154) ~[testng-7.10.2.jar:7.10.2]
	at org.testng.internal.invokers.TestMethodWorker.run(TestMethodWorker.java:134) ~[testng-7.10.2.jar:7.10.2]
	at java.util.ArrayList.forEach(ArrayList.java:1597) [?:?]
	at org.testng.TestRunner.privateRun(TestRunner.java:739) [testng-7.10.2.jar:7.10.2]
	at org.testng.TestRunner.run(TestRunner.java:614) [testng-7.10.2.jar:7.10.2]
	at org.testng.SuiteRunner.runTest(SuiteRunner.java:421) [testng-7.10.2.jar:7.10.2]
	at org.testng.SuiteRunner.runSequentially(SuiteRunner.java:413) [testng-7.10.2.jar:7.10.2]
	at org.testng.SuiteRunner.privateRun(SuiteRunner.java:373) [testng-7.10.2.jar:7.10.2]
	at org.testng.SuiteRunner.run(SuiteRunner.java:312) [testng-7.10.2.jar:7.10.2]
	at org.testng.SuiteRunnerWorker.runSuite(SuiteRunnerWorker.java:52) [testng-7.10.2.jar:7.10.2]
	at org.testng.SuiteRunnerWorker.run(SuiteRunnerWorker.java:95) [testng-7.10.2.jar:7.10.2]
	at org.testng.TestNG.runSuitesSequentially(TestNG.java:1274) [testng-7.10.2.jar:7.10.2]
	at org.testng.TestNG.runSuitesLocally(TestNG.java:1208) [testng-7.10.2.jar:7.10.2]
	at org.testng.TestNG.runSuites(TestNG.java:1112) [testng-7.10.2.jar:7.10.2]
	at org.testng.TestNG.run(TestNG.java:1079) [testng-7.10.2.jar:7.10.2]
	at org.apache.maven.surefire.testng.TestNGExecutor.run(TestNGExecutor.java:308) [surefire-testng-3.0.0.jar:3.0.0]
	at org.apache.maven.surefire.testng.TestNGXmlTestSuite.execute(TestNGXmlTestSuite.java:71) [surefire-testng-3.0.0.jar:3.0.0]
	at org.apache.maven.surefire.testng.TestNGProvider.invoke(TestNGProvider.java:113) [surefire-testng-3.0.0.jar:3.0.0]
	at org.apache.maven.surefire.booter.ForkedBooter.runSuitesInProcess(ForkedBooter.java:385) [surefire-booter-3.0.0.jar:3.0.0]
	at org.apache.maven.surefire.booter.ForkedBooter.execute(ForkedBooter.java:162) [surefire-booter-3.0.0.jar:3.0.0]
	at org.apache.maven.surefire.booter.ForkedBooter.run(ForkedBooter.java:507) [surefire-booter-3.0.0.jar:3.0.0]
	at org.apache.maven.surefire.booter.ForkedBooter.main(ForkedBooter.java:495) [surefire-booter-3.0.0.jar:3.0.0]
2025-03-26 16:50:07 [main] INFO  Logger - Deleted old screenshot for the failed test: screenshots/VerifyHomePageJoinButtonIsPresented.png
2025-03-26 16:50:08 [main] ERROR Logger - New screenshot saved at screenshots/VerifyHomePageJoinButtonIsPresented.png
2025-03-26 16:50:08 [main] INFO  Logger - Deleted old log file: logs/VerifyHomePageJoinButtonIsPresented.log
2025-03-26 16:50:08 [main] ERROR Logger - Logs saved at logs/VerifyHomePageJoinButtonIsPresented.log
2025-03-26 16:50:10 [main] INFO  Logger - Email sent upon test failure!
2025-04-17 06:22:49 [main] INFO  Logger - Test "VerifyHomePageJoinButtonIsPresented" failed! Retrying the test! Attempt 1 !
2025-04-17 06:22:49 [main] INFO  Logger - Test "VerifyHomePageJoinButtonIsPresented" failed! Retrying the test! Attempt 2 !
2025-04-17 06:22:49 [main] ERROR Logger - Test failed: "VerifyHomePageJoinButtonIsPresented"
2025-04-17 06:22:49 [main] ERROR Logger - Result of the failed test can be found below!
java.lang.AssertionError: expected [false] but found [true]
	at org.testng.Assert.fail(Assert.java:111) ~[testng-7.10.2.jar:7.10.2]
	at org.testng.Assert.failNotEquals(Assert.java:1578) ~[testng-7.10.2.jar:7.10.2]
	at org.testng.Assert.assertFalse(Assert.java:79) ~[testng-7.10.2.jar:7.10.2]
	at org.testng.Assert.assertFalse(Assert.java:89) ~[testng-7.10.2.jar:7.10.2]
	at Pages.HomePage.HomePageAssertions.assertIfJoinNowButtonIsAvailable(HomePageAssertions.java:23) ~[classes/:?]
	at HomePageTests.VerifyHomePageJoinButtonIsPresented(HomePageTests.java:28) ~[test-classes/:?]
	at jdk.internal.reflect.DirectMethodHandleAccessor.invoke(DirectMethodHandleAccessor.java:103) ~[?:?]
	at java.lang.reflect.Method.invoke(Method.java:580) ~[?:?]
	at org.testng.internal.invokers.MethodInvocationHelper.invokeMethod(MethodInvocationHelper.java:141) ~[testng-7.10.2.jar:7.10.2]
	at org.testng.internal.invokers.TestInvoker.invokeMethod(TestInvoker.java:686) ~[testng-7.10.2.jar:7.10.2]
	at org.testng.internal.invokers.TestInvoker.retryFailed(TestInvoker.java:269) ~[testng-7.10.2.jar:7.10.2]
	at org.testng.internal.invokers.MethodRunner.runInSequence(MethodRunner.java:76) ~[testng-7.10.2.jar:7.10.2]
	at org.testng.internal.invokers.TestInvoker$MethodInvocationAgent.invoke(TestInvoker.java:992) ~[testng-7.10.2.jar:7.10.2]
	at org.testng.internal.invokers.TestInvoker.invokeTestMethods(TestInvoker.java:203) ~[testng-7.10.2.jar:7.10.2]
	at org.testng.internal.invokers.TestMethodWorker.invokeTestMethods(TestMethodWorker.java:154) ~[testng-7.10.2.jar:7.10.2]
	at org.testng.internal.invokers.TestMethodWorker.run(TestMethodWorker.java:134) ~[testng-7.10.2.jar:7.10.2]
	at java.util.ArrayList.forEach(ArrayList.java:1597) [?:?]
	at org.testng.TestRunner.privateRun(TestRunner.java:739) [testng-7.10.2.jar:7.10.2]
	at org.testng.TestRunner.run(TestRunner.java:614) [testng-7.10.2.jar:7.10.2]
	at org.testng.SuiteRunner.runTest(SuiteRunner.java:421) [testng-7.10.2.jar:7.10.2]
	at org.testng.SuiteRunner.runSequentially(SuiteRunner.java:413) [testng-7.10.2.jar:7.10.2]
	at org.testng.SuiteRunner.privateRun(SuiteRunner.java:373) [testng-7.10.2.jar:7.10.2]
	at org.testng.SuiteRunner.run(SuiteRunner.java:312) [testng-7.10.2.jar:7.10.2]
	at org.testng.SuiteRunnerWorker.runSuite(SuiteRunnerWorker.java:52) [testng-7.10.2.jar:7.10.2]
	at org.testng.SuiteRunnerWorker.run(SuiteRunnerWorker.java:95) [testng-7.10.2.jar:7.10.2]
	at org.testng.TestNG.runSuitesSequentially(TestNG.java:1274) [testng-7.10.2.jar:7.10.2]
	at org.testng.TestNG.runSuitesLocally(TestNG.java:1208) [testng-7.10.2.jar:7.10.2]
	at org.testng.TestNG.runSuites(TestNG.java:1112) [testng-7.10.2.jar:7.10.2]
	at org.testng.TestNG.run(TestNG.java:1079) [testng-7.10.2.jar:7.10.2]
	at org.apache.maven.surefire.testng.TestNGExecutor.run(TestNGExecutor.java:308) [surefire-testng-3.0.0.jar:3.0.0]
	at org.apache.maven.surefire.testng.TestNGXmlTestSuite.execute(TestNGXmlTestSuite.java:71) [surefire-testng-3.0.0.jar:3.0.0]
	at org.apache.maven.surefire.testng.TestNGProvider.invoke(TestNGProvider.java:113) [surefire-testng-3.0.0.jar:3.0.0]
	at org.apache.maven.surefire.booter.ForkedBooter.runSuitesInProcess(ForkedBooter.java:385) [surefire-booter-3.0.0.jar:3.0.0]
	at org.apache.maven.surefire.booter.ForkedBooter.execute(ForkedBooter.java:162) [surefire-booter-3.0.0.jar:3.0.0]
	at org.apache.maven.surefire.booter.ForkedBooter.run(ForkedBooter.java:507) [surefire-booter-3.0.0.jar:3.0.0]
	at org.apache.maven.surefire.booter.ForkedBooter.main(ForkedBooter.java:495) [surefire-booter-3.0.0.jar:3.0.0]
2025-04-17 06:22:49 [main] INFO  Logger - Deleted old screenshot for the failed test: screenshots/VerifyHomePageJoinButtonIsPresented.png
2025-04-17 06:22:49 [main] ERROR Logger - New screenshot saved at screenshots/VerifyHomePageJoinButtonIsPresented.png
2025-04-17 06:22:49 [main] INFO  Logger - Deleted old log file: logs/VerifyHomePageJoinButtonIsPresented.log
2025-04-17 06:22:49 [main] ERROR Logger - Logs saved at logs/VerifyHomePageJoinButtonIsPresented.log
2025-04-17 06:22:52 [main] INFO  Logger - Email sent upon test failure!
2025-04-17 06:53:04 [main] INFO  Logger - Test "VerifyHomePageJoinButtonIsPresented" failed! Retrying the test! Attempt 1 !
2025-04-17 06:53:04 [main] INFO  Logger - Test "VerifyHomePageJoinButtonIsPresented" failed! Retrying the test! Attempt 2 !
2025-04-17 06:53:05 [main] ERROR Logger - Test failed: "VerifyHomePageJoinButtonIsPresented"
2025-04-17 06:53:05 [main] ERROR Logger - Result of the failed test can be found below!
java.lang.AssertionError: expected [false] but found [true]
	at org.testng.Assert.fail(Assert.java:111) ~[testng-7.10.2.jar:7.10.2]
	at org.testng.Assert.failNotEquals(Assert.java:1578) ~[testng-7.10.2.jar:7.10.2]
	at org.testng.Assert.assertFalse(Assert.java:79) ~[testng-7.10.2.jar:7.10.2]
	at org.testng.Assert.assertFalse(Assert.java:89) ~[testng-7.10.2.jar:7.10.2]
	at Pages.HomePage.HomePageAssertions.assertIfJoinNowButtonIsAvailable(HomePageAssertions.java:23) ~[classes/:?]
	at HomePageTests.VerifyHomePageJoinButtonIsPresented(HomePageTests.java:28) ~[test-classes/:?]
	at jdk.internal.reflect.DirectMethodHandleAccessor.invoke(DirectMethodHandleAccessor.java:103) ~[?:?]
	at java.lang.reflect.Method.invoke(Method.java:580) ~[?:?]
	at org.testng.internal.invokers.MethodInvocationHelper.invokeMethod(MethodInvocationHelper.java:141) ~[testng-7.10.2.jar:7.10.2]
	at org.testng.internal.invokers.TestInvoker.invokeMethod(TestInvoker.java:686) ~[testng-7.10.2.jar:7.10.2]
	at org.testng.internal.invokers.TestInvoker.retryFailed(TestInvoker.java:269) ~[testng-7.10.2.jar:7.10.2]
	at org.testng.internal.invokers.MethodRunner.runInSequence(MethodRunner.java:76) ~[testng-7.10.2.jar:7.10.2]
	at org.testng.internal.invokers.TestInvoker$MethodInvocationAgent.invoke(TestInvoker.java:992) ~[testng-7.10.2.jar:7.10.2]
	at org.testng.internal.invokers.TestInvoker.invokeTestMethods(TestInvoker.java:203) ~[testng-7.10.2.jar:7.10.2]
	at org.testng.internal.invokers.TestMethodWorker.invokeTestMethods(TestMethodWorker.java:154) ~[testng-7.10.2.jar:7.10.2]
	at org.testng.internal.invokers.TestMethodWorker.run(TestMethodWorker.java:134) ~[testng-7.10.2.jar:7.10.2]
	at java.util.ArrayList.forEach(ArrayList.java:1597) [?:?]
	at org.testng.TestRunner.privateRun(TestRunner.java:739) [testng-7.10.2.jar:7.10.2]
	at org.testng.TestRunner.run(TestRunner.java:614) [testng-7.10.2.jar:7.10.2]
	at org.testng.SuiteRunner.runTest(SuiteRunner.java:421) [testng-7.10.2.jar:7.10.2]
	at org.testng.SuiteRunner.runSequentially(SuiteRunner.java:413) [testng-7.10.2.jar:7.10.2]
	at org.testng.SuiteRunner.privateRun(SuiteRunner.java:373) [testng-7.10.2.jar:7.10.2]
	at org.testng.SuiteRunner.run(SuiteRunner.java:312) [testng-7.10.2.jar:7.10.2]
	at org.testng.SuiteRunnerWorker.runSuite(SuiteRunnerWorker.java:52) [testng-7.10.2.jar:7.10.2]
	at org.testng.SuiteRunnerWorker.run(SuiteRunnerWorker.java:95) [testng-7.10.2.jar:7.10.2]
	at org.testng.TestNG.runSuitesSequentially(TestNG.java:1274) [testng-7.10.2.jar:7.10.2]
	at org.testng.TestNG.runSuitesLocally(TestNG.java:1208) [testng-7.10.2.jar:7.10.2]
	at org.testng.TestNG.runSuites(TestNG.java:1112) [testng-7.10.2.jar:7.10.2]
	at org.testng.TestNG.run(TestNG.java:1079) [testng-7.10.2.jar:7.10.2]
	at org.apache.maven.surefire.testng.TestNGExecutor.run(TestNGExecutor.java:308) [surefire-testng-3.0.0.jar:3.0.0]
	at org.apache.maven.surefire.testng.TestNGXmlTestSuite.execute(TestNGXmlTestSuite.java:71) [surefire-testng-3.0.0.jar:3.0.0]
	at org.apache.maven.surefire.testng.TestNGProvider.invoke(TestNGProvider.java:113) [surefire-testng-3.0.0.jar:3.0.0]
	at org.apache.maven.surefire.booter.ForkedBooter.runSuitesInProcess(ForkedBooter.java:385) [surefire-booter-3.0.0.jar:3.0.0]
	at org.apache.maven.surefire.booter.ForkedBooter.execute(ForkedBooter.java:162) [surefire-booter-3.0.0.jar:3.0.0]
	at org.apache.maven.surefire.booter.ForkedBooter.run(ForkedBooter.java:507) [surefire-booter-3.0.0.jar:3.0.0]
	at org.apache.maven.surefire.booter.ForkedBooter.main(ForkedBooter.java:495) [surefire-booter-3.0.0.jar:3.0.0]
2025-04-17 06:53:05 [main] INFO  Logger - Deleted old screenshot for the failed test: screenshots/VerifyHomePageJoinButtonIsPresented.png
2025-04-17 06:53:05 [main] ERROR Logger - New screenshot saved at screenshots/VerifyHomePageJoinButtonIsPresented.png
2025-04-17 06:53:05 [main] INFO  Logger - Deleted old log file: logs/VerifyHomePageJoinButtonIsPresented.log
2025-04-17 06:53:05 [main] ERROR Logger - Logs saved at logs/VerifyHomePageJoinButtonIsPresented.log
2025-04-17 06:53:07 [main] INFO  Logger - Email sent upon test failure!
2025-04-17 07:29:23 [main] INFO  Logger - Test "VerifyHomePageJoinButtonIsPresented" failed! Retrying the test! Attempt 1 !
2025-04-17 07:29:24 [main] INFO  Logger - Test "VerifyHomePageJoinButtonIsPresented" failed! Retrying the test! Attempt 2 !
2025-04-17 07:29:24 [main] ERROR Logger - Test failed: "VerifyHomePageJoinButtonIsPresented"
2025-04-17 07:29:24 [main] ERROR Logger - Result of the failed test can be found below!
java.lang.AssertionError: expected [false] but found [true]
	at org.testng.Assert.fail(Assert.java:111) ~[testng-7.10.2.jar:7.10.2]
	at org.testng.Assert.failNotEquals(Assert.java:1578) ~[testng-7.10.2.jar:7.10.2]
	at org.testng.Assert.assertFalse(Assert.java:79) ~[testng-7.10.2.jar:7.10.2]
	at org.testng.Assert.assertFalse(Assert.java:89) ~[testng-7.10.2.jar:7.10.2]
	at Pages.HomePage.HomePageAssertions.assertIfJoinNowButtonIsAvailable(HomePageAssertions.java:23) ~[classes/:?]
	at HomePageTests.VerifyHomePageJoinButtonIsPresented(HomePageTests.java:28) ~[test-classes/:?]
	at jdk.internal.reflect.DirectMethodHandleAccessor.invoke(DirectMethodHandleAccessor.java:103) ~[?:?]
	at java.lang.reflect.Method.invoke(Method.java:580) ~[?:?]
	at org.testng.internal.invokers.MethodInvocationHelper.invokeMethod(MethodInvocationHelper.java:141) ~[testng-7.10.2.jar:7.10.2]
	at org.testng.internal.invokers.TestInvoker.invokeMethod(TestInvoker.java:686) ~[testng-7.10.2.jar:7.10.2]
	at org.testng.internal.invokers.TestInvoker.retryFailed(TestInvoker.java:269) ~[testng-7.10.2.jar:7.10.2]
	at org.testng.internal.invokers.MethodRunner.runInSequence(MethodRunner.java:76) ~[testng-7.10.2.jar:7.10.2]
	at org.testng.internal.invokers.TestInvoker$MethodInvocationAgent.invoke(TestInvoker.java:992) ~[testng-7.10.2.jar:7.10.2]
	at org.testng.internal.invokers.TestInvoker.invokeTestMethods(TestInvoker.java:203) ~[testng-7.10.2.jar:7.10.2]
	at org.testng.internal.invokers.TestMethodWorker.invokeTestMethods(TestMethodWorker.java:154) ~[testng-7.10.2.jar:7.10.2]
	at org.testng.internal.invokers.TestMethodWorker.run(TestMethodWorker.java:134) ~[testng-7.10.2.jar:7.10.2]
	at java.util.ArrayList.forEach(ArrayList.java:1597) [?:?]
	at org.testng.TestRunner.privateRun(TestRunner.java:739) [testng-7.10.2.jar:7.10.2]
	at org.testng.TestRunner.run(TestRunner.java:614) [testng-7.10.2.jar:7.10.2]
	at org.testng.SuiteRunner.runTest(SuiteRunner.java:421) [testng-7.10.2.jar:7.10.2]
	at org.testng.SuiteRunner.runSequentially(SuiteRunner.java:413) [testng-7.10.2.jar:7.10.2]
	at org.testng.SuiteRunner.privateRun(SuiteRunner.java:373) [testng-7.10.2.jar:7.10.2]
	at org.testng.SuiteRunner.run(SuiteRunner.java:312) [testng-7.10.2.jar:7.10.2]
	at org.testng.SuiteRunnerWorker.runSuite(SuiteRunnerWorker.java:52) [testng-7.10.2.jar:7.10.2]
	at org.testng.SuiteRunnerWorker.run(SuiteRunnerWorker.java:95) [testng-7.10.2.jar:7.10.2]
	at org.testng.TestNG.runSuitesSequentially(TestNG.java:1274) [testng-7.10.2.jar:7.10.2]
	at org.testng.TestNG.runSuitesLocally(TestNG.java:1208) [testng-7.10.2.jar:7.10.2]
	at org.testng.TestNG.runSuites(TestNG.java:1112) [testng-7.10.2.jar:7.10.2]
	at org.testng.TestNG.run(TestNG.java:1079) [testng-7.10.2.jar:7.10.2]
	at org.apache.maven.surefire.testng.TestNGExecutor.run(TestNGExecutor.java:308) [surefire-testng-3.0.0.jar:3.0.0]
	at org.apache.maven.surefire.testng.TestNGXmlTestSuite.execute(TestNGXmlTestSuite.java:71) [surefire-testng-3.0.0.jar:3.0.0]
	at org.apache.maven.surefire.testng.TestNGProvider.invoke(TestNGProvider.java:113) [surefire-testng-3.0.0.jar:3.0.0]
	at org.apache.maven.surefire.booter.ForkedBooter.runSuitesInProcess(ForkedBooter.java:385) [surefire-booter-3.0.0.jar:3.0.0]
	at org.apache.maven.surefire.booter.ForkedBooter.execute(ForkedBooter.java:162) [surefire-booter-3.0.0.jar:3.0.0]
	at org.apache.maven.surefire.booter.ForkedBooter.run(ForkedBooter.java:507) [surefire-booter-3.0.0.jar:3.0.0]
	at org.apache.maven.surefire.booter.ForkedBooter.main(ForkedBooter.java:495) [surefire-booter-3.0.0.jar:3.0.0]
2025-04-17 07:29:24 [main] INFO  Logger - Deleted old screenshot for the failed test: screenshots/VerifyHomePageJoinButtonIsPresented.png
2025-04-17 07:29:24 [main] ERROR Logger - New screenshot saved at screenshots/VerifyHomePageJoinButtonIsPresented.png
2025-04-17 07:29:24 [main] INFO  Logger - Deleted old log file: logs/VerifyHomePageJoinButtonIsPresented.log
2025-04-17 07:29:24 [main] ERROR Logger - Logs saved at logs/VerifyHomePageJoinButtonIsPresented.log
2025-04-17 07:29:26 [main] INFO  Logger - Email sent upon test failure!
2025-07-25 15:20:19 [main] INFO  Logger - Test "VerifyHomePageJoinButtonIsPresented" failed! Retrying the test! Attempt 1 !
2025-07-25 15:20:20 [main] INFO  Logger - Test "VerifyHomePageJoinButtonIsPresented" failed! Retrying the test! Attempt 2 !
2025-07-25 15:20:20 [main] ERROR Logger - Test failed: "VerifyHomePageJoinButtonIsPresented"
2025-07-25 15:20:20 [main] ERROR Logger - Result of the failed test can be found below!
java.lang.AssertionError: expected [false] but found [true]
	at org.testng.Assert.fail(Assert.java:111) ~[testng-7.10.2.jar:7.10.2]
	at org.testng.Assert.failNotEquals(Assert.java:1578) ~[testng-7.10.2.jar:7.10.2]
	at org.testng.Assert.assertFalse(Assert.java:79) ~[testng-7.10.2.jar:7.10.2]
	at org.testng.Assert.assertFalse(Assert.java:89) ~[testng-7.10.2.jar:7.10.2]
	at Pages.HomePage.HomePageAssertions.assertIfJoinNowButtonIsAvailable(HomePageAssertions.java:23) ~[classes/:?]
	at HomePageTests.VerifyHomePageJoinButtonIsPresented(HomePageTests.java:28) ~[test-classes/:?]
	at jdk.internal.reflect.DirectMethodHandleAccessor.invoke(DirectMethodHandleAccessor.java:103) ~[?:?]
	at java.lang.reflect.Method.invoke(Method.java:580) ~[?:?]
	at org.testng.internal.invokers.MethodInvocationHelper.invokeMethod(MethodInvocationHelper.java:141) ~[testng-7.10.2.jar:7.10.2]
	at org.testng.internal.invokers.TestInvoker.invokeMethod(TestInvoker.java:686) ~[testng-7.10.2.jar:7.10.2]
	at org.testng.internal.invokers.TestInvoker.retryFailed(TestInvoker.java:269) ~[testng-7.10.2.jar:7.10.2]
	at org.testng.internal.invokers.MethodRunner.runInSequence(MethodRunner.java:76) ~[testng-7.10.2.jar:7.10.2]
	at org.testng.internal.invokers.TestInvoker$MethodInvocationAgent.invoke(TestInvoker.java:992) ~[testng-7.10.2.jar:7.10.2]
	at org.testng.internal.invokers.TestInvoker.invokeTestMethods(TestInvoker.java:203) ~[testng-7.10.2.jar:7.10.2]
	at org.testng.internal.invokers.TestMethodWorker.invokeTestMethods(TestMethodWorker.java:154) ~[testng-7.10.2.jar:7.10.2]
	at org.testng.internal.invokers.TestMethodWorker.run(TestMethodWorker.java:134) ~[testng-7.10.2.jar:7.10.2]
	at java.util.ArrayList.forEach(ArrayList.java:1597) [?:?]
	at org.testng.TestRunner.privateRun(TestRunner.java:739) [testng-7.10.2.jar:7.10.2]
	at org.testng.TestRunner.run(TestRunner.java:614) [testng-7.10.2.jar:7.10.2]
	at org.testng.SuiteRunner.runTest(SuiteRunner.java:421) [testng-7.10.2.jar:7.10.2]
	at org.testng.SuiteRunner.runSequentially(SuiteRunner.java:413) [testng-7.10.2.jar:7.10.2]
	at org.testng.SuiteRunner.privateRun(SuiteRunner.java:373) [testng-7.10.2.jar:7.10.2]
	at org.testng.SuiteRunner.run(SuiteRunner.java:312) [testng-7.10.2.jar:7.10.2]
	at org.testng.SuiteRunnerWorker.runSuite(SuiteRunnerWorker.java:52) [testng-7.10.2.jar:7.10.2]
	at org.testng.SuiteRunnerWorker.run(SuiteRunnerWorker.java:95) [testng-7.10.2.jar:7.10.2]
	at org.testng.TestNG.runSuitesSequentially(TestNG.java:1274) [testng-7.10.2.jar:7.10.2]
	at org.testng.TestNG.runSuitesLocally(TestNG.java:1208) [testng-7.10.2.jar:7.10.2]
	at org.testng.TestNG.runSuites(TestNG.java:1112) [testng-7.10.2.jar:7.10.2]
	at org.testng.TestNG.run(TestNG.java:1079) [testng-7.10.2.jar:7.10.2]
	at org.apache.maven.surefire.testng.TestNGExecutor.run(TestNGExecutor.java:308) [surefire-testng-3.0.0.jar:3.0.0]
	at org.apache.maven.surefire.testng.TestNGXmlTestSuite.execute(TestNGXmlTestSuite.java:71) [surefire-testng-3.0.0.jar:3.0.0]
	at org.apache.maven.surefire.testng.TestNGProvider.invoke(TestNGProvider.java:113) [surefire-testng-3.0.0.jar:3.0.0]
	at org.apache.maven.surefire.booter.ForkedBooter.runSuitesInProcess(ForkedBooter.java:385) [surefire-booter-3.0.0.jar:3.0.0]
	at org.apache.maven.surefire.booter.ForkedBooter.execute(ForkedBooter.java:162) [surefire-booter-3.0.0.jar:3.0.0]
	at org.apache.maven.surefire.booter.ForkedBooter.run(ForkedBooter.java:507) [surefire-booter-3.0.0.jar:3.0.0]
	at org.apache.maven.surefire.booter.ForkedBooter.main(ForkedBooter.java:495) [surefire-booter-3.0.0.jar:3.0.0]
2025-07-25 15:20:20 [main] INFO  Logger - Deleted old screenshot for the failed test: screenshots/VerifyHomePageJoinButtonIsPresented.png
2025-07-25 15:20:20 [main] ERROR Logger - New screenshot saved at screenshots/VerifyHomePageJoinButtonIsPresented.png
2025-07-25 15:20:20 [main] INFO  Logger - Deleted old log file: logs/VerifyHomePageJoinButtonIsPresented.log
2025-07-25 15:20:20 [main] ERROR Logger - Logs saved at logs/VerifyHomePageJoinButtonIsPresented.log
2025-07-25 15:20:23 [main] INFO  Logger - Email sent upon test failure!
2025-07-25 15:26:07 [main] INFO  Logger - Test "VerifyHomePageJoinButtonIsPresented" failed! Retrying the test! Attempt 1 !
2025-07-25 15:26:07 [main] INFO  Logger - Test "VerifyHomePageJoinButtonIsPresented" failed! Retrying the test! Attempt 2 !
2025-07-25 15:26:08 [main] ERROR Logger - Test failed: "VerifyHomePageJoinButtonIsPresented"
2025-07-25 15:26:08 [main] ERROR Logger - Result of the failed test can be found below!
java.lang.AssertionError: expected [false] but found [true]
	at org.testng.Assert.fail(Assert.java:111) ~[testng-7.10.2.jar:7.10.2]
	at org.testng.Assert.failNotEquals(Assert.java:1578) ~[testng-7.10.2.jar:7.10.2]
	at org.testng.Assert.assertFalse(Assert.java:79) ~[testng-7.10.2.jar:7.10.2]
	at org.testng.Assert.assertFalse(Assert.java:89) ~[testng-7.10.2.jar:7.10.2]
	at Pages.HomePage.HomePageAssertions.assertIfJoinNowButtonIsAvailable(HomePageAssertions.java:23) ~[classes/:?]
	at HomePageTests.VerifyHomePageJoinButtonIsPresented(HomePageTests.java:28) ~[test-classes/:?]
	at jdk.internal.reflect.DirectMethodHandleAccessor.invoke(DirectMethodHandleAccessor.java:103) ~[?:?]
	at java.lang.reflect.Method.invoke(Method.java:580) ~[?:?]
	at org.testng.internal.invokers.MethodInvocationHelper.invokeMethod(MethodInvocationHelper.java:141) ~[testng-7.10.2.jar:7.10.2]
	at org.testng.internal.invokers.TestInvoker.invokeMethod(TestInvoker.java:686) ~[testng-7.10.2.jar:7.10.2]
	at org.testng.internal.invokers.TestInvoker.retryFailed(TestInvoker.java:269) ~[testng-7.10.2.jar:7.10.2]
	at org.testng.internal.invokers.MethodRunner.runInSequence(MethodRunner.java:76) ~[testng-7.10.2.jar:7.10.2]
	at org.testng.internal.invokers.TestInvoker$MethodInvocationAgent.invoke(TestInvoker.java:992) ~[testng-7.10.2.jar:7.10.2]
	at org.testng.internal.invokers.TestInvoker.invokeTestMethods(TestInvoker.java:203) ~[testng-7.10.2.jar:7.10.2]
	at org.testng.internal.invokers.TestMethodWorker.invokeTestMethods(TestMethodWorker.java:154) ~[testng-7.10.2.jar:7.10.2]
	at org.testng.internal.invokers.TestMethodWorker.run(TestMethodWorker.java:134) ~[testng-7.10.2.jar:7.10.2]
	at java.util.ArrayList.forEach(ArrayList.java:1597) [?:?]
	at org.testng.TestRunner.privateRun(TestRunner.java:739) [testng-7.10.2.jar:7.10.2]
	at org.testng.TestRunner.run(TestRunner.java:614) [testng-7.10.2.jar:7.10.2]
	at org.testng.SuiteRunner.runTest(SuiteRunner.java:421) [testng-7.10.2.jar:7.10.2]
	at org.testng.SuiteRunner.runSequentially(SuiteRunner.java:413) [testng-7.10.2.jar:7.10.2]
	at org.testng.SuiteRunner.privateRun(SuiteRunner.java:373) [testng-7.10.2.jar:7.10.2]
	at org.testng.SuiteRunner.run(SuiteRunner.java:312) [testng-7.10.2.jar:7.10.2]
	at org.testng.SuiteRunnerWorker.runSuite(SuiteRunnerWorker.java:52) [testng-7.10.2.jar:7.10.2]
	at org.testng.SuiteRunnerWorker.run(SuiteRunnerWorker.java:95) [testng-7.10.2.jar:7.10.2]
	at org.testng.TestNG.runSuitesSequentially(TestNG.java:1274) [testng-7.10.2.jar:7.10.2]
	at org.testng.TestNG.runSuitesLocally(TestNG.java:1208) [testng-7.10.2.jar:7.10.2]
	at org.testng.TestNG.runSuites(TestNG.java:1112) [testng-7.10.2.jar:7.10.2]
	at org.testng.TestNG.run(TestNG.java:1079) [testng-7.10.2.jar:7.10.2]
	at org.apache.maven.surefire.testng.TestNGExecutor.run(TestNGExecutor.java:308) [surefire-testng-3.0.0.jar:3.0.0]
	at org.apache.maven.surefire.testng.TestNGXmlTestSuite.execute(TestNGXmlTestSuite.java:71) [surefire-testng-3.0.0.jar:3.0.0]
	at org.apache.maven.surefire.testng.TestNGProvider.invoke(TestNGProvider.java:113) [surefire-testng-3.0.0.jar:3.0.0]
	at org.apache.maven.surefire.booter.ForkedBooter.runSuitesInProcess(ForkedBooter.java:385) [surefire-booter-3.0.0.jar:3.0.0]
	at org.apache.maven.surefire.booter.ForkedBooter.execute(ForkedBooter.java:162) [surefire-booter-3.0.0.jar:3.0.0]
	at org.apache.maven.surefire.booter.ForkedBooter.run(ForkedBooter.java:507) [surefire-booter-3.0.0.jar:3.0.0]
	at org.apache.maven.surefire.booter.ForkedBooter.main(ForkedBooter.java:495) [surefire-booter-3.0.0.jar:3.0.0]
2025-07-25 15:26:08 [main] INFO  Logger - Deleted old screenshot for the failed test: screenshots/VerifyHomePageJoinButtonIsPresented.png
2025-07-25 15:26:08 [main] ERROR Logger - New screenshot saved at screenshots/VerifyHomePageJoinButtonIsPresented.png
2025-07-25 15:26:08 [main] INFO  Logger - Deleted old log file: logs/VerifyHomePageJoinButtonIsPresented.log
2025-07-25 15:26:08 [main] ERROR Logger - Logs saved at logs/VerifyHomePageJoinButtonIsPresented.log
2025-07-25 15:26:10 [main] INFO  Logger - Email sent upon test failure!
2025-07-25 15:27:01 [main] INFO  Logger - Test "VerifyHomePageJoinButtonIsPresented" failed! Retrying the test! Attempt 1 !
2025-07-25 15:27:02 [main] INFO  Logger - Test "VerifyHomePageJoinButtonIsPresented" failed! Retrying the test! Attempt 2 !
2025-07-25 15:27:02 [main] ERROR Logger - Test failed: "VerifyHomePageJoinButtonIsPresented"
2025-07-25 15:27:02 [main] ERROR Logger - Result of the failed test can be found below!
java.lang.AssertionError: expected [false] but found [true]
	at org.testng.Assert.fail(Assert.java:111) ~[testng-7.10.2.jar:7.10.2]
	at org.testng.Assert.failNotEquals(Assert.java:1578) ~[testng-7.10.2.jar:7.10.2]
	at org.testng.Assert.assertFalse(Assert.java:79) ~[testng-7.10.2.jar:7.10.2]
	at org.testng.Assert.assertFalse(Assert.java:89) ~[testng-7.10.2.jar:7.10.2]
	at Pages.HomePage.HomePageAssertions.assertIfJoinNowButtonIsAvailable(HomePageAssertions.java:23) ~[classes/:?]
	at HomePageTests.VerifyHomePageJoinButtonIsPresented(HomePageTests.java:28) ~[test-classes/:?]
	at jdk.internal.reflect.DirectMethodHandleAccessor.invoke(DirectMethodHandleAccessor.java:103) ~[?:?]
	at java.lang.reflect.Method.invoke(Method.java:580) ~[?:?]
	at org.testng.internal.invokers.MethodInvocationHelper.invokeMethod(MethodInvocationHelper.java:141) ~[testng-7.10.2.jar:7.10.2]
	at org.testng.internal.invokers.TestInvoker.invokeMethod(TestInvoker.java:686) ~[testng-7.10.2.jar:7.10.2]
	at org.testng.internal.invokers.TestInvoker.retryFailed(TestInvoker.java:269) ~[testng-7.10.2.jar:7.10.2]
	at org.testng.internal.invokers.MethodRunner.runInSequence(MethodRunner.java:76) ~[testng-7.10.2.jar:7.10.2]
	at org.testng.internal.invokers.TestInvoker$MethodInvocationAgent.invoke(TestInvoker.java:992) ~[testng-7.10.2.jar:7.10.2]
	at org.testng.internal.invokers.TestInvoker.invokeTestMethods(TestInvoker.java:203) ~[testng-7.10.2.jar:7.10.2]
	at org.testng.internal.invokers.TestMethodWorker.invokeTestMethods(TestMethodWorker.java:154) ~[testng-7.10.2.jar:7.10.2]
	at org.testng.internal.invokers.TestMethodWorker.run(TestMethodWorker.java:134) ~[testng-7.10.2.jar:7.10.2]
	at java.util.ArrayList.forEach(ArrayList.java:1597) [?:?]
	at org.testng.TestRunner.privateRun(TestRunner.java:739) [testng-7.10.2.jar:7.10.2]
	at org.testng.TestRunner.run(TestRunner.java:614) [testng-7.10.2.jar:7.10.2]
	at org.testng.SuiteRunner.runTest(SuiteRunner.java:421) [testng-7.10.2.jar:7.10.2]
	at org.testng.SuiteRunner.runSequentially(SuiteRunner.java:413) [testng-7.10.2.jar:7.10.2]
	at org.testng.SuiteRunner.privateRun(SuiteRunner.java:373) [testng-7.10.2.jar:7.10.2]
	at org.testng.SuiteRunner.run(SuiteRunner.java:312) [testng-7.10.2.jar:7.10.2]
	at org.testng.SuiteRunnerWorker.runSuite(SuiteRunnerWorker.java:52) [testng-7.10.2.jar:7.10.2]
	at org.testng.SuiteRunnerWorker.run(SuiteRunnerWorker.java:95) [testng-7.10.2.jar:7.10.2]
	at org.testng.TestNG.runSuitesSequentially(TestNG.java:1274) [testng-7.10.2.jar:7.10.2]
	at org.testng.TestNG.runSuitesLocally(TestNG.java:1208) [testng-7.10.2.jar:7.10.2]
	at org.testng.TestNG.runSuites(TestNG.java:1112) [testng-7.10.2.jar:7.10.2]
	at org.testng.TestNG.run(TestNG.java:1079) [testng-7.10.2.jar:7.10.2]
	at org.apache.maven.surefire.testng.TestNGExecutor.run(TestNGExecutor.java:308) [surefire-testng-3.0.0.jar:3.0.0]
	at org.apache.maven.surefire.testng.TestNGXmlTestSuite.execute(TestNGXmlTestSuite.java:71) [surefire-testng-3.0.0.jar:3.0.0]
	at org.apache.maven.surefire.testng.TestNGProvider.invoke(TestNGProvider.java:113) [surefire-testng-3.0.0.jar:3.0.0]
	at org.apache.maven.surefire.booter.ForkedBooter.runSuitesInProcess(ForkedBooter.java:385) [surefire-booter-3.0.0.jar:3.0.0]
	at org.apache.maven.surefire.booter.ForkedBooter.execute(ForkedBooter.java:162) [surefire-booter-3.0.0.jar:3.0.0]
	at org.apache.maven.surefire.booter.ForkedBooter.run(ForkedBooter.java:507) [surefire-booter-3.0.0.jar:3.0.0]
	at org.apache.maven.surefire.booter.ForkedBooter.main(ForkedBooter.java:495) [surefire-booter-3.0.0.jar:3.0.0]
2025-07-25 15:27:02 [main] INFO  Logger - Deleted old screenshot for the failed test: screenshots/VerifyHomePageJoinButtonIsPresented.png
2025-07-25 15:27:02 [main] ERROR Logger - New screenshot saved at screenshots/VerifyHomePageJoinButtonIsPresented.png
2025-07-25 15:27:02 [main] INFO  Logger - Deleted old log file: logs/VerifyHomePageJoinButtonIsPresented.log
2025-07-25 15:27:02 [main] ERROR Logger - Logs saved at logs/VerifyHomePageJoinButtonIsPresented.log
2025-07-25 15:27:04 [main] INFO  Logger - Email sent upon test failure!
